14:46:38.775 [main] INFO  d.f.d.client.DoctrinClientFactory - Creating new client against 0.0.0.0:25568.
14:46:39.659 [main] INFO  d.f.doctrin.client.DoctrinClientImpl - A subscription on the channel test was scheduled.
14:46:39.670 [main] INFO  d.f.doctrin.client.DoctrinClientImpl - Unsubscribing from channel test.
14:46:39.671 [main] INFO  d.f.doctrin.client.DoctrinClientImpl - A subscription on the channel test was scheduled.
14:46:39.671 [main] INFO  d.f.doctrin.client.DoctrinClientImpl - Unsubscribing from channel test.
14:46:39.672 [main] INFO  d.f.doctrin.client.DoctrinClientImpl - Unsubscribed from channel test.
14:46:40.682 [main] INFO  d.f.doctrin.client.DoctrinClientImpl - A subscription on the channel test was scheduled.
14:46:40.682 [main] INFO  d.f.doctrin.client.DoctrinClientImpl - A subscription on the channel test was scheduled.
14:46:40.682 [main] INFO  d.f.doctrin.client.DoctrinClientImpl - Found existing subscription on channel test, restoring.
14:46:41.386 [main] INFO  d.f.d.client.net.NetworkClientImpl - It seems like there is no connection to the server. Storing message Mock for JSONObject, hashCode: 112797307 in sending queue.
14:46:41.387 [main] INFO  d.f.d.client.net.NetworkClientImpl - Connecting to 0.0.0.0:25569.
14:46:43.827 [main] INFO  d.f.d.client.DoctrinClientFactory - Creating new client against 0.0.0.0:25568.
14:46:44.747 [main] INFO  d.f.doctrin.client.DoctrinClientImpl - A subscription on the channel test was scheduled.
14:46:44.760 [main] INFO  d.f.doctrin.client.DoctrinClientImpl - Unsubscribing from channel test.
14:46:44.761 [main] INFO  d.f.doctrin.client.DoctrinClientImpl - A subscription on the channel test was scheduled.
14:46:44.762 [main] INFO  d.f.doctrin.client.DoctrinClientImpl - Unsubscribing from channel test.
14:46:44.762 [main] INFO  d.f.doctrin.client.DoctrinClientImpl - Unsubscribed from channel test.
14:46:45.763 [main] INFO  d.f.doctrin.client.DoctrinClientImpl - A subscription on the channel test was scheduled.
14:46:45.763 [main] INFO  d.f.doctrin.client.DoctrinClientImpl - A subscription on the channel test was scheduled.
14:46:46.480 [main] INFO  d.f.d.client.net.NetworkClientImpl - It seems like there is no connection to the server. Storing message Mock for JSONObject, hashCode: 1082865087 in sending queue.
14:46:46.483 [main] INFO  d.f.d.client.net.NetworkClientImpl - Connecting to 0.0.0.0:25569.
14:46:48.737 [main] INFO  d.f.d.client.DoctrinClientFactory - Creating new client against 0.0.0.0:25568.
14:46:49.755 [main] INFO  d.f.doctrin.client.DoctrinClientImpl - A subscription on the channel test was scheduled.
14:46:49.760 [main] INFO  d.f.doctrin.client.DoctrinClientImpl - Unsubscribing from channel test.
14:46:49.761 [main] INFO  d.f.doctrin.client.DoctrinClientImpl - A subscription on the channel test was scheduled.
14:46:49.762 [main] INFO  d.f.doctrin.client.DoctrinClientImpl - Unsubscribing from channel test.
14:46:49.762 [main] INFO  d.f.doctrin.client.DoctrinClientImpl - Unsubscribed from channel test.
14:46:50.763 [main] INFO  d.f.doctrin.client.DoctrinClientImpl - A subscription on the channel test was scheduled.
14:46:50.764 [main] INFO  d.f.doctrin.client.DoctrinClientImpl - A subscription on the channel test was scheduled.
14:46:50.764 [main] INFO  d.f.doctrin.client.DoctrinClientImpl - Found existing subscription on channel test, restoring.
14:46:51.410 [main] INFO  d.f.d.client.net.NetworkClientImpl - It seems like there is no connection to the server. Storing message Mock for JSONObject, hashCode: 1082865087 in sending queue.
14:46:51.412 [main] INFO  d.f.d.client.net.NetworkClientImpl - Connecting to 0.0.0.0:25569.
14:46:53.600 [main] INFO  d.f.d.client.DoctrinClientFactory - Creating new client against 0.0.0.0:25568.
14:46:54.559 [main] INFO  d.f.doctrin.client.DoctrinClientImpl - A subscription on the channel test was scheduled.
14:46:54.560 [main] INFO  d.f.doctrin.client.DoctrinClientImpl - Found existing subscription on channel test, restoring.
14:46:54.577 [main] INFO  d.f.doctrin.client.DoctrinClientImpl - Unsubscribing from channel test.
14:46:54.577 [main] INFO  d.f.doctrin.client.DoctrinClientImpl - A subscription on the channel test was scheduled.
14:46:54.578 [main] INFO  d.f.doctrin.client.DoctrinClientImpl - Found existing subscription on channel test, restoring.
14:46:54.579 [main] INFO  d.f.doctrin.client.DoctrinClientImpl - A subscription on the channel test was scheduled.
14:46:54.579 [main] INFO  d.f.doctrin.client.DoctrinClientImpl - Found existing subscription on channel test, restoring.
14:46:54.579 [main] INFO  d.f.doctrin.client.DoctrinClientImpl - A subscription on the channel test was scheduled.
14:46:54.579 [main] INFO  d.f.doctrin.client.DoctrinClientImpl - Found existing subscription on channel test, restoring.
14:46:55.201 [main] INFO  d.f.d.client.net.NetworkClientImpl - It seems like there is no connection to the server. Storing message Mock for JSONObject, hashCode: 1568949719 in sending queue.
14:46:55.202 [main] INFO  d.f.d.client.net.NetworkClientImpl - Connecting to 0.0.0.0:25569.
14:46:57.166 [main] INFO  d.f.d.client.DoctrinClientFactory - Creating new client against 0.0.0.0:25568.
14:46:58.119 [main] INFO  d.f.doctrin.client.DoctrinClientImpl - A subscription on the channel test was scheduled.
14:46:58.128 [main] INFO  d.f.doctrin.client.DoctrinClientImpl - Unsubscribing from channel test.
14:46:58.128 [main] INFO  d.f.doctrin.client.DoctrinClientImpl - A subscription on the channel test was scheduled.
14:46:58.129 [main] INFO  d.f.doctrin.client.DoctrinClientImpl - Unsubscribing from channel test.
14:46:58.129 [main] INFO  d.f.doctrin.client.DoctrinClientImpl - Unsubscribed from channel test.
14:46:59.130 [main] INFO  d.f.doctrin.client.DoctrinClientImpl - A subscription on the channel test was scheduled.
14:46:59.130 [main] INFO  d.f.doctrin.client.DoctrinClientImpl - A subscription on the channel test was scheduled.
14:46:59.774 [main] INFO  d.f.d.client.net.NetworkClientImpl - It seems like there is no connection to the server. Storing message Mock for JSONObject, hashCode: 361571676 in sending queue.
14:46:59.775 [main] INFO  d.f.d.client.net.NetworkClientImpl - Connecting to 0.0.0.0:25569.
14:47:02.100 [main] INFO  d.f.d.client.DoctrinClientFactory - Creating new client against 0.0.0.0:25568.
14:47:03.052 [main] INFO  d.f.doctrin.client.DoctrinClientImpl - A subscription on the channel test was scheduled.
14:47:03.066 [main] INFO  d.f.doctrin.client.DoctrinClientImpl - Unsubscribing from channel test.
14:47:03.066 [main] INFO  d.f.doctrin.client.DoctrinClientImpl - A subscription on the channel test was scheduled.
14:47:03.067 [main] INFO  d.f.doctrin.client.DoctrinClientImpl - Unsubscribing from channel test.
14:47:03.067 [main] INFO  d.f.doctrin.client.DoctrinClientImpl - Unsubscribed from channel test.
14:47:04.069 [main] INFO  d.f.doctrin.client.DoctrinClientImpl - A subscription on the channel test was scheduled.
14:47:04.069 [main] INFO  d.f.doctrin.client.DoctrinClientImpl - A subscription on the channel test was scheduled.
14:47:04.709 [main] INFO  d.f.d.client.net.NetworkClientImpl - It seems like there is no connection to the server. Storing message Mock for JSONObject, hashCode: 1082865087 in sending queue.
14:47:04.711 [main] INFO  d.f.d.client.net.NetworkClientImpl - Connecting to 0.0.0.0:25569.
14:47:06.724 [main] INFO  d.f.d.client.DoctrinClientFactory - Creating new client against 0.0.0.0:25568.
14:47:07.726 [main] INFO  d.f.doctrin.client.DoctrinClientImpl - A subscription on the channel test was scheduled.
14:47:07.728 [main] INFO  d.f.doctrin.client.DoctrinClientImpl - Unsubscribing from channel test.
14:47:07.728 [main] INFO  d.f.doctrin.client.DoctrinClientImpl - A subscription on the channel test was scheduled.
14:47:07.732 [main] INFO  d.f.doctrin.client.DoctrinClientImpl - Unsubscribing from channel test.
14:47:07.732 [main] INFO  d.f.doctrin.client.DoctrinClientImpl - Unsubscribed from channel test.
14:47:08.734 [main] INFO  d.f.doctrin.client.DoctrinClientImpl - A subscription on the channel test was scheduled.
14:47:08.735 [main] INFO  d.f.doctrin.client.DoctrinClientImpl - A subscription on the channel test was scheduled.
14:47:08.735 [main] INFO  d.f.doctrin.client.DoctrinClientImpl - Found existing subscription on channel test, restoring.
14:47:09.392 [main] INFO  d.f.d.client.net.NetworkClientImpl - It seems like there is no connection to the server. Storing message Mock for JSONObject, hashCode: 1363800072 in sending queue.
14:47:09.396 [main] INFO  d.f.d.client.net.NetworkClientImpl - Connecting to 0.0.0.0:25569.
14:47:11.105 [main] INFO  d.f.d.client.DoctrinClientFactory - Creating new client against 0.0.0.0:25568.
14:47:12.052 [main] INFO  d.f.doctrin.client.DoctrinClientImpl - A subscription on the channel test was scheduled.
14:47:12.070 [main] INFO  d.f.doctrin.client.DoctrinClientImpl - Unsubscribing from channel test.
14:47:12.070 [main] INFO  d.f.doctrin.client.DoctrinClientImpl - A subscription on the channel test was scheduled.
14:47:12.072 [main] INFO  d.f.doctrin.client.DoctrinClientImpl - Unsubscribing from channel test.
14:47:12.077 [main] INFO  d.f.doctrin.client.DoctrinClientImpl - A subscription on the channel test was scheduled.
14:47:12.077 [main] INFO  d.f.doctrin.client.DoctrinClientImpl - A subscription on the channel test was scheduled.
14:47:12.832 [main] INFO  d.f.d.client.net.NetworkClientImpl - It seems like there is no connection to the server. Storing message Mock for JSONObject, hashCode: 1886567481 in sending queue.
14:47:12.837 [main] INFO  d.f.d.client.net.NetworkClientImpl - Connecting to 0.0.0.0:25569.
14:47:14.970 [main] INFO  d.f.d.client.DoctrinClientFactory - Creating new client against 0.0.0.0:25568.
14:47:16.020 [main] INFO  d.f.doctrin.client.DoctrinClientImpl - Unsubscribing from channel test.
14:47:16.028 [main] INFO  d.f.doctrin.client.DoctrinClientImpl - Unsubscribing from channel test.
14:47:16.029 [main] INFO  d.f.doctrin.client.DoctrinClientImpl - Unsubscribed from channel test.
14:47:17.030 [main] INFO  d.f.doctrin.client.DoctrinClientImpl - Found existing subscription on channel test, restoring.
14:47:17.672 [main] INFO  d.f.d.client.net.NetworkClientImpl - It seems like there is no connection to the server. Storing message Mock for JSONObject, hashCode: 1082865087 in sending queue.
14:47:17.673 [main] INFO  d.f.d.client.net.NetworkClientImpl - Connecting to 0.0.0.0:25569.
14:47:19.549 [main] INFO  d.f.d.client.DoctrinClientFactory - Creating new client against 0.0.0.0:25568.
14:47:20.511 [main] INFO  d.f.doctrin.client.DoctrinClientImpl - A subscription on the channel test was scheduled.
14:47:20.513 [main] INFO  d.f.doctrin.client.DoctrinClientImpl - Unsubscribing from channel test.
14:47:20.514 [main] INFO  d.f.doctrin.client.DoctrinClientImpl - A subscription on the channel test was scheduled.
14:47:20.525 [main] INFO  d.f.doctrin.client.DoctrinClientImpl - Unsubscribing from channel test.
14:47:20.526 [main] INFO  d.f.doctrin.client.DoctrinClientImpl - Unsubscribed from channel test.
14:47:21.527 [main] INFO  d.f.doctrin.client.DoctrinClientImpl - A subscription on the channel test was scheduled.
14:47:21.527 [main] INFO  d.f.doctrin.client.DoctrinClientImpl - A subscription on the channel test was scheduled.
14:47:21.528 [main] INFO  d.f.doctrin.client.DoctrinClientImpl - Found existing subscription on channel test, restoring.
14:47:22.209 [main] INFO  d.f.d.client.net.NetworkClientImpl - It seems like there is no connection to the server. Storing message Mock for JSONObject, hashCode: 1363800072 in sending queue.
14:47:22.211 [main] INFO  d.f.d.client.net.NetworkClientImpl - Connecting to 0.0.0.0:25569.
14:47:24.124 [main] INFO  d.f.d.client.DoctrinClientFactory - Creating new client against 0.0.0.0:25568.
14:47:25.100 [main] INFO  d.f.doctrin.client.DoctrinClientImpl - A subscription on the channel test was scheduled.
14:47:25.125 [main] INFO  d.f.doctrin.client.DoctrinClientImpl - Unsubscribing from channel test.
14:47:25.125 [main] INFO  d.f.doctrin.client.DoctrinClientImpl - A subscription on the channel test was scheduled.
14:47:25.126 [main] INFO  d.f.doctrin.client.DoctrinClientImpl - Unsubscribing from channel test.
14:47:25.127 [main] INFO  d.f.doctrin.client.DoctrinClientImpl - Unsubscribed from channel test.
14:47:26.127 [main] INFO  d.f.doctrin.client.DoctrinClientImpl - A subscription on the channel test was scheduled.
14:47:26.128 [main] INFO  d.f.doctrin.client.DoctrinClientImpl - A subscription on the channel test was scheduled.
14:47:26.128 [main] INFO  d.f.doctrin.client.DoctrinClientImpl - Found existing subscription on channel test, restoring.
14:47:26.767 [main] INFO  d.f.d.client.net.NetworkClientImpl - It seems like there is no connection to the server. Storing message Mock for JSONObject, hashCode: 220165304 in sending queue.
14:47:26.769 [main] INFO  d.f.d.client.net.NetworkClientImpl - Connecting to 0.0.0.0:25569.
14:47:28.653 [main] INFO  d.f.d.client.DoctrinClientFactory - Creating new client against 0.0.0.0:25568.
14:47:29.614 [main] INFO  d.f.doctrin.client.DoctrinClientImpl - A subscription on the channel test was scheduled.
14:47:29.635 [main] INFO  d.f.doctrin.client.DoctrinClientImpl - Unsubscribing from channel test.
14:47:29.636 [main] INFO  d.f.doctrin.client.DoctrinClientImpl - A subscription on the channel test was scheduled.
14:47:29.637 [main] INFO  d.f.doctrin.client.DoctrinClientImpl - Unsubscribing from channel test.
14:47:29.637 [main] INFO  d.f.doctrin.client.DoctrinClientImpl - Unsubscribed from channel test.
14:47:30.638 [main] INFO  d.f.doctrin.client.DoctrinClientImpl - A subscription on the channel test was scheduled.
14:47:30.638 [main] INFO  d.f.doctrin.client.DoctrinClientImpl - A subscription on the channel test was scheduled.
14:47:30.639 [main] INFO  d.f.doctrin.client.DoctrinClientImpl - Found existing subscription on channel test, restoring.
14:47:31.260 [main] INFO  d.f.d.client.net.NetworkClientImpl - It seems like there is no connection to the server. Storing message Mock for JSONObject, hashCode: 220165304 in sending queue.
14:47:31.261 [main] INFO  d.f.d.client.net.NetworkClientImpl - Connecting to 0.0.0.0:25569.
