15:02:42.479 [main] INFO  o.s.b.t.c.SpringBootTestContextBootstrapper - Neither @ContextConfiguration nor @ContextHierarchy found for test class [org.luksze.ApplicationTest], using SpringBootContextLoader
15:02:42.488 [main] INFO  o.s.t.c.s.AbstractContextLoader - Could not detect default resource locations for test class [org.luksze.ApplicationTest]: no resource found for suffixes {-context.xml, Context.groovy}.
15:02:42.489 [main] INFO  o.s.t.c.s.AnnotationConfigContextLoaderUtils - Could not detect default configuration classes for test class [org.luksze.ApplicationTest]: ApplicationTest does not declare any static, non-private, non-final, nested classes annotated with @Configuration.
15:02:42.721 [main] INFO  o.s.b.t.c.SpringBootTestContextBootstrapper - Found @SpringBootConfiguration org.luksze.Application for test class org.luksze.ApplicationTest
15:02:43.020 [main] INFO  o.s.b.t.c.SpringBootTestContextBootstrapper - Loaded default TestExecutionListener class names from location [META-INF/spring.factories]: [org.springframework.boot.test.mock.mockito.MockitoTestExecutionListener, org.springframework.boot.test.mock.mockito.ResetMocksTestExecutionListener, org.springframework.boot.test.autoconfigure.restdocs.RestDocsTestExecutionListener, org.springframework.boot.test.autoconfigure.web.client.MockRestServiceServerResetTestExecutionListener, org.springframework.boot.test.autoconfigure.web.servlet.MockMvcPrintOnlyOnFailureTestExecutionListener, org.springframework.boot.test.autoconfigure.web.servlet.WebDriverTestExecutionListener, org.springframework.test.context.web.ServletTestExecutionListener, org.springframework.test.context.support.DirtiesContextBeforeModesTestExecutionListener, org.springframework.test.context.support.DependencyInjectionTestExecutionListener, org.springframework.test.context.support.DirtiesContextTestExecutionListener, org.springframework.test.context.transaction.TransactionalTestExecutionListener, org.springframework.test.context.jdbc.SqlScriptsTestExecutionListener]
15:02:43.032 [main] INFO  o.s.b.t.c.SpringBootTestContextBootstrapper - Using TestExecutionListeners: [org.springframework.test.context.web.ServletTestExecutionListener@48974e45, org.springframework.test.context.support.DirtiesContextBeforeModesTestExecutionListener@6a84a97d, org.springframework.boot.test.mock.mockito.MockitoTestExecutionListener@6c130c45, org.springframework.boot.test.autoconfigure.SpringBootDependencyInjectionTestExecutionListener@50ad3bc1, org.springframework.test.context.support.DirtiesContextTestExecutionListener@223aa2f7, org.springframework.boot.test.mock.mockito.ResetMocksTestExecutionListener@6d3a388c, org.springframework.boot.test.autoconfigure.restdocs.RestDocsTestExecutionListener@193f604a, org.springframework.boot.test.autoconfigure.web.client.MockRestServiceServerResetTestExecutionListener@20f5239f, org.springframework.boot.test.autoconfigure.web.servlet.MockMvcPrintOnlyOnFailureTestExecutionListener@57af006c, org.springframework.boot.test.autoconfigure.web.servlet.WebDriverTestExecutionListener@6bedbc4d]
15:02:43.469 [main] WARN  o.s.b.t.j.DuplicateJsonObjectContextCustomizerFactory$DuplicateJsonObjectContextCustomizer - 

Found multiple occurrences of org.json.JSONObject on the class path:

	jar:file:/scratch/dginelli/workspace/repairnator-repairnator-experiments-lukasz-szewc-spring-sandbox-382311803-20180522-205358-firstCommit/.m2/com/vaadin/external/google/android-json/0.0.20131108.vaadin1/android-json-0.0.20131108.vaadin1.jar!/org/json/JSONObject.class
	jar:file:/pfs/nobackup/home/d/dginelli/development/astor-1.0.0-SNAPSHOT-jar-with-dependencies.jar!/org/json/JSONObject.class
	jar:file:/pfs/nobackup/home/d/dginelli/development/repairnator-pipeline-3.3-SNAPSHOT-jar-with-dependencies.jar!/org/json/JSONObject.class

You may wish to exclude one of them to ensure predictable runtime behavior

15:02:43.482 [main] INFO  org.luksze.ApplicationTest - Starting ApplicationTest on b-cn1409.hpc2n.umu.se with PID 848326 (started by dginelli in /scratch/dginelli/workspace/repairnator-repairnator-experiments-lukasz-szewc-spring-sandbox-382311803-20180522-205358-firstCommit)
15:02:43.486 [main] INFO  org.luksze.ApplicationTest - No active profile set, falling back to default profiles: default
15:02:43.526 [main] INFO  o.s.b.w.s.c.AnnotationConfigServletWebServerApplicationContext - Refreshing org.springframework.boot.web.servlet.context.AnnotationConfigServletWebServerApplicationContext@55de24cc: startup date [Sun Feb 16 15:02:43 CET 2020]; root of context hierarchy
15:02:45.116 [main] INFO  o.s.b.f.a.AutowiredAnnotationBeanPostProcessor - JSR-330 'javax.inject.Inject' annotation found and supported for autowiring
15:02:45.760 [main] INFO  o.s.b.w.e.tomcat.TomcatWebServer - Tomcat initialized with port(s): 0 (http)
15:02:46.655 [localhost-startStop-1] INFO  o.s.web.context.ContextLoader - Root WebApplicationContext: initialization completed in 3129 ms
15:02:46.888 [localhost-startStop-1] INFO  o.s.b.w.s.ServletRegistrationBean - Servlet dispatcherServlet mapped to [/]
15:02:46.898 [localhost-startStop-1] INFO  o.s.b.w.s.FilterRegistrationBean - Mapping filter: 'characterEncodingFilter' to: [/*]
15:02:46.899 [localhost-startStop-1] INFO  o.s.b.w.s.FilterRegistrationBean - Mapping filter: 'hiddenHttpMethodFilter' to: [/*]
15:02:46.901 [localhost-startStop-1] INFO  o.s.b.w.s.FilterRegistrationBean - Mapping filter: 'httpPutFormContentFilter' to: [/*]
15:02:46.901 [localhost-startStop-1] INFO  o.s.b.w.s.FilterRegistrationBean - Mapping filter: 'requestContextFilter' to: [/*]
15:02:47.148 [main] INFO  o.s.w.s.h.SimpleUrlHandlerMapping - Mapped URL path [/**/favicon.ico] onto handler of type [class org.springframework.web.servlet.resource.ResourceHttpRequestHandler]
15:02:47.560 [main] INFO  o.s.w.s.m.m.a.RequestMappingHandlerAdapter - Looking for @ControllerAdvice: org.springframework.boot.web.servlet.context.AnnotationConfigServletWebServerApplicationContext@55de24cc: startup date [Sun Feb 16 15:02:43 CET 2020]; root of context hierarchy
15:02:47.754 [main] INFO  o.s.w.s.m.m.a.RequestMappingHandlerMapping - Mapped "{[/person],methods=[POST]}" onto public void org.luksze.PersonResource.post(org.luksze.Person)
15:02:47.755 [main] INFO  o.s.w.s.m.m.a.RequestMappingHandlerMapping - Mapped "{[/person],methods=[GET]}" onto public java.util.List<org.luksze.Person> org.luksze.PersonResource.get()
15:02:47.761 [main] INFO  o.s.w.s.m.m.a.RequestMappingHandlerMapping - Mapped "{[/error],produces=[text/html]}" onto public org.springframework.web.servlet.ModelAndView org.springframework.boot.autoconfigure.web.servlet.error.BasicErrorController.errorHtml(javax.servlet.http.HttpServletRequest,javax.servlet.http.HttpServletResponse)
15:02:47.761 [main] INFO  o.s.w.s.m.m.a.RequestMappingHandlerMapping - Mapped "{[/error]}" onto public org.springframework.http.ResponseEntity<java.util.Map<java.lang.String, java.lang.Object>> org.springframework.boot.autoconfigure.web.servlet.error.BasicErrorController.error(javax.servlet.http.HttpServletRequest)
15:02:47.812 [main] INFO  o.s.w.s.h.SimpleUrlHandlerMapping - Mapped URL path [/webjars/**] onto handler of type [class org.springframework.web.servlet.resource.ResourceHttpRequestHandler]
15:02:47.812 [main] INFO  o.s.w.s.h.SimpleUrlHandlerMapping - Mapped URL path [/**] onto handler of type [class org.springframework.web.servlet.resource.ResourceHttpRequestHandler]
15:02:49.216 [main] INFO  o.s.b.w.e.tomcat.TomcatWebServer - Tomcat started on port(s): 38157 (http) with context path ''
15:02:49.220 [main] INFO  org.luksze.ApplicationTest - Started ApplicationTest in 6.153 seconds (JVM running for 8.622)
15:02:49.514 [http-nio-auto-1-exec-1] INFO  o.s.web.servlet.DispatcherServlet - FrameworkServlet 'dispatcherServlet': initialization started
15:02:49.543 [http-nio-auto-1-exec-1] INFO  o.s.web.servlet.DispatcherServlet - FrameworkServlet 'dispatcherServlet': initialization completed in 29 ms
15:02:49.809 [main] INFO  o.s.b.w.s.c.AnnotationConfigServletWebServerApplicationContext - Closing org.springframework.boot.web.servlet.context.AnnotationConfigServletWebServerApplicationContext@55de24cc: startup date [Sun Feb 16 15:02:43 CET 2020]; root of context hierarchy
15:02:52.800 [main] INFO  o.s.b.t.c.SpringBootTestContextBootstrapper - Neither @ContextConfiguration nor @ContextHierarchy found for test class [org.luksze.ApplicationTest], using SpringBootContextLoader
15:02:52.811 [main] INFO  o.s.t.c.s.AbstractContextLoader - Could not detect default resource locations for test class [org.luksze.ApplicationTest]: no resource found for suffixes {-context.xml, Context.groovy}.
15:02:52.811 [main] INFO  o.s.t.c.s.AnnotationConfigContextLoaderUtils - Could not detect default configuration classes for test class [org.luksze.ApplicationTest]: ApplicationTest does not declare any static, non-private, non-final, nested classes annotated with @Configuration.
15:02:53.122 [main] INFO  o.s.b.t.c.SpringBootTestContextBootstrapper - Found @SpringBootConfiguration org.luksze.Application for test class org.luksze.ApplicationTest
15:02:53.300 [main] INFO  o.s.b.t.c.SpringBootTestContextBootstrapper - Loaded default TestExecutionListener class names from location [META-INF/spring.factories]: [org.springframework.boot.test.mock.mockito.MockitoTestExecutionListener, org.springframework.boot.test.mock.mockito.ResetMocksTestExecutionListener, org.springframework.boot.test.autoconfigure.restdocs.RestDocsTestExecutionListener, org.springframework.boot.test.autoconfigure.web.client.MockRestServiceServerResetTestExecutionListener, org.springframework.boot.test.autoconfigure.web.servlet.MockMvcPrintOnlyOnFailureTestExecutionListener, org.springframework.boot.test.autoconfigure.web.servlet.WebDriverTestExecutionListener, org.springframework.test.context.web.ServletTestExecutionListener, org.springframework.test.context.support.DirtiesContextBeforeModesTestExecutionListener, org.springframework.test.context.support.DependencyInjectionTestExecutionListener, org.springframework.test.context.support.DirtiesContextTestExecutionListener, org.springframework.test.context.transaction.TransactionalTestExecutionListener, org.springframework.test.context.jdbc.SqlScriptsTestExecutionListener]
15:02:53.321 [main] INFO  o.s.b.t.c.SpringBootTestContextBootstrapper - Using TestExecutionListeners: [org.springframework.test.context.web.ServletTestExecutionListener@50ad3bc1, org.springframework.test.context.support.DirtiesContextBeforeModesTestExecutionListener@223aa2f7, org.springframework.boot.test.mock.mockito.MockitoTestExecutionListener@6d3a388c, org.springframework.boot.test.autoconfigure.SpringBootDependencyInjectionTestExecutionListener@193f604a, org.springframework.test.context.support.DirtiesContextTestExecutionListener@20f5239f, org.springframework.boot.test.mock.mockito.ResetMocksTestExecutionListener@57af006c, org.springframework.boot.test.autoconfigure.restdocs.RestDocsTestExecutionListener@6bedbc4d, org.springframework.boot.test.autoconfigure.web.client.MockRestServiceServerResetTestExecutionListener@932bc4a, org.springframework.boot.test.autoconfigure.web.servlet.MockMvcPrintOnlyOnFailureTestExecutionListener@d29f28, org.springframework.boot.test.autoconfigure.web.servlet.WebDriverTestExecutionListener@2fd1433e]
15:02:54.321 [main] WARN  o.s.b.t.j.DuplicateJsonObjectContextCustomizerFactory$DuplicateJsonObjectContextCustomizer - 

Found multiple occurrences of org.json.JSONObject on the class path:

	jar:file:/scratch/dginelli/workspace/repairnator-repairnator-experiments-lukasz-szewc-spring-sandbox-382311803-20180522-205358-firstCommit/.m2/com/vaadin/external/google/android-json/0.0.20131108.vaadin1/android-json-0.0.20131108.vaadin1.jar!/org/json/JSONObject.class
	jar:file:/pfs/nobackup/home/d/dginelli/development/astor-1.0.0-SNAPSHOT-jar-with-dependencies.jar!/org/json/JSONObject.class
	jar:file:/pfs/nobackup/home/d/dginelli/development/repairnator-pipeline-3.3-SNAPSHOT-jar-with-dependencies.jar!/org/json/JSONObject.class

You may wish to exclude one of them to ensure predictable runtime behavior

15:02:54.356 [main] INFO  org.luksze.ApplicationTest - Starting ApplicationTest on b-cn1409.hpc2n.umu.se with PID 848998 (started by dginelli in /scratch/dginelli/workspace/repairnator-repairnator-experiments-lukasz-szewc-spring-sandbox-382311803-20180522-205358-firstCommit)
15:02:54.356 [main] INFO  org.luksze.ApplicationTest - No active profile set, falling back to default profiles: default
15:02:54.407 [main] INFO  o.s.b.w.s.c.AnnotationConfigServletWebServerApplicationContext - Refreshing org.springframework.boot.web.servlet.context.AnnotationConfigServletWebServerApplicationContext@69c81773: startup date [Sun Feb 16 15:02:54 CET 2020]; root of context hierarchy
15:02:56.132 [main] INFO  o.s.b.f.a.AutowiredAnnotationBeanPostProcessor - JSR-330 'javax.inject.Inject' annotation found and supported for autowiring
15:02:56.765 [main] INFO  o.s.b.w.e.tomcat.TomcatWebServer - Tomcat initialized with port(s): 0 (http)
15:02:57.020 [localhost-startStop-1] INFO  o.s.web.context.ContextLoader - Root WebApplicationContext: initialization completed in 2613 ms
15:02:57.262 [localhost-startStop-1] INFO  o.s.b.w.s.ServletRegistrationBean - Servlet dispatcherServlet mapped to [/]
15:02:57.265 [localhost-startStop-1] INFO  o.s.b.w.s.FilterRegistrationBean - Mapping filter: 'characterEncodingFilter' to: [/*]
15:02:57.267 [localhost-startStop-1] INFO  o.s.b.w.s.FilterRegistrationBean - Mapping filter: 'hiddenHttpMethodFilter' to: [/*]
15:02:57.268 [localhost-startStop-1] INFO  o.s.b.w.s.FilterRegistrationBean - Mapping filter: 'httpPutFormContentFilter' to: [/*]
15:02:57.269 [localhost-startStop-1] INFO  o.s.b.w.s.FilterRegistrationBean - Mapping filter: 'requestContextFilter' to: [/*]
15:02:57.525 [main] INFO  o.s.w.s.h.SimpleUrlHandlerMapping - Mapped URL path [/**/favicon.ico] onto handler of type [class org.springframework.web.servlet.resource.ResourceHttpRequestHandler]
15:02:57.912 [main] INFO  o.s.w.s.m.m.a.RequestMappingHandlerAdapter - Looking for @ControllerAdvice: org.springframework.boot.web.servlet.context.AnnotationConfigServletWebServerApplicationContext@69c81773: startup date [Sun Feb 16 15:02:54 CET 2020]; root of context hierarchy
15:02:58.115 [main] INFO  o.s.w.s.m.m.a.RequestMappingHandlerMapping - Mapped "{[/person],methods=[POST]}" onto public void org.luksze.PersonResource.post(org.luksze.Person)
15:02:58.116 [main] INFO  o.s.w.s.m.m.a.RequestMappingHandlerMapping - Mapped "{[/person],methods=[GET]}" onto public java.util.List<org.luksze.Person> org.luksze.PersonResource.get()
15:02:58.118 [main] INFO  o.s.w.s.m.m.a.RequestMappingHandlerMapping - Mapped "{[/error],produces=[text/html]}" onto public org.springframework.web.servlet.ModelAndView org.springframework.boot.autoconfigure.web.servlet.error.BasicErrorController.errorHtml(javax.servlet.http.HttpServletRequest,javax.servlet.http.HttpServletResponse)
15:02:58.119 [main] INFO  o.s.w.s.m.m.a.RequestMappingHandlerMapping - Mapped "{[/error]}" onto public org.springframework.http.ResponseEntity<java.util.Map<java.lang.String, java.lang.Object>> org.springframework.boot.autoconfigure.web.servlet.error.BasicErrorController.error(javax.servlet.http.HttpServletRequest)
15:02:58.161 [main] INFO  o.s.w.s.h.SimpleUrlHandlerMapping - Mapped URL path [/webjars/**] onto handler of type [class org.springframework.web.servlet.resource.ResourceHttpRequestHandler]
15:02:58.161 [main] INFO  o.s.w.s.h.SimpleUrlHandlerMapping - Mapped URL path [/**] onto handler of type [class org.springframework.web.servlet.resource.ResourceHttpRequestHandler]
15:02:59.301 [main] INFO  o.s.b.w.e.tomcat.TomcatWebServer - Tomcat started on port(s): 39927 (http) with context path ''
15:02:59.305 [main] INFO  org.luksze.ApplicationTest - Started ApplicationTest in 5.942 seconds (JVM running for 8.546)
15:02:59.621 [http-nio-auto-1-exec-1] INFO  o.s.web.servlet.DispatcherServlet - FrameworkServlet 'dispatcherServlet': initialization started
15:02:59.632 [http-nio-auto-1-exec-1] INFO  o.s.web.servlet.DispatcherServlet - FrameworkServlet 'dispatcherServlet': initialization completed in 11 ms
15:02:59.909 [main] INFO  o.s.b.w.s.c.AnnotationConfigServletWebServerApplicationContext - Closing org.springframework.boot.web.servlet.context.AnnotationConfigServletWebServerApplicationContext@69c81773: startup date [Sun Feb 16 15:02:54 CET 2020]; root of context hierarchy
15:03:03.634 [main] INFO  o.s.b.t.c.SpringBootTestContextBootstrapper - Neither @ContextConfiguration nor @ContextHierarchy found for test class [org.luksze.ApplicationTest], using SpringBootContextLoader
15:03:03.643 [main] INFO  o.s.t.c.s.AbstractContextLoader - Could not detect default resource locations for test class [org.luksze.ApplicationTest]: no resource found for suffixes {-context.xml, Context.groovy}.
15:03:03.644 [main] INFO  o.s.t.c.s.AnnotationConfigContextLoaderUtils - Could not detect default configuration classes for test class [org.luksze.ApplicationTest]: ApplicationTest does not declare any static, non-private, non-final, nested classes annotated with @Configuration.
15:03:03.994 [main] INFO  o.s.b.t.c.SpringBootTestContextBootstrapper - Found @SpringBootConfiguration org.luksze.Application for test class org.luksze.ApplicationTest
15:03:04.177 [main] INFO  o.s.b.t.c.SpringBootTestContextBootstrapper - Loaded default TestExecutionListener class names from location [META-INF/spring.factories]: [org.springframework.boot.test.mock.mockito.MockitoTestExecutionListener, org.springframework.boot.test.mock.mockito.ResetMocksTestExecutionListener, org.springframework.boot.test.autoconfigure.restdocs.RestDocsTestExecutionListener, org.springframework.boot.test.autoconfigure.web.client.MockRestServiceServerResetTestExecutionListener, org.springframework.boot.test.autoconfigure.web.servlet.MockMvcPrintOnlyOnFailureTestExecutionListener, org.springframework.boot.test.autoconfigure.web.servlet.WebDriverTestExecutionListener, org.springframework.test.context.web.ServletTestExecutionListener, org.springframework.test.context.support.DirtiesContextBeforeModesTestExecutionListener, org.springframework.test.context.support.DependencyInjectionTestExecutionListener, org.springframework.test.context.support.DirtiesContextTestExecutionListener, org.springframework.test.context.transaction.TransactionalTestExecutionListener, org.springframework.test.context.jdbc.SqlScriptsTestExecutionListener]
15:03:04.200 [main] INFO  o.s.b.t.c.SpringBootTestContextBootstrapper - Using TestExecutionListeners: [org.springframework.test.context.web.ServletTestExecutionListener@50ad3bc1, org.springframework.test.context.support.DirtiesContextBeforeModesTestExecutionListener@223aa2f7, org.springframework.boot.test.mock.mockito.MockitoTestExecutionListener@6d3a388c, org.springframework.boot.test.autoconfigure.SpringBootDependencyInjectionTestExecutionListener@193f604a, org.springframework.test.context.support.DirtiesContextTestExecutionListener@20f5239f, org.springframework.boot.test.mock.mockito.ResetMocksTestExecutionListener@57af006c, org.springframework.boot.test.autoconfigure.restdocs.RestDocsTestExecutionListener@6bedbc4d, org.springframework.boot.test.autoconfigure.web.client.MockRestServiceServerResetTestExecutionListener@932bc4a, org.springframework.boot.test.autoconfigure.web.servlet.MockMvcPrintOnlyOnFailureTestExecutionListener@d29f28, org.springframework.boot.test.autoconfigure.web.servlet.WebDriverTestExecutionListener@2fd1433e]
15:03:04.697 [main] WARN  o.s.b.t.j.DuplicateJsonObjectContextCustomizerFactory$DuplicateJsonObjectContextCustomizer - 

Found multiple occurrences of org.json.JSONObject on the class path:

	jar:file:/scratch/dginelli/workspace/repairnator-repairnator-experiments-lukasz-szewc-spring-sandbox-382311803-20180522-205358-firstCommit/.m2/com/vaadin/external/google/android-json/0.0.20131108.vaadin1/android-json-0.0.20131108.vaadin1.jar!/org/json/JSONObject.class
	jar:file:/pfs/nobackup/home/d/dginelli/development/astor-1.0.0-SNAPSHOT-jar-with-dependencies.jar!/org/json/JSONObject.class
	jar:file:/pfs/nobackup/home/d/dginelli/development/repairnator-pipeline-3.3-SNAPSHOT-jar-with-dependencies.jar!/org/json/JSONObject.class

You may wish to exclude one of them to ensure predictable runtime behavior

15:03:04.722 [main] INFO  org.luksze.ApplicationTest - Starting ApplicationTest on b-cn1409.hpc2n.umu.se with PID 849724 (started by dginelli in /scratch/dginelli/workspace/repairnator-repairnator-experiments-lukasz-szewc-spring-sandbox-382311803-20180522-205358-firstCommit)
15:03:04.723 [main] INFO  org.luksze.ApplicationTest - No active profile set, falling back to default profiles: default
15:03:04.768 [main] INFO  o.s.b.w.s.c.AnnotationConfigServletWebServerApplicationContext - Refreshing org.springframework.boot.web.servlet.context.AnnotationConfigServletWebServerApplicationContext@69c81773: startup date [Sun Feb 16 15:03:04 CET 2020]; root of context hierarchy
15:03:06.476 [main] INFO  o.s.b.f.a.AutowiredAnnotationBeanPostProcessor - JSR-330 'javax.inject.Inject' annotation found and supported for autowiring
15:03:07.098 [main] INFO  o.s.b.w.e.tomcat.TomcatWebServer - Tomcat initialized with port(s): 0 (http)
15:03:08.201 [localhost-startStop-1] INFO  o.s.web.context.ContextLoader - Root WebApplicationContext: initialization completed in 3432 ms
15:03:08.458 [localhost-startStop-1] INFO  o.s.b.w.s.ServletRegistrationBean - Servlet dispatcherServlet mapped to [/]
15:03:08.467 [localhost-startStop-1] INFO  o.s.b.w.s.FilterRegistrationBean - Mapping filter: 'characterEncodingFilter' to: [/*]
15:03:08.468 [localhost-startStop-1] INFO  o.s.b.w.s.FilterRegistrationBean - Mapping filter: 'hiddenHttpMethodFilter' to: [/*]
15:03:08.469 [localhost-startStop-1] INFO  o.s.b.w.s.FilterRegistrationBean - Mapping filter: 'httpPutFormContentFilter' to: [/*]
15:03:08.470 [localhost-startStop-1] INFO  o.s.b.w.s.FilterRegistrationBean - Mapping filter: 'requestContextFilter' to: [/*]
15:03:08.719 [main] INFO  o.s.w.s.h.SimpleUrlHandlerMapping - Mapped URL path [/**/favicon.ico] onto handler of type [class org.springframework.web.servlet.resource.ResourceHttpRequestHandler]
15:03:09.105 [main] INFO  o.s.w.s.m.m.a.RequestMappingHandlerAdapter - Looking for @ControllerAdvice: org.springframework.boot.web.servlet.context.AnnotationConfigServletWebServerApplicationContext@69c81773: startup date [Sun Feb 16 15:03:04 CET 2020]; root of context hierarchy
15:03:09.299 [main] INFO  o.s.w.s.m.m.a.RequestMappingHandlerMapping - Mapped "{[/person],methods=[POST]}" onto public void org.luksze.PersonResource.post(org.luksze.Person)
15:03:09.299 [main] INFO  o.s.w.s.m.m.a.RequestMappingHandlerMapping - Mapped "{[/person],methods=[GET]}" onto public java.util.List<org.luksze.Person> org.luksze.PersonResource.get()
15:03:09.312 [main] INFO  o.s.w.s.m.m.a.RequestMappingHandlerMapping - Mapped "{[/error],produces=[text/html]}" onto public org.springframework.web.servlet.ModelAndView org.springframework.boot.autoconfigure.web.servlet.error.BasicErrorController.errorHtml(javax.servlet.http.HttpServletRequest,javax.servlet.http.HttpServletResponse)
15:03:09.312 [main] INFO  o.s.w.s.m.m.a.RequestMappingHandlerMapping - Mapped "{[/error]}" onto public org.springframework.http.ResponseEntity<java.util.Map<java.lang.String, java.lang.Object>> org.springframework.boot.autoconfigure.web.servlet.error.BasicErrorController.error(javax.servlet.http.HttpServletRequest)
15:03:09.371 [main] INFO  o.s.w.s.h.SimpleUrlHandlerMapping - Mapped URL path [/webjars/**] onto handler of type [class org.springframework.web.servlet.resource.ResourceHttpRequestHandler]
15:03:09.371 [main] INFO  o.s.w.s.h.SimpleUrlHandlerMapping - Mapped URL path [/**] onto handler of type [class org.springframework.web.servlet.resource.ResourceHttpRequestHandler]
15:03:10.503 [main] INFO  o.s.b.w.e.tomcat.TomcatWebServer - Tomcat started on port(s): 37317 (http) with context path ''
15:03:10.511 [main] INFO  org.luksze.ApplicationTest - Started ApplicationTest in 6.265 seconds (JVM running for 8.549)
15:03:10.843 [http-nio-auto-1-exec-1] INFO  o.s.web.servlet.DispatcherServlet - FrameworkServlet 'dispatcherServlet': initialization started
15:03:10.869 [http-nio-auto-1-exec-1] INFO  o.s.web.servlet.DispatcherServlet - FrameworkServlet 'dispatcherServlet': initialization completed in 26 ms
15:03:11.117 [main] INFO  o.s.b.w.s.c.AnnotationConfigServletWebServerApplicationContext - Closing org.springframework.boot.web.servlet.context.AnnotationConfigServletWebServerApplicationContext@69c81773: startup date [Sun Feb 16 15:03:04 CET 2020]; root of context hierarchy
15:03:14.807 [main] INFO  o.s.b.t.c.SpringBootTestContextBootstrapper - Neither @ContextConfiguration nor @ContextHierarchy found for test class [org.luksze.ApplicationTest], using SpringBootContextLoader
15:03:14.814 [main] INFO  o.s.t.c.s.AbstractContextLoader - Could not detect default resource locations for test class [org.luksze.ApplicationTest]: no resource found for suffixes {-context.xml, Context.groovy}.
15:03:14.815 [main] INFO  o.s.t.c.s.AnnotationConfigContextLoaderUtils - Could not detect default configuration classes for test class [org.luksze.ApplicationTest]: ApplicationTest does not declare any static, non-private, non-final, nested classes annotated with @Configuration.
15:03:15.098 [main] INFO  o.s.b.t.c.SpringBootTestContextBootstrapper - Found @SpringBootConfiguration org.luksze.Application for test class org.luksze.ApplicationTest
15:03:15.288 [main] INFO  o.s.b.t.c.SpringBootTestContextBootstrapper - Loaded default TestExecutionListener class names from location [META-INF/spring.factories]: [org.springframework.boot.test.mock.mockito.MockitoTestExecutionListener, org.springframework.boot.test.mock.mockito.ResetMocksTestExecutionListener, org.springframework.boot.test.autoconfigure.restdocs.RestDocsTestExecutionListener, org.springframework.boot.test.autoconfigure.web.client.MockRestServiceServerResetTestExecutionListener, org.springframework.boot.test.autoconfigure.web.servlet.MockMvcPrintOnlyOnFailureTestExecutionListener, org.springframework.boot.test.autoconfigure.web.servlet.WebDriverTestExecutionListener, org.springframework.test.context.web.ServletTestExecutionListener, org.springframework.test.context.support.DirtiesContextBeforeModesTestExecutionListener, org.springframework.test.context.support.DependencyInjectionTestExecutionListener, org.springframework.test.context.support.DirtiesContextTestExecutionListener, org.springframework.test.context.transaction.TransactionalTestExecutionListener, org.springframework.test.context.jdbc.SqlScriptsTestExecutionListener]
15:03:15.309 [main] INFO  o.s.b.t.c.SpringBootTestContextBootstrapper - Using TestExecutionListeners: [org.springframework.test.context.web.ServletTestExecutionListener@50ad3bc1, org.springframework.test.context.support.DirtiesContextBeforeModesTestExecutionListener@223aa2f7, org.springframework.boot.test.mock.mockito.MockitoTestExecutionListener@6d3a388c, org.springframework.boot.test.autoconfigure.SpringBootDependencyInjectionTestExecutionListener@193f604a, org.springframework.test.context.support.DirtiesContextTestExecutionListener@20f5239f, org.springframework.boot.test.mock.mockito.ResetMocksTestExecutionListener@57af006c, org.springframework.boot.test.autoconfigure.restdocs.RestDocsTestExecutionListener@6bedbc4d, org.springframework.boot.test.autoconfigure.web.client.MockRestServiceServerResetTestExecutionListener@932bc4a, org.springframework.boot.test.autoconfigure.web.servlet.MockMvcPrintOnlyOnFailureTestExecutionListener@d29f28, org.springframework.boot.test.autoconfigure.web.servlet.WebDriverTestExecutionListener@2fd1433e]
15:03:16.282 [main] WARN  o.s.b.t.j.DuplicateJsonObjectContextCustomizerFactory$DuplicateJsonObjectContextCustomizer - 

Found multiple occurrences of org.json.JSONObject on the class path:

	jar:file:/scratch/dginelli/workspace/repairnator-repairnator-experiments-lukasz-szewc-spring-sandbox-382311803-20180522-205358-firstCommit/.m2/com/vaadin/external/google/android-json/0.0.20131108.vaadin1/android-json-0.0.20131108.vaadin1.jar!/org/json/JSONObject.class
	jar:file:/pfs/nobackup/home/d/dginelli/development/astor-1.0.0-SNAPSHOT-jar-with-dependencies.jar!/org/json/JSONObject.class
	jar:file:/pfs/nobackup/home/d/dginelli/development/repairnator-pipeline-3.3-SNAPSHOT-jar-with-dependencies.jar!/org/json/JSONObject.class

You may wish to exclude one of them to ensure predictable runtime behavior

15:03:16.302 [main] INFO  org.luksze.ApplicationTest - Starting ApplicationTest on b-cn1409.hpc2n.umu.se with PID 850868 (started by dginelli in /scratch/dginelli/workspace/repairnator-repairnator-experiments-lukasz-szewc-spring-sandbox-382311803-20180522-205358-firstCommit)
15:03:16.312 [main] INFO  org.luksze.ApplicationTest - No active profile set, falling back to default profiles: default
15:03:16.366 [main] INFO  o.s.b.w.s.c.AnnotationConfigServletWebServerApplicationContext - Refreshing org.springframework.boot.web.servlet.context.AnnotationConfigServletWebServerApplicationContext@69c81773: startup date [Sun Feb 16 15:03:16 CET 2020]; root of context hierarchy
15:03:18.005 [main] INFO  o.s.b.f.a.AutowiredAnnotationBeanPostProcessor - JSR-330 'javax.inject.Inject' annotation found and supported for autowiring
15:03:18.611 [main] INFO  o.s.b.w.e.tomcat.TomcatWebServer - Tomcat initialized with port(s): 0 (http)
15:03:18.872 [localhost-startStop-1] INFO  o.s.web.context.ContextLoader - Root WebApplicationContext: initialization completed in 2506 ms
15:03:19.096 [localhost-startStop-1] INFO  o.s.b.w.s.ServletRegistrationBean - Servlet dispatcherServlet mapped to [/]
15:03:19.111 [localhost-startStop-1] INFO  o.s.b.w.s.FilterRegistrationBean - Mapping filter: 'characterEncodingFilter' to: [/*]
15:03:19.111 [localhost-startStop-1] INFO  o.s.b.w.s.FilterRegistrationBean - Mapping filter: 'hiddenHttpMethodFilter' to: [/*]
15:03:19.112 [localhost-startStop-1] INFO  o.s.b.w.s.FilterRegistrationBean - Mapping filter: 'httpPutFormContentFilter' to: [/*]
15:03:19.112 [localhost-startStop-1] INFO  o.s.b.w.s.FilterRegistrationBean - Mapping filter: 'requestContextFilter' to: [/*]
15:03:19.378 [main] INFO  o.s.w.s.h.SimpleUrlHandlerMapping - Mapped URL path [/**/favicon.ico] onto handler of type [class org.springframework.web.servlet.resource.ResourceHttpRequestHandler]
15:03:19.745 [main] INFO  o.s.w.s.m.m.a.RequestMappingHandlerAdapter - Looking for @ControllerAdvice: org.springframework.boot.web.servlet.context.AnnotationConfigServletWebServerApplicationContext@69c81773: startup date [Sun Feb 16 15:03:16 CET 2020]; root of context hierarchy
15:03:19.929 [main] INFO  o.s.w.s.m.m.a.RequestMappingHandlerMapping - Mapped "{[/person],methods=[POST]}" onto public void org.luksze.PersonResource.post(org.luksze.Person)
15:03:19.930 [main] INFO  o.s.w.s.m.m.a.RequestMappingHandlerMapping - Mapped "{[/person],methods=[GET]}" onto public java.util.List<org.luksze.Person> org.luksze.PersonResource.get()
15:03:19.935 [main] INFO  o.s.w.s.m.m.a.RequestMappingHandlerMapping - Mapped "{[/error],produces=[text/html]}" onto public org.springframework.web.servlet.ModelAndView org.springframework.boot.autoconfigure.web.servlet.error.BasicErrorController.errorHtml(javax.servlet.http.HttpServletRequest,javax.servlet.http.HttpServletResponse)
15:03:19.937 [main] INFO  o.s.w.s.m.m.a.RequestMappingHandlerMapping - Mapped "{[/error]}" onto public org.springframework.http.ResponseEntity<java.util.Map<java.lang.String, java.lang.Object>> org.springframework.boot.autoconfigure.web.servlet.error.BasicErrorController.error(javax.servlet.http.HttpServletRequest)
15:03:19.978 [main] INFO  o.s.w.s.h.SimpleUrlHandlerMapping - Mapped URL path [/webjars/**] onto handler of type [class org.springframework.web.servlet.resource.ResourceHttpRequestHandler]
15:03:19.978 [main] INFO  o.s.w.s.h.SimpleUrlHandlerMapping - Mapped URL path [/**] onto handler of type [class org.springframework.web.servlet.resource.ResourceHttpRequestHandler]
15:03:21.103 [main] INFO  o.s.b.w.e.tomcat.TomcatWebServer - Tomcat started on port(s): 34573 (http) with context path ''
15:03:21.106 [main] INFO  org.luksze.ApplicationTest - Started ApplicationTest in 5.758 seconds (JVM running for 8.058)
15:03:21.440 [http-nio-auto-1-exec-1] INFO  o.s.web.servlet.DispatcherServlet - FrameworkServlet 'dispatcherServlet': initialization started
15:03:21.470 [http-nio-auto-1-exec-1] INFO  o.s.web.servlet.DispatcherServlet - FrameworkServlet 'dispatcherServlet': initialization completed in 29 ms
15:03:21.715 [main] INFO  o.s.b.w.s.c.AnnotationConfigServletWebServerApplicationContext - Closing org.springframework.boot.web.servlet.context.AnnotationConfigServletWebServerApplicationContext@69c81773: startup date [Sun Feb 16 15:03:16 CET 2020]; root of context hierarchy
15:03:24.199 [main] INFO  o.s.b.t.c.SpringBootTestContextBootstrapper - Neither @ContextConfiguration nor @ContextHierarchy found for test class [org.luksze.ApplicationTest], using SpringBootContextLoader
15:03:24.211 [main] INFO  o.s.t.c.s.AbstractContextLoader - Could not detect default resource locations for test class [org.luksze.ApplicationTest]: no resource found for suffixes {-context.xml, Context.groovy}.
15:03:24.212 [main] INFO  o.s.t.c.s.AnnotationConfigContextLoaderUtils - Could not detect default configuration classes for test class [org.luksze.ApplicationTest]: ApplicationTest does not declare any static, non-private, non-final, nested classes annotated with @Configuration.
15:03:24.534 [main] INFO  o.s.b.t.c.SpringBootTestContextBootstrapper - Found @SpringBootConfiguration org.luksze.Application for test class org.luksze.ApplicationTest
15:03:24.711 [main] INFO  o.s.b.t.c.SpringBootTestContextBootstrapper - Loaded default TestExecutionListener class names from location [META-INF/spring.factories]: [org.springframework.boot.test.mock.mockito.MockitoTestExecutionListener, org.springframework.boot.test.mock.mockito.ResetMocksTestExecutionListener, org.springframework.boot.test.autoconfigure.restdocs.RestDocsTestExecutionListener, org.springframework.boot.test.autoconfigure.web.client.MockRestServiceServerResetTestExecutionListener, org.springframework.boot.test.autoconfigure.web.servlet.MockMvcPrintOnlyOnFailureTestExecutionListener, org.springframework.boot.test.autoconfigure.web.servlet.WebDriverTestExecutionListener, org.springframework.test.context.web.ServletTestExecutionListener, org.springframework.test.context.support.DirtiesContextBeforeModesTestExecutionListener, org.springframework.test.context.support.DependencyInjectionTestExecutionListener, org.springframework.test.context.support.DirtiesContextTestExecutionListener, org.springframework.test.context.transaction.TransactionalTestExecutionListener, org.springframework.test.context.jdbc.SqlScriptsTestExecutionListener]
15:03:24.731 [main] INFO  o.s.b.t.c.SpringBootTestContextBootstrapper - Using TestExecutionListeners: [org.springframework.test.context.web.ServletTestExecutionListener@50ad3bc1, org.springframework.test.context.support.DirtiesContextBeforeModesTestExecutionListener@223aa2f7, org.springframework.boot.test.mock.mockito.MockitoTestExecutionListener@6d3a388c, org.springframework.boot.test.autoconfigure.SpringBootDependencyInjectionTestExecutionListener@193f604a, org.springframework.test.context.support.DirtiesContextTestExecutionListener@20f5239f, org.springframework.boot.test.mock.mockito.ResetMocksTestExecutionListener@57af006c, org.springframework.boot.test.autoconfigure.restdocs.RestDocsTestExecutionListener@6bedbc4d, org.springframework.boot.test.autoconfigure.web.client.MockRestServiceServerResetTestExecutionListener@932bc4a, org.springframework.boot.test.autoconfigure.web.servlet.MockMvcPrintOnlyOnFailureTestExecutionListener@d29f28, org.springframework.boot.test.autoconfigure.web.servlet.WebDriverTestExecutionListener@2fd1433e]
15:03:26.350 [main] WARN  o.s.b.t.j.DuplicateJsonObjectContextCustomizerFactory$DuplicateJsonObjectContextCustomizer - 

Found multiple occurrences of org.json.JSONObject on the class path:

	jar:file:/scratch/dginelli/workspace/repairnator-repairnator-experiments-lukasz-szewc-spring-sandbox-382311803-20180522-205358-firstCommit/.m2/com/vaadin/external/google/android-json/0.0.20131108.vaadin1/android-json-0.0.20131108.vaadin1.jar!/org/json/JSONObject.class
	jar:file:/pfs/nobackup/home/d/dginelli/development/astor-1.0.0-SNAPSHOT-jar-with-dependencies.jar!/org/json/JSONObject.class
	jar:file:/pfs/nobackup/home/d/dginelli/development/repairnator-pipeline-3.3-SNAPSHOT-jar-with-dependencies.jar!/org/json/JSONObject.class

You may wish to exclude one of them to ensure predictable runtime behavior

15:03:26.378 [main] INFO  org.luksze.ApplicationTest - Starting ApplicationTest on b-cn1409.hpc2n.umu.se with PID 851651 (started by dginelli in /scratch/dginelli/workspace/repairnator-repairnator-experiments-lukasz-szewc-spring-sandbox-382311803-20180522-205358-firstCommit)
15:03:26.379 [main] INFO  org.luksze.ApplicationTest - No active profile set, falling back to default profiles: default
15:03:26.444 [main] INFO  o.s.b.w.s.c.AnnotationConfigServletWebServerApplicationContext - Refreshing org.springframework.boot.web.servlet.context.AnnotationConfigServletWebServerApplicationContext@69c81773: startup date [Sun Feb 16 15:03:26 CET 2020]; root of context hierarchy
15:03:28.138 [main] INFO  o.s.b.f.a.AutowiredAnnotationBeanPostProcessor - JSR-330 'javax.inject.Inject' annotation found and supported for autowiring
15:03:28.751 [main] INFO  o.s.b.w.e.tomcat.TomcatWebServer - Tomcat initialized with port(s): 0 (http)
15:03:28.999 [localhost-startStop-1] INFO  o.s.web.context.ContextLoader - Root WebApplicationContext: initialization completed in 2556 ms
15:03:29.201 [localhost-startStop-1] INFO  o.s.b.w.s.ServletRegistrationBean - Servlet dispatcherServlet mapped to [/]
15:03:29.204 [localhost-startStop-1] INFO  o.s.b.w.s.FilterRegistrationBean - Mapping filter: 'characterEncodingFilter' to: [/*]
15:03:29.204 [localhost-startStop-1] INFO  o.s.b.w.s.FilterRegistrationBean - Mapping filter: 'hiddenHttpMethodFilter' to: [/*]
15:03:29.204 [localhost-startStop-1] INFO  o.s.b.w.s.FilterRegistrationBean - Mapping filter: 'httpPutFormContentFilter' to: [/*]
15:03:29.204 [localhost-startStop-1] INFO  o.s.b.w.s.FilterRegistrationBean - Mapping filter: 'requestContextFilter' to: [/*]
15:03:29.446 [main] INFO  o.s.w.s.h.SimpleUrlHandlerMapping - Mapped URL path [/**/favicon.ico] onto handler of type [class org.springframework.web.servlet.resource.ResourceHttpRequestHandler]
15:03:29.785 [main] INFO  o.s.w.s.m.m.a.RequestMappingHandlerAdapter - Looking for @ControllerAdvice: org.springframework.boot.web.servlet.context.AnnotationConfigServletWebServerApplicationContext@69c81773: startup date [Sun Feb 16 15:03:26 CET 2020]; root of context hierarchy
15:03:29.979 [main] INFO  o.s.w.s.m.m.a.RequestMappingHandlerMapping - Mapped "{[/person],methods=[POST]}" onto public void org.luksze.PersonResource.post(org.luksze.Person)
15:03:29.980 [main] INFO  o.s.w.s.m.m.a.RequestMappingHandlerMapping - Mapped "{[/person],methods=[GET]}" onto public java.util.List<org.luksze.Person> org.luksze.PersonResource.get()
15:03:29.984 [main] INFO  o.s.w.s.m.m.a.RequestMappingHandlerMapping - Mapped "{[/error],produces=[text/html]}" onto public org.springframework.web.servlet.ModelAndView org.springframework.boot.autoconfigure.web.servlet.error.BasicErrorController.errorHtml(javax.servlet.http.HttpServletRequest,javax.servlet.http.HttpServletResponse)
15:03:29.984 [main] INFO  o.s.w.s.m.m.a.RequestMappingHandlerMapping - Mapped "{[/error]}" onto public org.springframework.http.ResponseEntity<java.util.Map<java.lang.String, java.lang.Object>> org.springframework.boot.autoconfigure.web.servlet.error.BasicErrorController.error(javax.servlet.http.HttpServletRequest)
15:03:30.039 [main] INFO  o.s.w.s.h.SimpleUrlHandlerMapping - Mapped URL path [/webjars/**] onto handler of type [class org.springframework.web.servlet.resource.ResourceHttpRequestHandler]
15:03:30.039 [main] INFO  o.s.w.s.h.SimpleUrlHandlerMapping - Mapped URL path [/**] onto handler of type [class org.springframework.web.servlet.resource.ResourceHttpRequestHandler]
15:03:31.209 [main] INFO  o.s.b.w.e.tomcat.TomcatWebServer - Tomcat started on port(s): 34329 (http) with context path ''
15:03:31.212 [main] INFO  org.luksze.ApplicationTest - Started ApplicationTest in 6.438 seconds (JVM running for 8.299)
15:03:31.541 [http-nio-auto-1-exec-1] INFO  o.s.web.servlet.DispatcherServlet - FrameworkServlet 'dispatcherServlet': initialization started
15:03:31.558 [http-nio-auto-1-exec-1] INFO  o.s.web.servlet.DispatcherServlet - FrameworkServlet 'dispatcherServlet': initialization completed in 17 ms
15:03:31.832 [main] INFO  o.s.b.w.s.c.AnnotationConfigServletWebServerApplicationContext - Closing org.springframework.boot.web.servlet.context.AnnotationConfigServletWebServerApplicationContext@69c81773: startup date [Sun Feb 16 15:03:26 CET 2020]; root of context hierarchy
15:03:34.312 [main] INFO  o.s.b.t.c.SpringBootTestContextBootstrapper - Neither @ContextConfiguration nor @ContextHierarchy found for test class [org.luksze.ApplicationTest], using SpringBootContextLoader
15:03:34.319 [main] INFO  o.s.t.c.s.AbstractContextLoader - Could not detect default resource locations for test class [org.luksze.ApplicationTest]: no resource found for suffixes {-context.xml, Context.groovy}.
15:03:34.320 [main] INFO  o.s.t.c.s.AnnotationConfigContextLoaderUtils - Could not detect default configuration classes for test class [org.luksze.ApplicationTest]: ApplicationTest does not declare any static, non-private, non-final, nested classes annotated with @Configuration.
15:03:34.632 [main] INFO  o.s.b.t.c.SpringBootTestContextBootstrapper - Found @SpringBootConfiguration org.luksze.Application for test class org.luksze.ApplicationTest
15:03:34.825 [main] INFO  o.s.b.t.c.SpringBootTestContextBootstrapper - Loaded default TestExecutionListener class names from location [META-INF/spring.factories]: [org.springframework.boot.test.mock.mockito.MockitoTestExecutionListener, org.springframework.boot.test.mock.mockito.ResetMocksTestExecutionListener, org.springframework.boot.test.autoconfigure.restdocs.RestDocsTestExecutionListener, org.springframework.boot.test.autoconfigure.web.client.MockRestServiceServerResetTestExecutionListener, org.springframework.boot.test.autoconfigure.web.servlet.MockMvcPrintOnlyOnFailureTestExecutionListener, org.springframework.boot.test.autoconfigure.web.servlet.WebDriverTestExecutionListener, org.springframework.test.context.web.ServletTestExecutionListener, org.springframework.test.context.support.DirtiesContextBeforeModesTestExecutionListener, org.springframework.test.context.support.DependencyInjectionTestExecutionListener, org.springframework.test.context.support.DirtiesContextTestExecutionListener, org.springframework.test.context.transaction.TransactionalTestExecutionListener, org.springframework.test.context.jdbc.SqlScriptsTestExecutionListener]
15:03:34.852 [main] INFO  o.s.b.t.c.SpringBootTestContextBootstrapper - Using TestExecutionListeners: [org.springframework.test.context.web.ServletTestExecutionListener@50ad3bc1, org.springframework.test.context.support.DirtiesContextBeforeModesTestExecutionListener@223aa2f7, org.springframework.boot.test.mock.mockito.MockitoTestExecutionListener@6d3a388c, org.springframework.boot.test.autoconfigure.SpringBootDependencyInjectionTestExecutionListener@193f604a, org.springframework.test.context.support.DirtiesContextTestExecutionListener@20f5239f, org.springframework.boot.test.mock.mockito.ResetMocksTestExecutionListener@57af006c, org.springframework.boot.test.autoconfigure.restdocs.RestDocsTestExecutionListener@6bedbc4d, org.springframework.boot.test.autoconfigure.web.client.MockRestServiceServerResetTestExecutionListener@932bc4a, org.springframework.boot.test.autoconfigure.web.servlet.MockMvcPrintOnlyOnFailureTestExecutionListener@d29f28, org.springframework.boot.test.autoconfigure.web.servlet.WebDriverTestExecutionListener@2fd1433e]
15:03:36.045 [main] WARN  o.s.b.t.j.DuplicateJsonObjectContextCustomizerFactory$DuplicateJsonObjectContextCustomizer - 

Found multiple occurrences of org.json.JSONObject on the class path:

	jar:file:/scratch/dginelli/workspace/repairnator-repairnator-experiments-lukasz-szewc-spring-sandbox-382311803-20180522-205358-firstCommit/.m2/com/vaadin/external/google/android-json/0.0.20131108.vaadin1/android-json-0.0.20131108.vaadin1.jar!/org/json/JSONObject.class
	jar:file:/pfs/nobackup/home/d/dginelli/development/astor-1.0.0-SNAPSHOT-jar-with-dependencies.jar!/org/json/JSONObject.class
	jar:file:/pfs/nobackup/home/d/dginelli/development/repairnator-pipeline-3.3-SNAPSHOT-jar-with-dependencies.jar!/org/json/JSONObject.class

You may wish to exclude one of them to ensure predictable runtime behavior

15:03:36.067 [main] INFO  org.luksze.ApplicationTest - Starting ApplicationTest on b-cn1409.hpc2n.umu.se with PID 852023 (started by dginelli in /scratch/dginelli/workspace/repairnator-repairnator-experiments-lukasz-szewc-spring-sandbox-382311803-20180522-205358-firstCommit)
15:03:36.067 [main] INFO  org.luksze.ApplicationTest - No active profile set, falling back to default profiles: default
15:03:36.111 [main] INFO  o.s.b.w.s.c.AnnotationConfigServletWebServerApplicationContext - Refreshing org.springframework.boot.web.servlet.context.AnnotationConfigServletWebServerApplicationContext@69c81773: startup date [Sun Feb 16 15:03:36 CET 2020]; root of context hierarchy
15:03:37.793 [main] INFO  o.s.b.f.a.AutowiredAnnotationBeanPostProcessor - JSR-330 'javax.inject.Inject' annotation found and supported for autowiring
15:03:38.419 [main] INFO  o.s.b.w.e.tomcat.TomcatWebServer - Tomcat initialized with port(s): 0 (http)
15:03:38.680 [localhost-startStop-1] INFO  o.s.web.context.ContextLoader - Root WebApplicationContext: initialization completed in 2569 ms
15:03:38.900 [localhost-startStop-1] INFO  o.s.b.w.s.ServletRegistrationBean - Servlet dispatcherServlet mapped to [/]
15:03:38.903 [localhost-startStop-1] INFO  o.s.b.w.s.FilterRegistrationBean - Mapping filter: 'characterEncodingFilter' to: [/*]
15:03:38.903 [localhost-startStop-1] INFO  o.s.b.w.s.FilterRegistrationBean - Mapping filter: 'hiddenHttpMethodFilter' to: [/*]
15:03:38.904 [localhost-startStop-1] INFO  o.s.b.w.s.FilterRegistrationBean - Mapping filter: 'httpPutFormContentFilter' to: [/*]
15:03:38.905 [localhost-startStop-1] INFO  o.s.b.w.s.FilterRegistrationBean - Mapping filter: 'requestContextFilter' to: [/*]
15:03:39.128 [main] INFO  o.s.w.s.h.SimpleUrlHandlerMapping - Mapped URL path [/**/favicon.ico] onto handler of type [class org.springframework.web.servlet.resource.ResourceHttpRequestHandler]
15:03:39.450 [main] INFO  o.s.w.s.m.m.a.RequestMappingHandlerAdapter - Looking for @ControllerAdvice: org.springframework.boot.web.servlet.context.AnnotationConfigServletWebServerApplicationContext@69c81773: startup date [Sun Feb 16 15:03:36 CET 2020]; root of context hierarchy
15:03:39.637 [main] INFO  o.s.w.s.m.m.a.RequestMappingHandlerMapping - Mapped "{[/person],methods=[POST]}" onto public void org.luksze.PersonResource.post(org.luksze.Person)
15:03:39.638 [main] INFO  o.s.w.s.m.m.a.RequestMappingHandlerMapping - Mapped "{[/person],methods=[GET]}" onto public java.util.List<org.luksze.Person> org.luksze.PersonResource.get()
15:03:39.651 [main] INFO  o.s.w.s.m.m.a.RequestMappingHandlerMapping - Mapped "{[/error],produces=[text/html]}" onto public org.springframework.web.servlet.ModelAndView org.springframework.boot.autoconfigure.web.servlet.error.BasicErrorController.errorHtml(javax.servlet.http.HttpServletRequest,javax.servlet.http.HttpServletResponse)
15:03:39.652 [main] INFO  o.s.w.s.m.m.a.RequestMappingHandlerMapping - Mapped "{[/error]}" onto public org.springframework.http.ResponseEntity<java.util.Map<java.lang.String, java.lang.Object>> org.springframework.boot.autoconfigure.web.servlet.error.BasicErrorController.error(javax.servlet.http.HttpServletRequest)
15:03:39.694 [main] INFO  o.s.w.s.h.SimpleUrlHandlerMapping - Mapped URL path [/webjars/**] onto handler of type [class org.springframework.web.servlet.resource.ResourceHttpRequestHandler]
15:03:39.694 [main] INFO  o.s.w.s.h.SimpleUrlHandlerMapping - Mapped URL path [/**] onto handler of type [class org.springframework.web.servlet.resource.ResourceHttpRequestHandler]
15:03:40.741 [main] INFO  o.s.b.w.e.tomcat.TomcatWebServer - Tomcat started on port(s): 35111 (http) with context path ''
15:03:40.756 [main] INFO  org.luksze.ApplicationTest - Started ApplicationTest in 5.852 seconds (JVM running for 7.751)
15:03:41.051 [http-nio-auto-1-exec-1] INFO  o.s.web.servlet.DispatcherServlet - FrameworkServlet 'dispatcherServlet': initialization started
15:03:41.069 [http-nio-auto-1-exec-1] INFO  o.s.web.servlet.DispatcherServlet - FrameworkServlet 'dispatcherServlet': initialization completed in 18 ms
15:03:41.336 [main] INFO  o.s.b.w.s.c.AnnotationConfigServletWebServerApplicationContext - Closing org.springframework.boot.web.servlet.context.AnnotationConfigServletWebServerApplicationContext@69c81773: startup date [Sun Feb 16 15:03:36 CET 2020]; root of context hierarchy
