[INFO ] fr.inria.main.evolution.AstorMain.setupLogging(AstorMain.java:272) - Log file at: /scratch/dginelli/workspace/repairnator-repairnator-experiments-donnelldebnam-CodeU-Spring-2018-29-409616646-20180729-224330-firstCommit/repairnator.astor.jkali.log
[INFO ] fr.inria.main.AbstractMain.determineSourceFolders(AbstractMain.java:982) - Source folders: [/scratch/dginelli/workspace/repairnator-repairnator-experiments-donnelldebnam-CodeU-Spring-2018-29-409616646-20180729-224330-firstCommit/src/main/java]
[INFO ] fr.inria.main.AbstractMain.determineSourceFolders(AbstractMain.java:1001) - Source Test folders: [/scratch/dginelli/workspace/repairnator-repairnator-experiments-donnelldebnam-CodeU-Spring-2018-29-409616646-20180729-224330-firstCommit/src/test/java]
[INFO ] fr.inria.astor.core.solutionsearch.AstorCoreEngine.calculateSuspicious(AstorCoreEngine.java:911) - Test retrieved from classes: 21
[INFO ] fr.inria.astor.core.manipulation.MutationSupporter.buildSpoonModel(MutationSupporter.java:236) - Creating model,  Code location from working folder: /scratch/dginelli/workspace/repairnator-repairnator-experiments-donnelldebnam-CodeU-Spring-2018-29-409616646-20180729-224330-firstCommit/src/main/java
[INFO ] fr.inria.astor.core.manipulation.MutationSupporter.buildModel(MutationSupporter.java:67) - building model: /scratch/dginelli/workspace/repairnator-repairnator-experiments-donnelldebnam-CodeU-Spring-2018-29-409616646-20180729-224330-firstCommit/src/main/java, compliance level: 8
[INFO ] fr.inria.astor.core.manipulation.MutationSupporter.buildModel(MutationSupporter.java:81) - Classpath (Dependencies) for building SpoonModel: [/scratch/dginelli/workspace/repairnator-repairnator-experiments-donnelldebnam-CodeU-Spring-2018-29-409616646-20180729-224330-firstCommit/.m2/com/sun/mail/javax.mail/1.5.5/javax.mail-1.5.5.jar, /scratch/dginelli/workspace/repairnator-repairnator-experiments-donnelldebnam-CodeU-Spring-2018-29-409616646-20180729-224330-firstCommit/.m2/javax/activation/activation/1.1/activation-1.1.jar, /scratch/dginelli/workspace/repairnator-repairnator-experiments-donnelldebnam-CodeU-Spring-2018-29-409616646-20180729-224330-firstCommit/.m2/javax/servlet/javax.servlet-api/3.1.0/javax.servlet-api-3.1.0.jar, /scratch/dginelli/workspace/repairnator-repairnator-experiments-donnelldebnam-CodeU-Spring-2018-29-409616646-20180729-224330-firstCommit/.m2/com/google/appengine/appengine-api-1.0-sdk/1.9.59/appengine-api-1.0-sdk-1.9.59.jar, /scratch/dginelli/workspace/repairnator-repairnator-experiments-donnelldebnam-CodeU-Spring-2018-29-409616646-20180729-224330-firstCommit/.m2/org/jsoup/jsoup/1.8.3/jsoup-1.8.3.jar, /scratch/dginelli/workspace/repairnator-repairnator-experiments-donnelldebnam-CodeU-Spring-2018-29-409616646-20180729-224330-firstCommit/.m2/org/mindrot/jbcrypt/0.3m/jbcrypt-0.3m.jar, /scratch/dginelli/workspace/repairnator-repairnator-experiments-donnelldebnam-CodeU-Spring-2018-29-409616646-20180729-224330-firstCommit/.m2/junit/junit/4.12/junit-4.12.jar, /scratch/dginelli/workspace/repairnator-repairnator-experiments-donnelldebnam-CodeU-Spring-2018-29-409616646-20180729-224330-firstCommit/.m2/org/hamcrest/hamcrest-core/1.3/hamcrest-core-1.3.jar, /scratch/dginelli/workspace/repairnator-repairnator-experiments-donnelldebnam-CodeU-Spring-2018-29-409616646-20180729-224330-firstCommit/.m2/org/mockito/mockito-core/2.13.0/mockito-core-2.13.0.jar, /scratch/dginelli/workspace/repairnator-repairnator-experiments-donnelldebnam-CodeU-Spring-2018-29-409616646-20180729-224330-firstCommit/.m2/net/bytebuddy/byte-buddy/1.7.9/byte-buddy-1.7.9.jar, /scratch/dginelli/workspace/repairnator-repairnator-experiments-donnelldebnam-CodeU-Spring-2018-29-409616646-20180729-224330-firstCommit/.m2/net/bytebuddy/byte-buddy-agent/1.7.9/byte-buddy-agent-1.7.9.jar, /scratch/dginelli/workspace/repairnator-repairnator-experiments-donnelldebnam-CodeU-Spring-2018-29-409616646-20180729-224330-firstCommit/.m2/org/objenesis/objenesis/2.6/objenesis-2.6.jar, /scratch/dginelli/workspace/repairnator-repairnator-experiments-donnelldebnam-CodeU-Spring-2018-29-409616646-20180729-224330-firstCommit/.m2/com/google/appengine/appengine-testing/1.9.60/appengine-testing-1.9.60.jar, /scratch/dginelli/workspace/repairnator-repairnator-experiments-donnelldebnam-CodeU-Spring-2018-29-409616646-20180729-224330-firstCommit/.m2/com/google/appengine/appengine-api-labs/1.9.60/appengine-api-labs-1.9.60.jar, /scratch/dginelli/workspace/repairnator-repairnator-experiments-donnelldebnam-CodeU-Spring-2018-29-409616646-20180729-224330-firstCommit/.m2/com/google/appengine/appengine-api-stubs/1.9.60/appengine-api-stubs-1.9.60.jar, /scratch/dginelli/workspace/repairnator-repairnator-experiments-donnelldebnam-CodeU-Spring-2018-29-409616646-20180729-224330-firstCommit/.m2/com/google/appengine/appengine-tools-sdk/1.9.60/appengine-tools-sdk-1.9.60.jar]
[INFO ] fr.inria.astor.core.solutionsearch.AstorCoreEngine.calculateSuspicious(AstorCoreEngine.java:925) - Setting up the max to 105660 milliseconds (105 sec)
[INFO ] fr.inria.astor.core.solutionsearch.AstorCoreEngine.initPopulation(AstorCoreEngine.java:720) - 
---- Creating spoon model
[INFO ] fr.inria.astor.core.manipulation.MutationSupporter.buildSpoonModel(MutationSupporter.java:236) - Creating model,  Code location from working folder: /scratch/dginelli/workspace/repairnator-repairnator-experiments-donnelldebnam-CodeU-Spring-2018-29-409616646-20180729-224330-firstCommit/src/main/java
[INFO ] fr.inria.astor.core.manipulation.MutationSupporter.buildModel(MutationSupporter.java:67) - building model: /scratch/dginelli/workspace/repairnator-repairnator-experiments-donnelldebnam-CodeU-Spring-2018-29-409616646-20180729-224330-firstCommit/src/main/java, compliance level: 8
[INFO ] fr.inria.astor.core.manipulation.MutationSupporter.buildModel(MutationSupporter.java:81) - Classpath (Dependencies) for building SpoonModel: [/scratch/dginelli/workspace/repairnator-repairnator-experiments-donnelldebnam-CodeU-Spring-2018-29-409616646-20180729-224330-firstCommit/.m2/com/sun/mail/javax.mail/1.5.5/javax.mail-1.5.5.jar, /scratch/dginelli/workspace/repairnator-repairnator-experiments-donnelldebnam-CodeU-Spring-2018-29-409616646-20180729-224330-firstCommit/.m2/javax/activation/activation/1.1/activation-1.1.jar, /scratch/dginelli/workspace/repairnator-repairnator-experiments-donnelldebnam-CodeU-Spring-2018-29-409616646-20180729-224330-firstCommit/.m2/javax/servlet/javax.servlet-api/3.1.0/javax.servlet-api-3.1.0.jar, /scratch/dginelli/workspace/repairnator-repairnator-experiments-donnelldebnam-CodeU-Spring-2018-29-409616646-20180729-224330-firstCommit/.m2/com/google/appengine/appengine-api-1.0-sdk/1.9.59/appengine-api-1.0-sdk-1.9.59.jar, /scratch/dginelli/workspace/repairnator-repairnator-experiments-donnelldebnam-CodeU-Spring-2018-29-409616646-20180729-224330-firstCommit/.m2/org/jsoup/jsoup/1.8.3/jsoup-1.8.3.jar, /scratch/dginelli/workspace/repairnator-repairnator-experiments-donnelldebnam-CodeU-Spring-2018-29-409616646-20180729-224330-firstCommit/.m2/org/mindrot/jbcrypt/0.3m/jbcrypt-0.3m.jar, /scratch/dginelli/workspace/repairnator-repairnator-experiments-donnelldebnam-CodeU-Spring-2018-29-409616646-20180729-224330-firstCommit/.m2/junit/junit/4.12/junit-4.12.jar, /scratch/dginelli/workspace/repairnator-repairnator-experiments-donnelldebnam-CodeU-Spring-2018-29-409616646-20180729-224330-firstCommit/.m2/org/hamcrest/hamcrest-core/1.3/hamcrest-core-1.3.jar, /scratch/dginelli/workspace/repairnator-repairnator-experiments-donnelldebnam-CodeU-Spring-2018-29-409616646-20180729-224330-firstCommit/.m2/org/mockito/mockito-core/2.13.0/mockito-core-2.13.0.jar, /scratch/dginelli/workspace/repairnator-repairnator-experiments-donnelldebnam-CodeU-Spring-2018-29-409616646-20180729-224330-firstCommit/.m2/net/bytebuddy/byte-buddy/1.7.9/byte-buddy-1.7.9.jar, /scratch/dginelli/workspace/repairnator-repairnator-experiments-donnelldebnam-CodeU-Spring-2018-29-409616646-20180729-224330-firstCommit/.m2/net/bytebuddy/byte-buddy-agent/1.7.9/byte-buddy-agent-1.7.9.jar, /scratch/dginelli/workspace/repairnator-repairnator-experiments-donnelldebnam-CodeU-Spring-2018-29-409616646-20180729-224330-firstCommit/.m2/org/objenesis/objenesis/2.6/objenesis-2.6.jar, /scratch/dginelli/workspace/repairnator-repairnator-experiments-donnelldebnam-CodeU-Spring-2018-29-409616646-20180729-224330-firstCommit/.m2/com/google/appengine/appengine-testing/1.9.60/appengine-testing-1.9.60.jar, /scratch/dginelli/workspace/repairnator-repairnator-experiments-donnelldebnam-CodeU-Spring-2018-29-409616646-20180729-224330-firstCommit/.m2/com/google/appengine/appengine-api-labs/1.9.60/appengine-api-labs-1.9.60.jar, /scratch/dginelli/workspace/repairnator-repairnator-experiments-donnelldebnam-CodeU-Spring-2018-29-409616646-20180729-224330-firstCommit/.m2/com/google/appengine/appengine-api-stubs/1.9.60/appengine-api-stubs-1.9.60.jar, /scratch/dginelli/workspace/repairnator-repairnator-experiments-donnelldebnam-CodeU-Spring-2018-29-409616646-20180729-224330-firstCommit/.m2/com/google/appengine/appengine-tools-sdk/1.9.60/appengine-tools-sdk-1.9.60.jar]
[INFO ] fr.inria.astor.core.solutionsearch.AstorCoreEngine.initModel(AstorCoreEngine.java:790) - Number of CtTypes created: 26
[INFO ] fr.inria.astor.core.solutionsearch.AstorCoreEngine.initPopulation(AstorCoreEngine.java:724) - 
---- Initial suspicious size: 10
[INFO ] fr.inria.astor.core.solutionsearch.population.ProgramVariantFactory.createProgramInstance(ProgramVariantFactory.java:134) - Total suspicious from FL: 10,  10
[INFO ] fr.inria.astor.core.solutionsearch.population.ProgramVariantFactory.createProgramInstance(ProgramVariantFactory.java:143) - Total ModPoint created: 10
[INFO ] fr.inria.astor.core.solutionsearch.population.ProgramVariantFactory.createInitialPopulation(ProgramVariantFactory.java:82) - Creating program variant #1, [Variant id: 1, #gens: 10, #ops: 0, parent:-]
[INFO ] fr.inria.astor.core.solutionsearch.AstorCoreEngine.setFitnessOfPopulation(AstorCoreEngine.java:765) - The original fitness is : 1.0
[INFO ] fr.inria.astor.core.setup.ConfigurationProperties.print(ConfigurationProperties.java:66) - ----------------------------
[INFO ] fr.inria.astor.core.setup.ConfigurationProperties.print(ConfigurationProperties.java:67) - ---Configuration properties:---Execution values
[INFO ] fr.inria.astor.core.setup.ConfigurationProperties.print(ConfigurationProperties.java:69) - p:lastJUnitVersion= ./examples/libs/junit-4.11.jar
[INFO ] fr.inria.astor.core.setup.ConfigurationProperties.print(ConfigurationProperties.java:69) - p:alternativecompliancelevel= 8
[INFO ] fr.inria.astor.core.setup.ConfigurationProperties.print(ConfigurationProperties.java:69) - p:ignoredTestCases= 
[INFO ] fr.inria.astor.core.setup.ConfigurationProperties.print(ConfigurationProperties.java:69) - p:workingDirectory= /proj/nobackup/snic2020-10-10/astor
[INFO ] fr.inria.astor.core.setup.ConfigurationProperties.print(ConfigurationProperties.java:69) - p:manipulatesuper= false
[INFO ] fr.inria.astor.core.setup.ConfigurationProperties.print(ConfigurationProperties.java:69) - p:validation= process
[INFO ] fr.inria.astor.core.setup.ConfigurationProperties.print(ConfigurationProperties.java:69) - p:jvm4testexecution= /cvmfs/ebsw.hpc2n.umu.se/amd64_ubuntu1604_common/software/Core/Java/1.8.0_202/bin
[INFO ] fr.inria.astor.core.setup.ConfigurationProperties.print(ConfigurationProperties.java:69) - p:operatorspace= suppression
[INFO ] fr.inria.astor.core.setup.ConfigurationProperties.print(ConfigurationProperties.java:69) - p:disablelog= false
[INFO ] fr.inria.astor.core.setup.ConfigurationProperties.print(ConfigurationProperties.java:69) - p:binjavafolder= /target/classes
[INFO ] fr.inria.astor.core.setup.ConfigurationProperties.print(ConfigurationProperties.java:69) - p:synthesis_depth= 3
[INFO ] fr.inria.astor.core.setup.ConfigurationProperties.print(ConfigurationProperties.java:69) - p:gzoltartestpackagetoexclude= junit.framework
[INFO ] fr.inria.astor.core.setup.ConfigurationProperties.print(ConfigurationProperties.java:69) - p:skipfitnessinitialpopulation= false
[INFO ] fr.inria.astor.core.setup.ConfigurationProperties.print(ConfigurationProperties.java:69) - p:evosuiteresultfolder= evosuite
[INFO ] fr.inria.astor.core.setup.ConfigurationProperties.print(ConfigurationProperties.java:69) - p:flthreshold= 0.1
[INFO ] fr.inria.astor.core.setup.ConfigurationProperties.print(ConfigurationProperties.java:69) - p:regressionforfaultlocalization= true
[INFO ] fr.inria.astor.core.setup.ConfigurationProperties.print(ConfigurationProperties.java:69) - p:collectonlyusedmethod= false
[INFO ] fr.inria.astor.core.setup.ConfigurationProperties.print(ConfigurationProperties.java:69) - p:preservelinenumbers= true
[INFO ] fr.inria.astor.core.setup.ConfigurationProperties.print(ConfigurationProperties.java:69) - p:tmax2= 105660
[INFO ] fr.inria.astor.core.setup.ConfigurationProperties.print(ConfigurationProperties.java:69) - p:tmax1= 10000
[INFO ] fr.inria.astor.core.setup.ConfigurationProperties.print(ConfigurationProperties.java:69) - p:probagenmutation= false
[INFO ] fr.inria.astor.core.setup.ConfigurationProperties.print(ConfigurationProperties.java:69) - p:nomodificationconvergence= 100
[INFO ] fr.inria.astor.core.setup.ConfigurationProperties.print(ConfigurationProperties.java:69) - p:diff_type= relative
[INFO ] fr.inria.astor.core.setup.ConfigurationProperties.print(ConfigurationProperties.java:69) - p:targetelementprocessor= statements
[INFO ] fr.inria.astor.core.setup.ConfigurationProperties.print(ConfigurationProperties.java:69) - p:srctestfolder= src/test/java
[INFO ] fr.inria.astor.core.setup.ConfigurationProperties.print(ConfigurationProperties.java:69) - p:forceExecuteRegression= false
[INFO ] fr.inria.astor.core.setup.ConfigurationProperties.print(ConfigurationProperties.java:69) - p:clusteringfilename= clustering.csv
[INFO ] fr.inria.astor.core.setup.ConfigurationProperties.print(ConfigurationProperties.java:69) - p:logtestexecution= false
[INFO ] fr.inria.astor.core.setup.ConfigurationProperties.print(ConfigurationProperties.java:69) - p:evo_buggy_class= true
[INFO ] fr.inria.astor.core.setup.ConfigurationProperties.print(ConfigurationProperties.java:69) - p:numberExecutions= 1
[INFO ] fr.inria.astor.core.setup.ConfigurationProperties.print(ConfigurationProperties.java:69) - p:maxnumbersolutions= 3
[INFO ] fr.inria.astor.core.setup.ConfigurationProperties.print(ConfigurationProperties.java:69) - p:evo_affected_by_op= true
[INFO ] fr.inria.astor.core.setup.ConfigurationProperties.print(ConfigurationProperties.java:69) - p:population= 1
[INFO ] fr.inria.astor.core.setup.ConfigurationProperties.print(ConfigurationProperties.java:69) - p:considerzerovaluesusp= false
[INFO ] fr.inria.astor.core.setup.ConfigurationProperties.print(ConfigurationProperties.java:69) - p:maxCombinationVariableLimit= false
[INFO ] fr.inria.astor.core.setup.ConfigurationProperties.print(ConfigurationProperties.java:69) - p:loglevel= INFO
[INFO ] fr.inria.astor.core.setup.ConfigurationProperties.print(ConfigurationProperties.java:69) - p:savesolution= true
[INFO ] fr.inria.astor.core.setup.ConfigurationProperties.print(ConfigurationProperties.java:69) - p:javacompliancelevel= 8
[INFO ] fr.inria.astor.core.setup.ConfigurationProperties.print(ConfigurationProperties.java:69) - p:uniqueoptogen= false
[INFO ] fr.inria.astor.core.setup.ConfigurationProperties.print(ConfigurationProperties.java:69) - p:gzoltarpackagetonotinstrument= junit.framework
[INFO ] fr.inria.astor.core.setup.ConfigurationProperties.print(ConfigurationProperties.java:69) - p:projectIdentifier= AstorJKali-repairnator-repairnator-experiments-donnelldebnam-CodeU-Spring-2018-29-409616646-20180729-224330-firstCommit
[INFO ] fr.inria.astor.core.setup.ConfigurationProperties.print(ConfigurationProperties.java:69) - p:modificationpointnavigation= weight
[INFO ] fr.inria.astor.core.setup.ConfigurationProperties.print(ConfigurationProperties.java:69) - p:stopfirst= true
[INFO ] fr.inria.astor.core.setup.ConfigurationProperties.print(ConfigurationProperties.java:69) - p:multipointmodification= false
[INFO ] fr.inria.astor.core.setup.ConfigurationProperties.print(ConfigurationProperties.java:69) - p:elementsToMutate= 10
[INFO ] fr.inria.astor.core.setup.ConfigurationProperties.print(ConfigurationProperties.java:69) - p:jsonoutputname= astor_output
[INFO ] fr.inria.astor.core.setup.ConfigurationProperties.print(ConfigurationProperties.java:69) - p:evoDSE= false
[INFO ] fr.inria.astor.core.setup.ConfigurationProperties.print(ConfigurationProperties.java:69) - p:bintestfolder= /target/test-classes
[INFO ] fr.inria.astor.core.setup.ConfigurationProperties.print(ConfigurationProperties.java:69) - p:testbystep= false
[INFO ] fr.inria.astor.core.setup.ConfigurationProperties.print(ConfigurationProperties.java:69) - p:version-location= ./math-version/
[INFO ] fr.inria.astor.core.setup.ConfigurationProperties.print(ConfigurationProperties.java:69) - p:reintroduce= PARENTS:ORIGINAL
[INFO ] fr.inria.astor.core.setup.ConfigurationProperties.print(ConfigurationProperties.java:69) - p:executorjar= ./lib/jtestex7.jar
[INFO ] fr.inria.astor.core.setup.ConfigurationProperties.print(ConfigurationProperties.java:69) - p:maxGeneration= 200
[INFO ] fr.inria.astor.core.setup.ConfigurationProperties.print(ConfigurationProperties.java:69) - p:max_synthesis_step= 10000
[INFO ] fr.inria.astor.core.setup.ConfigurationProperties.print(ConfigurationProperties.java:69) - p:projectinfocommand= com.github.tdurieux:project-config-maven-plugin:info
[INFO ] fr.inria.astor.core.setup.ConfigurationProperties.print(ConfigurationProperties.java:69) - p:maxVarCombination= 1000
[INFO ] fr.inria.astor.core.setup.ConfigurationProperties.print(ConfigurationProperties.java:69) - p:maxtime= 100
[INFO ] fr.inria.astor.core.setup.ConfigurationProperties.print(ConfigurationProperties.java:69) - p:evosuitejar= ./lib/evosuite-master-1.0.4-SNAPSHOT.jar
[INFO ] fr.inria.astor.core.setup.ConfigurationProperties.print(ConfigurationProperties.java:69) - p:jvmversion= 1.8.0_202
[INFO ] fr.inria.astor.core.setup.ConfigurationProperties.print(ConfigurationProperties.java:69) - p:commandTrunk= 50000
[INFO ] fr.inria.astor.core.setup.ConfigurationProperties.print(ConfigurationProperties.java:69) - p:faultlocalization= CoCoSpoon
[INFO ] fr.inria.astor.core.setup.ConfigurationProperties.print(ConfigurationProperties.java:69) - p:resetmodel= true
[INFO ] fr.inria.astor.core.setup.ConfigurationProperties.print(ConfigurationProperties.java:69) - p:maxsuspcandidates= 1000
[INFO ] fr.inria.astor.core.setup.ConfigurationProperties.print(ConfigurationProperties.java:69) - p:mode= jkali
[INFO ] fr.inria.astor.core.setup.ConfigurationProperties.print(ConfigurationProperties.java:69) - p:learningdir= 
[INFO ] fr.inria.astor.core.setup.ConfigurationProperties.print(ConfigurationProperties.java:69) - p:jvm4evosuitetestexecution= /cvmfs/ebsw.hpc2n.umu.se/amd64_ubuntu1604_common/software/Core/Java/1.8.0_202/bin
[INFO ] fr.inria.astor.core.setup.ConfigurationProperties.print(ConfigurationProperties.java:69) - p:filterfaultlocalization= true
[INFO ] fr.inria.astor.core.setup.ConfigurationProperties.print(ConfigurationProperties.java:69) - p:mutationrate= 1 
[INFO ] fr.inria.astor.core.setup.ConfigurationProperties.print(ConfigurationProperties.java:69) - p:pathToMVNRepository= 
[INFO ] fr.inria.astor.core.setup.ConfigurationProperties.print(ConfigurationProperties.java:69) - p:resourcesfolder= /src/main/resources:/src/test/resources:
[INFO ] fr.inria.astor.core.setup.ConfigurationProperties.print(ConfigurationProperties.java:69) - p:runjava7code= false
[INFO ] fr.inria.astor.core.setup.ConfigurationProperties.print(ConfigurationProperties.java:69) - p:timezone= Europe/Paris
[INFO ] fr.inria.astor.core.setup.ConfigurationProperties.print(ConfigurationProperties.java:69) - p:evoRunOnBuggyClass= true
[INFO ] fr.inria.astor.core.setup.ConfigurationProperties.print(ConfigurationProperties.java:69) - p:compiler= fr.inria.astor.core.manipulation.bytecode.compiler.SpoonClassCompiler
[INFO ] fr.inria.astor.core.setup.ConfigurationProperties.print(ConfigurationProperties.java:69) - p:limitbysuspicious= false
[INFO ] fr.inria.astor.core.setup.ConfigurationProperties.print(ConfigurationProperties.java:69) - p:logsattemps= true
[INFO ] fr.inria.astor.core.setup.ConfigurationProperties.print(ConfigurationProperties.java:69) - p:dependenciespath= /scratch/dginelli/workspace/repairnator-repairnator-experiments-donnelldebnam-CodeU-Spring-2018-29-409616646-20180729-224330-firstCommit/.m2/com/sun/mail/javax.mail/1.5.5/javax.mail-1.5.5.jar:/scratch/dginelli/workspace/repairnator-repairnator-experiments-donnelldebnam-CodeU-Spring-2018-29-409616646-20180729-224330-firstCommit/.m2/javax/activation/activation/1.1/activation-1.1.jar:/scratch/dginelli/workspace/repairnator-repairnator-experiments-donnelldebnam-CodeU-Spring-2018-29-409616646-20180729-224330-firstCommit/.m2/javax/servlet/javax.servlet-api/3.1.0/javax.servlet-api-3.1.0.jar:/scratch/dginelli/workspace/repairnator-repairnator-experiments-donnelldebnam-CodeU-Spring-2018-29-409616646-20180729-224330-firstCommit/.m2/com/google/appengine/appengine-api-1.0-sdk/1.9.59/appengine-api-1.0-sdk-1.9.59.jar:/scratch/dginelli/workspace/repairnator-repairnator-experiments-donnelldebnam-CodeU-Spring-2018-29-409616646-20180729-224330-firstCommit/.m2/org/jsoup/jsoup/1.8.3/jsoup-1.8.3.jar:/scratch/dginelli/workspace/repairnator-repairnator-experiments-donnelldebnam-CodeU-Spring-2018-29-409616646-20180729-224330-firstCommit/.m2/org/mindrot/jbcrypt/0.3m/jbcrypt-0.3m.jar:/scratch/dginelli/workspace/repairnator-repairnator-experiments-donnelldebnam-CodeU-Spring-2018-29-409616646-20180729-224330-firstCommit/.m2/junit/junit/4.12/junit-4.12.jar:/scratch/dginelli/workspace/repairnator-repairnator-experiments-donnelldebnam-CodeU-Spring-2018-29-409616646-20180729-224330-firstCommit/.m2/org/hamcrest/hamcrest-core/1.3/hamcrest-core-1.3.jar:/scratch/dginelli/workspace/repairnator-repairnator-experiments-donnelldebnam-CodeU-Spring-2018-29-409616646-20180729-224330-firstCommit/.m2/org/mockito/mockito-core/2.13.0/mockito-core-2.13.0.jar:/scratch/dginelli/workspace/repairnator-repairnator-experiments-donnelldebnam-CodeU-Spring-2018-29-409616646-20180729-224330-firstCommit/.m2/net/bytebuddy/byte-buddy/1.7.9/byte-buddy-1.7.9.jar:/scratch/dginelli/workspace/repairnator-repairnator-experiments-donnelldebnam-CodeU-Spring-2018-29-409616646-20180729-224330-firstCommit/.m2/net/bytebuddy/byte-buddy-agent/1.7.9/byte-buddy-agent-1.7.9.jar:/scratch/dginelli/workspace/repairnator-repairnator-experiments-donnelldebnam-CodeU-Spring-2018-29-409616646-20180729-224330-firstCommit/.m2/org/objenesis/objenesis/2.6/objenesis-2.6.jar:/scratch/dginelli/workspace/repairnator-repairnator-experiments-donnelldebnam-CodeU-Spring-2018-29-409616646-20180729-224330-firstCommit/.m2/com/google/appengine/appengine-testing/1.9.60/appengine-testing-1.9.60.jar:/scratch/dginelli/workspace/repairnator-repairnator-experiments-donnelldebnam-CodeU-Spring-2018-29-409616646-20180729-224330-firstCommit/.m2/com/google/appengine/appengine-api-labs/1.9.60/appengine-api-labs-1.9.60.jar:/scratch/dginelli/workspace/repairnator-repairnator-experiments-donnelldebnam-CodeU-Spring-2018-29-409616646-20180729-224330-firstCommit/.m2/com/google/appengine/appengine-api-stubs/1.9.60/appengine-api-stubs-1.9.60.jar:/scratch/dginelli/workspace/repairnator-repairnator-experiments-donnelldebnam-CodeU-Spring-2018-29-409616646-20180729-224330-firstCommit/.m2/com/google/appengine/appengine-tools-sdk/1.9.60/appengine-tools-sdk-1.9.60.jar
[INFO ] fr.inria.astor.core.setup.ConfigurationProperties.print(ConfigurationProperties.java:69) - p:logpatternlayout= [%-5p] %l - %m%n
[INFO ] fr.inria.astor.core.setup.ConfigurationProperties.print(ConfigurationProperties.java:69) - p:packageToInstrument= 
[INFO ] fr.inria.astor.core.setup.ConfigurationProperties.print(ConfigurationProperties.java:69) - p:skipfaultlocalization= false
[INFO ] fr.inria.astor.core.setup.ConfigurationProperties.print(ConfigurationProperties.java:69) - p:scope= package
[INFO ] fr.inria.astor.core.setup.ConfigurationProperties.print(ConfigurationProperties.java:69) - p:transformingredient= false
[INFO ] fr.inria.astor.core.setup.ConfigurationProperties.print(ConfigurationProperties.java:69) - p:fitnessfunction= fr.inria.astor.core.solutionsearch.population.TestCaseFitnessFunction
[INFO ] fr.inria.astor.core.setup.ConfigurationProperties.print(ConfigurationProperties.java:69) - p:maxnumvariablesperingredient= 10
[INFO ] fr.inria.astor.core.setup.ConfigurationProperties.print(ConfigurationProperties.java:69) - p:logfilepath= /scratch/dginelli/workspace/repairnator-repairnator-experiments-donnelldebnam-CodeU-Spring-2018-29-409616646-20180729-224330-firstCommit/repairnator.astor.jkali.log
[INFO ] fr.inria.astor.core.setup.ConfigurationProperties.print(ConfigurationProperties.java:69) - p:parsesourcefromoriginal= true
[INFO ] fr.inria.astor.core.setup.ConfigurationProperties.print(ConfigurationProperties.java:69) - p:pvariantfoldername= variant-
[INFO ] fr.inria.astor.core.setup.ConfigurationProperties.print(ConfigurationProperties.java:69) - p:savespoonmodelondisk= false
[INFO ] fr.inria.astor.core.setup.ConfigurationProperties.print(ConfigurationProperties.java:69) - p:srcjavafolder= src/main/java/
[INFO ] fr.inria.astor.core.setup.ConfigurationProperties.print(ConfigurationProperties.java:69) - p:populationcontroller= fr.inria.astor.core.solutionsearch.population.TestCaseBasedFitnessPopulationController
[INFO ] fr.inria.astor.core.setup.ConfigurationProperties.print(ConfigurationProperties.java:69) - p:ignoreflakyinfl= false
[INFO ] fr.inria.astor.core.setup.ConfigurationProperties.print(ConfigurationProperties.java:69) - p:cleantemplates= true
[INFO ] fr.inria.astor.core.setup.ConfigurationProperties.print(ConfigurationProperties.java:69) - p:applyCrossover= false
[INFO ] fr.inria.astor.core.setup.ConfigurationProperties.print(ConfigurationProperties.java:69) - p:maxmodificationpoints= 1000
[INFO ] fr.inria.astor.core.setup.ConfigurationProperties.print(ConfigurationProperties.java:69) - p:duplicateingredientsinspace= false
[INFO ] fr.inria.astor.core.setup.ConfigurationProperties.print(ConfigurationProperties.java:69) - p:metid= 0
[INFO ] fr.inria.astor.core.setup.ConfigurationProperties.print(ConfigurationProperties.java:69) - p:continuewhenmodelfail= true
[INFO ] fr.inria.astor.core.setup.ConfigurationProperties.print(ConfigurationProperties.java:69) - p:saveall= false
[INFO ] fr.inria.astor.core.setup.ConfigurationProperties.print(ConfigurationProperties.java:69) - p:seed= 1
[INFO ] fr.inria.astor.core.setup.ConfigurationProperties.print(ConfigurationProperties.java:69) - p:savecompletepatched= true
[INFO ] fr.inria.astor.core.setup.ConfigurationProperties.print(ConfigurationProperties.java:69) - p:resetoperations= false
[INFO ] fr.inria.astor.core.setup.ConfigurationProperties.print(ConfigurationProperties.java:69) - p:processoutputinfile= false
[INFO ] fr.inria.astor.core.setup.ConfigurationProperties.print(ConfigurationProperties.java:69) - p:location= /scratch/dginelli/workspace/repairnator-repairnator-experiments-donnelldebnam-CodeU-Spring-2018-29-409616646-20180729-224330-firstCommit
[INFO ] fr.inria.astor.core.setup.ConfigurationProperties.print(ConfigurationProperties.java:69) - p:probabilistictransformation= true
[INFO ] fr.inria.astor.core.setup.ConfigurationProperties.print(ConfigurationProperties.java:69) - p:overridemaxtime= true
[INFO ] fr.inria.astor.core.setup.ConfigurationProperties.print(ConfigurationProperties.java:69) - p:outputjsonresult= false
[INFO ] fr.inria.astor.core.setup.ConfigurationProperties.print(ConfigurationProperties.java:69) - p:allpoints= false
[INFO ] fr.inria.astor.core.setup.ConfigurationProperties.print(ConfigurationProperties.java:69) - p:bugId= 280
[INFO ] fr.inria.astor.core.setup.ConfigurationProperties.print(ConfigurationProperties.java:69) - p:evosuitetimeout= 120
[INFO ] fr.inria.astor.core.setup.ConfigurationProperties.print(ConfigurationProperties.java:69) - p:maxtimefactor= 10
[INFO ] fr.inria.astor.core.setup.ConfigurationProperties.print(ConfigurationProperties.java:69) - p:nrPlaceholders= 1
[INFO ] fr.inria.astor.core.setup.ConfigurationProperties.print(ConfigurationProperties.java:69) - p:forcesubprocesskilling= true
[INFO ] fr.inria.astor.core.setup.ConfigurationProperties.print(ConfigurationProperties.java:71) - ----------------------------
[INFO ] fr.inria.astor.core.solutionsearch.ExhaustiveSearchEngine.startEvolution(ExhaustiveSearchEngine.java:59) - mod_point MP=codeu.model.data.User line: 91, pointed element: CtAssignmentImpl
[INFO ] fr.inria.astor.core.solutionsearch.ExhaustiveSearchEngine.startEvolution(ExhaustiveSearchEngine.java:60) - -->op: OP_INSTANCE:
RemoveOp:(spoon.support.reflect.code.CtAssignmentImpl) `this.aboutMe = aboutMe ` -topatch--> `-` (null) 
[INFO ] fr.inria.astor.core.solutionsearch.ExhaustiveSearchEngine.startEvolution(ExhaustiveSearchEngine.java:59) - mod_point MP=codeu.model.data.User line: 81, pointed element: CtAssignmentImpl
[INFO ] fr.inria.astor.core.solutionsearch.ExhaustiveSearchEngine.startEvolution(ExhaustiveSearchEngine.java:60) - -->op: OP_INSTANCE:
RemoveOp:(spoon.support.reflect.code.CtAssignmentImpl) `this.admin = status ` -topatch--> `-` (null) 
[INFO ] fr.inria.astor.core.solutionsearch.ExhaustiveSearchEngine.startEvolution(ExhaustiveSearchEngine.java:59) - mod_point MP=codeu.model.data.User line: 50, pointed element: CtAssignmentImpl
[INFO ] fr.inria.astor.core.solutionsearch.ExhaustiveSearchEngine.startEvolution(ExhaustiveSearchEngine.java:60) - -->op: OP_INSTANCE:
RemoveOp:(spoon.support.reflect.code.CtAssignmentImpl) `this.email = "" ` -topatch--> `-` (null) 
[INFO ] fr.inria.astor.core.solutionsearch.ExhaustiveSearchEngine.startEvolution(ExhaustiveSearchEngine.java:59) - mod_point MP=codeu.model.data.User line: 51, pointed element: CtAssignmentImpl
[INFO ] fr.inria.astor.core.solutionsearch.ExhaustiveSearchEngine.startEvolution(ExhaustiveSearchEngine.java:60) - -->op: OP_INSTANCE:
RemoveOp:(spoon.support.reflect.code.CtAssignmentImpl) `this.hashtagSet = new java.util.HashSet<java.lang.String>() ` -topatch--> `-` (null) 
[INFO ] fr.inria.astor.core.solutionsearch.ExhaustiveSearchEngine.startEvolution(ExhaustiveSearchEngine.java:59) - mod_point MP=codeu.model.data.User line: 48, pointed element: CtAssignmentImpl
[INFO ] fr.inria.astor.core.solutionsearch.ExhaustiveSearchEngine.startEvolution(ExhaustiveSearchEngine.java:60) - -->op: OP_INSTANCE:
RemoveOp:(spoon.support.reflect.code.CtAssignmentImpl) `this.admin = false ` -topatch--> `-` (null) 
[INFO ] fr.inria.astor.core.solutionsearch.ExhaustiveSearchEngine.startEvolution(ExhaustiveSearchEngine.java:59) - mod_point MP=codeu.model.data.User line: 49, pointed element: CtAssignmentImpl
[INFO ] fr.inria.astor.core.solutionsearch.ExhaustiveSearchEngine.startEvolution(ExhaustiveSearchEngine.java:60) - -->op: OP_INSTANCE:
RemoveOp:(spoon.support.reflect.code.CtAssignmentImpl) `this.aboutMe = "" ` -topatch--> `-` (null) 
[INFO ] fr.inria.astor.core.solutionsearch.ExhaustiveSearchEngine.startEvolution(ExhaustiveSearchEngine.java:59) - mod_point MP=codeu.model.data.User line: 46, pointed element: CtAssignmentImpl
[INFO ] fr.inria.astor.core.solutionsearch.ExhaustiveSearchEngine.startEvolution(ExhaustiveSearchEngine.java:60) - -->op: OP_INSTANCE:
RemoveOp:(spoon.support.reflect.code.CtAssignmentImpl) `this.passwordHash = passwordHash ` -topatch--> `-` (null) 
[INFO ] fr.inria.astor.core.solutionsearch.ExhaustiveSearchEngine.startEvolution(ExhaustiveSearchEngine.java:59) - mod_point MP=codeu.model.data.User line: 47, pointed element: CtAssignmentImpl
[INFO ] fr.inria.astor.core.solutionsearch.ExhaustiveSearchEngine.startEvolution(ExhaustiveSearchEngine.java:60) - -->op: OP_INSTANCE:
RemoveOp:(spoon.support.reflect.code.CtAssignmentImpl) `this.creation = creation ` -topatch--> `-` (null) 
[INFO ] fr.inria.astor.core.solutionsearch.ExhaustiveSearchEngine.startEvolution(ExhaustiveSearchEngine.java:59) - mod_point MP=codeu.model.data.User line: 44, pointed element: CtAssignmentImpl
[INFO ] fr.inria.astor.core.solutionsearch.ExhaustiveSearchEngine.startEvolution(ExhaustiveSearchEngine.java:60) - -->op: OP_INSTANCE:
RemoveOp:(spoon.support.reflect.code.CtAssignmentImpl) `this.id = id ` -topatch--> `-` (null) 
[INFO ] fr.inria.astor.core.solutionsearch.ExhaustiveSearchEngine.startEvolution(ExhaustiveSearchEngine.java:59) - mod_point MP=codeu.model.data.User line: 45, pointed element: CtAssignmentImpl
[INFO ] fr.inria.astor.core.solutionsearch.ExhaustiveSearchEngine.startEvolution(ExhaustiveSearchEngine.java:60) - -->op: OP_INSTANCE:
RemoveOp:(spoon.support.reflect.code.CtAssignmentImpl) `this.name = name ` -topatch--> `-` (null) 
[INFO ] fr.inria.astor.core.solutionsearch.AstorCoreEngine.atEnd(AstorCoreEngine.java:171) - Time Repair Loop (s): 56.022
[INFO ] fr.inria.astor.core.solutionsearch.AstorCoreEngine.atEnd(AstorCoreEngine.java:173) - generationsexecuted: 1
[INFO ] fr.inria.astor.core.solutionsearch.AstorCoreEngine.printFinalStatus(AstorCoreEngine.java:255) - 
----SUMMARY_EXECUTION---
[INFO ] fr.inria.astor.core.solutionsearch.AstorCoreEngine.printFinalStatus(AstorCoreEngine.java:265) - End Repair Search: NOT Found solution
[INFO ] fr.inria.main.evolution.AstorMain.run(AstorMain.java:190) - Time Total(s): 77.054
