2018-05-14 09:39:22,377 - Log4JLogChute initialized using file 'velocity.log'
2018-05-14 09:39:22,378 - Initializing Velocity, Calling init()...
2018-05-14 09:39:22,378 - Starting Apache Velocity v1.7 (compiled: 2010-11-19 12:14:37)
2018-05-14 09:39:22,378 - Default Properties File: org/apache/velocity/runtime/defaults/velocity.properties
2018-05-14 09:39:22,378 - Trying to use logger class org.apache.velocity.runtime.log.AvalonLogChute
2018-05-14 09:39:22,378 - Target log system for org.apache.velocity.runtime.log.AvalonLogChute is not available (java.lang.NoClassDefFoundError: org/apache/log/format/Formatter).  Falling back to next log system...
2018-05-14 09:39:22,378 - Trying to use logger class org.apache.velocity.runtime.log.Log4JLogChute
2018-05-14 09:39:22,378 - Using logger class org.apache.velocity.runtime.log.Log4JLogChute
2018-05-14 09:39:22,381 - ResourceLoader instantiated: org.apache.velocity.runtime.resource.loader.StringResourceLoader
2018-05-14 09:39:22,382 - Creating string repository using class org.apache.velocity.runtime.resource.util.StringResourceRepositoryImpl...
2018-05-14 09:39:22,382 - Default repository encoding is UTF-8
2018-05-14 09:39:22,391 - ResourceCache: initialized (class org.apache.velocity.runtime.resource.ResourceCacheImpl) with class java.util.Collections$SynchronizedMap cache map.
2018-05-14 09:39:22,392 - Loaded System Directive: org.apache.velocity.runtime.directive.Stop
2018-05-14 09:39:22,393 - Loaded System Directive: org.apache.velocity.runtime.directive.Define
2018-05-14 09:39:22,393 - Loaded System Directive: org.apache.velocity.runtime.directive.Break
2018-05-14 09:39:22,394 - Loaded System Directive: org.apache.velocity.runtime.directive.Evaluate
2018-05-14 09:39:22,395 - Loaded System Directive: org.apache.velocity.runtime.directive.Literal
2018-05-14 09:39:22,396 - Loaded System Directive: org.apache.velocity.runtime.directive.Macro
2018-05-14 09:39:22,397 - Loaded System Directive: org.apache.velocity.runtime.directive.Parse
2018-05-14 09:39:22,398 - Loaded System Directive: org.apache.velocity.runtime.directive.Include
2018-05-14 09:39:22,400 - Loaded System Directive: org.apache.velocity.runtime.directive.Foreach
2018-05-14 09:39:22,423 - Created '20' parsers.
2018-05-14 09:39:22,428 - Velocimacro : "velocimacro.library" is not set.  Trying default library: VM_global_library.vm
2018-05-14 09:39:22,428 - Velocimacro : Default library not found.
2018-05-14 09:39:22,428 - Velocimacro : allowInline = true : VMs can be defined inline in templates
2018-05-14 09:39:22,428 - Velocimacro : allowInlineToOverride = false : VMs defined inline may NOT replace previous VM definitions
2018-05-14 09:39:22,428 - Velocimacro : allowInlineLocal = false : VMs defined inline will be global in scope if allowed.
2018-05-14 09:39:22,428 - Velocimacro : autoload off : VM system will not automatically reload global library macros
2018-05-14 09:39:22,434 - Log4JLogChute initialized using file 'velocity.log'
2018-05-14 09:39:22,434 - Log4JLogChute initialized using file 'velocity.log'
2018-05-14 09:39:22,434 - Initializing Velocity, Calling init()...
2018-05-14 09:39:22,434 - Initializing Velocity, Calling init()...
2018-05-14 09:39:22,434 - Starting Apache Velocity v1.7 (compiled: 2010-11-19 12:14:37)
2018-05-14 09:39:22,434 - Starting Apache Velocity v1.7 (compiled: 2010-11-19 12:14:37)
2018-05-14 09:39:22,434 - Default Properties File: org/apache/velocity/runtime/defaults/velocity.properties
2018-05-14 09:39:22,434 - Default Properties File: org/apache/velocity/runtime/defaults/velocity.properties
2018-05-14 09:39:22,434 - Trying to use logger class org.apache.velocity.runtime.log.AvalonLogChute
2018-05-14 09:39:22,434 - Trying to use logger class org.apache.velocity.runtime.log.AvalonLogChute
2018-05-14 09:39:22,434 - Target log system for org.apache.velocity.runtime.log.AvalonLogChute is not available (java.lang.NoClassDefFoundError: org/apache/log/format/Formatter).  Falling back to next log system...
2018-05-14 09:39:22,434 - Target log system for org.apache.velocity.runtime.log.AvalonLogChute is not available (java.lang.NoClassDefFoundError: org/apache/log/format/Formatter).  Falling back to next log system...
2018-05-14 09:39:22,434 - Trying to use logger class org.apache.velocity.runtime.log.Log4JLogChute
2018-05-14 09:39:22,434 - Trying to use logger class org.apache.velocity.runtime.log.Log4JLogChute
2018-05-14 09:39:22,434 - Using logger class org.apache.velocity.runtime.log.Log4JLogChute
2018-05-14 09:39:22,434 - Using logger class org.apache.velocity.runtime.log.Log4JLogChute
2018-05-14 09:39:22,435 - ResourceLoader instantiated: org.apache.velocity.runtime.resource.loader.StringResourceLoader
2018-05-14 09:39:22,435 - ResourceLoader instantiated: org.apache.velocity.runtime.resource.loader.StringResourceLoader
2018-05-14 09:39:22,435 - Loaded repository 'org.apache.velocity.runtime.resource.util.StringResourceRepository' from static repo store
2018-05-14 09:39:22,435 - Loaded repository 'org.apache.velocity.runtime.resource.util.StringResourceRepository' from static repo store
2018-05-14 09:39:22,435 - ResourceCache: initialized (class org.apache.velocity.runtime.resource.ResourceCacheImpl) with class java.util.Collections$SynchronizedMap cache map.
2018-05-14 09:39:22,435 - ResourceCache: initialized (class org.apache.velocity.runtime.resource.ResourceCacheImpl) with class java.util.Collections$SynchronizedMap cache map.
2018-05-14 09:39:22,435 - Loaded System Directive: org.apache.velocity.runtime.directive.Stop
2018-05-14 09:39:22,435 - Loaded System Directive: org.apache.velocity.runtime.directive.Stop
2018-05-14 09:39:22,436 - Loaded System Directive: org.apache.velocity.runtime.directive.Define
2018-05-14 09:39:22,436 - Loaded System Directive: org.apache.velocity.runtime.directive.Define
2018-05-14 09:39:22,436 - Loaded System Directive: org.apache.velocity.runtime.directive.Break
2018-05-14 09:39:22,436 - Loaded System Directive: org.apache.velocity.runtime.directive.Break
2018-05-14 09:39:22,436 - Loaded System Directive: org.apache.velocity.runtime.directive.Evaluate
2018-05-14 09:39:22,436 - Loaded System Directive: org.apache.velocity.runtime.directive.Evaluate
2018-05-14 09:39:22,436 - Loaded System Directive: org.apache.velocity.runtime.directive.Literal
2018-05-14 09:39:22,436 - Loaded System Directive: org.apache.velocity.runtime.directive.Literal
2018-05-14 09:39:22,436 - Loaded System Directive: org.apache.velocity.runtime.directive.Macro
2018-05-14 09:39:22,436 - Loaded System Directive: org.apache.velocity.runtime.directive.Macro
2018-05-14 09:39:22,436 - Loaded System Directive: org.apache.velocity.runtime.directive.Parse
2018-05-14 09:39:22,436 - Loaded System Directive: org.apache.velocity.runtime.directive.Parse
2018-05-14 09:39:22,437 - Loaded System Directive: org.apache.velocity.runtime.directive.Include
2018-05-14 09:39:22,437 - Loaded System Directive: org.apache.velocity.runtime.directive.Include
2018-05-14 09:39:22,437 - Loaded System Directive: org.apache.velocity.runtime.directive.Foreach
2018-05-14 09:39:22,437 - Loaded System Directive: org.apache.velocity.runtime.directive.Foreach
2018-05-14 09:39:22,438 - Created '20' parsers.
2018-05-14 09:39:22,438 - Created '20' parsers.
2018-05-14 09:39:22,438 - Velocimacro : "velocimacro.library" is not set.  Trying default library: VM_global_library.vm
2018-05-14 09:39:22,438 - Velocimacro : "velocimacro.library" is not set.  Trying default library: VM_global_library.vm
2018-05-14 09:39:22,438 - Velocimacro : Default library not found.
2018-05-14 09:39:22,438 - Velocimacro : Default library not found.
2018-05-14 09:39:22,438 - Velocimacro : allowInline = true : VMs can be defined inline in templates
2018-05-14 09:39:22,438 - Velocimacro : allowInline = true : VMs can be defined inline in templates
2018-05-14 09:39:22,438 - Velocimacro : allowInlineToOverride = false : VMs defined inline may NOT replace previous VM definitions
2018-05-14 09:39:22,438 - Velocimacro : allowInlineToOverride = false : VMs defined inline may NOT replace previous VM definitions
2018-05-14 09:39:22,438 - Velocimacro : allowInlineLocal = false : VMs defined inline will be global in scope if allowed.
2018-05-14 09:39:22,438 - Velocimacro : allowInlineLocal = false : VMs defined inline will be global in scope if allowed.
2018-05-14 09:39:22,438 - Velocimacro : autoload off : VM system will not automatically reload global library macros
2018-05-14 09:39:22,438 - Velocimacro : autoload off : VM system will not automatically reload global library macros
2020-02-15 14:46:53,684 - Log4JLogChute initialized using file 'velocity.log'
2020-02-15 14:46:53,685 - Initializing Velocity, Calling init()...
2020-02-15 14:46:53,685 - Starting Apache Velocity v1.7 (compiled: 2010-11-19 12:14:37)
2020-02-15 14:46:53,685 - Default Properties File: org/apache/velocity/runtime/defaults/velocity.properties
2020-02-15 14:46:53,685 - Trying to use logger class org.apache.velocity.runtime.log.AvalonLogChute
2020-02-15 14:46:53,685 - Target log system for org.apache.velocity.runtime.log.AvalonLogChute is not available (java.lang.NoClassDefFoundError: org/apache/log/format/Formatter).  Falling back to next log system...
2020-02-15 14:46:53,685 - Trying to use logger class org.apache.velocity.runtime.log.Log4JLogChute
2020-02-15 14:46:53,685 - Using logger class org.apache.velocity.runtime.log.Log4JLogChute
2020-02-15 14:46:53,687 - ResourceLoader instantiated: org.apache.velocity.runtime.resource.loader.StringResourceLoader
2020-02-15 14:46:53,688 - Creating string repository using class org.apache.velocity.runtime.resource.util.StringResourceRepositoryImpl...
2020-02-15 14:46:53,688 - Default repository encoding is UTF-8
2020-02-15 14:46:53,702 - ResourceCache: initialized (class org.apache.velocity.runtime.resource.ResourceCacheImpl) with class java.util.Collections$SynchronizedMap cache map.
2020-02-15 14:46:53,702 - Loaded System Directive: org.apache.velocity.runtime.directive.Stop
2020-02-15 14:46:53,703 - Loaded System Directive: org.apache.velocity.runtime.directive.Define
2020-02-15 14:46:53,703 - Loaded System Directive: org.apache.velocity.runtime.directive.Break
2020-02-15 14:46:53,704 - Loaded System Directive: org.apache.velocity.runtime.directive.Evaluate
2020-02-15 14:46:53,704 - Loaded System Directive: org.apache.velocity.runtime.directive.Literal
2020-02-15 14:46:53,705 - Loaded System Directive: org.apache.velocity.runtime.directive.Macro
2020-02-15 14:46:53,706 - Loaded System Directive: org.apache.velocity.runtime.directive.Parse
2020-02-15 14:46:53,706 - Loaded System Directive: org.apache.velocity.runtime.directive.Include
2020-02-15 14:46:53,707 - Loaded System Directive: org.apache.velocity.runtime.directive.Foreach
2020-02-15 14:46:53,748 - Created '20' parsers.
2020-02-15 14:46:53,758 - Velocimacro : "velocimacro.library" is not set.  Trying default library: VM_global_library.vm
2020-02-15 14:46:53,758 - Velocimacro : Default library not found.
2020-02-15 14:46:53,758 - Velocimacro : allowInline = true : VMs can be defined inline in templates
2020-02-15 14:46:53,758 - Velocimacro : allowInlineToOverride = false : VMs defined inline may NOT replace previous VM definitions
2020-02-15 14:46:53,758 - Velocimacro : allowInlineLocal = false : VMs defined inline will be global in scope if allowed.
2020-02-15 14:46:53,758 - Velocimacro : autoload off : VM system will not automatically reload global library macros
2020-02-15 14:46:53,774 - Log4JLogChute initialized using file 'velocity.log'
2020-02-15 14:46:53,774 - Log4JLogChute initialized using file 'velocity.log'
2020-02-15 14:46:53,774 - Initializing Velocity, Calling init()...
2020-02-15 14:46:53,774 - Initializing Velocity, Calling init()...
2020-02-15 14:46:53,774 - Starting Apache Velocity v1.7 (compiled: 2010-11-19 12:14:37)
2020-02-15 14:46:53,774 - Starting Apache Velocity v1.7 (compiled: 2010-11-19 12:14:37)
2020-02-15 14:46:53,774 - Default Properties File: org/apache/velocity/runtime/defaults/velocity.properties
2020-02-15 14:46:53,774 - Default Properties File: org/apache/velocity/runtime/defaults/velocity.properties
2020-02-15 14:46:53,774 - Trying to use logger class org.apache.velocity.runtime.log.AvalonLogChute
2020-02-15 14:46:53,774 - Trying to use logger class org.apache.velocity.runtime.log.AvalonLogChute
2020-02-15 14:46:53,774 - Target log system for org.apache.velocity.runtime.log.AvalonLogChute is not available (java.lang.NoClassDefFoundError: org/apache/log/format/Formatter).  Falling back to next log system...
2020-02-15 14:46:53,774 - Target log system for org.apache.velocity.runtime.log.AvalonLogChute is not available (java.lang.NoClassDefFoundError: org/apache/log/format/Formatter).  Falling back to next log system...
2020-02-15 14:46:53,774 - Trying to use logger class org.apache.velocity.runtime.log.Log4JLogChute
2020-02-15 14:46:53,774 - Trying to use logger class org.apache.velocity.runtime.log.Log4JLogChute
2020-02-15 14:46:53,774 - Using logger class org.apache.velocity.runtime.log.Log4JLogChute
2020-02-15 14:46:53,774 - Using logger class org.apache.velocity.runtime.log.Log4JLogChute
2020-02-15 14:46:53,776 - ResourceLoader instantiated: org.apache.velocity.runtime.resource.loader.StringResourceLoader
2020-02-15 14:46:53,776 - ResourceLoader instantiated: org.apache.velocity.runtime.resource.loader.StringResourceLoader
2020-02-15 14:46:53,776 - Loaded repository 'org.apache.velocity.runtime.resource.util.StringResourceRepository' from static repo store
2020-02-15 14:46:53,776 - Loaded repository 'org.apache.velocity.runtime.resource.util.StringResourceRepository' from static repo store
2020-02-15 14:46:53,776 - ResourceCache: initialized (class org.apache.velocity.runtime.resource.ResourceCacheImpl) with class java.util.Collections$SynchronizedMap cache map.
2020-02-15 14:46:53,776 - ResourceCache: initialized (class org.apache.velocity.runtime.resource.ResourceCacheImpl) with class java.util.Collections$SynchronizedMap cache map.
2020-02-15 14:46:53,776 - Loaded System Directive: org.apache.velocity.runtime.directive.Stop
2020-02-15 14:46:53,776 - Loaded System Directive: org.apache.velocity.runtime.directive.Stop
2020-02-15 14:46:53,776 - Loaded System Directive: org.apache.velocity.runtime.directive.Define
2020-02-15 14:46:53,776 - Loaded System Directive: org.apache.velocity.runtime.directive.Define
2020-02-15 14:46:53,776 - Loaded System Directive: org.apache.velocity.runtime.directive.Break
2020-02-15 14:46:53,776 - Loaded System Directive: org.apache.velocity.runtime.directive.Break
2020-02-15 14:46:53,777 - Loaded System Directive: org.apache.velocity.runtime.directive.Evaluate
2020-02-15 14:46:53,777 - Loaded System Directive: org.apache.velocity.runtime.directive.Evaluate
2020-02-15 14:46:53,778 - Loaded System Directive: org.apache.velocity.runtime.directive.Literal
2020-02-15 14:46:53,778 - Loaded System Directive: org.apache.velocity.runtime.directive.Literal
2020-02-15 14:46:53,778 - Loaded System Directive: org.apache.velocity.runtime.directive.Macro
2020-02-15 14:46:53,778 - Loaded System Directive: org.apache.velocity.runtime.directive.Macro
2020-02-15 14:46:53,778 - Loaded System Directive: org.apache.velocity.runtime.directive.Parse
2020-02-15 14:46:53,778 - Loaded System Directive: org.apache.velocity.runtime.directive.Parse
2020-02-15 14:46:53,778 - Loaded System Directive: org.apache.velocity.runtime.directive.Include
2020-02-15 14:46:53,778 - Loaded System Directive: org.apache.velocity.runtime.directive.Include
2020-02-15 14:46:53,778 - Loaded System Directive: org.apache.velocity.runtime.directive.Foreach
2020-02-15 14:46:53,778 - Loaded System Directive: org.apache.velocity.runtime.directive.Foreach
2020-02-15 14:46:53,779 - Created '20' parsers.
2020-02-15 14:46:53,779 - Created '20' parsers.
2020-02-15 14:46:53,779 - Velocimacro : "velocimacro.library" is not set.  Trying default library: VM_global_library.vm
2020-02-15 14:46:53,779 - Velocimacro : "velocimacro.library" is not set.  Trying default library: VM_global_library.vm
2020-02-15 14:46:53,779 - Velocimacro : Default library not found.
2020-02-15 14:46:53,779 - Velocimacro : Default library not found.
2020-02-15 14:46:53,779 - Velocimacro : allowInline = true : VMs can be defined inline in templates
2020-02-15 14:46:53,779 - Velocimacro : allowInline = true : VMs can be defined inline in templates
2020-02-15 14:46:53,779 - Velocimacro : allowInlineToOverride = false : VMs defined inline may NOT replace previous VM definitions
2020-02-15 14:46:53,779 - Velocimacro : allowInlineToOverride = false : VMs defined inline may NOT replace previous VM definitions
2020-02-15 14:46:53,779 - Velocimacro : allowInlineLocal = false : VMs defined inline will be global in scope if allowed.
2020-02-15 14:46:53,779 - Velocimacro : allowInlineLocal = false : VMs defined inline will be global in scope if allowed.
2020-02-15 14:46:53,779 - Velocimacro : autoload off : VM system will not automatically reload global library macros
2020-02-15 14:46:53,779 - Velocimacro : autoload off : VM system will not automatically reload global library macros
