Arguments: 
  /usr/local/Cellar/node/9.8.0/bin/node /usr/local/Cellar/yarn/1.5.1_1/libexec/bin/yarn.js format:check

PATH: 
  /Users/rh/.rvm/gems/ruby-2.4.1/bin:/Users/rh/.rvm/gems/ruby-2.4.1@global/bin:/Users/rh/.rvm/rubies/ruby-2.4.1/bin:/usr/local/sbin:/usr/local/bin:/usr/bin:/bin:/usr/sbin:/sbin:/usr/local/opt/findutils/libexec/gnubin:$(brew --prefix homebrew/php/php71)/bin:$PATH:/Users/rh/Library/Android/sdk/tools:/Users/rh/Library/Android/sdk/platform-tools:/Users/rh/.composer/vendor/bin:/Users/rh/.rvm/bin:/Users/rh/.rvm/bin

Yarn version: 
  1.5.1

Node version: 
  9.8.0

Platform: 
  darwin x64

npm manifest: 
  No manifest

yarn manifest: 
  No manifest

Lockfile: 
  No lockfile

Trace: 
  Error: Couldn't find a package.json file in "/Users/rh/Sites/project2-server"
      at new MessageError (/usr/local/Cellar/yarn/1.5.1_1/libexec/lib/cli.js:186:110)
      at /usr/local/Cellar/yarn/1.5.1_1/libexec/lib/cli.js:40048:15
      at Generator.next (<anonymous>)
      at step (/usr/local/Cellar/yarn/1.5.1_1/libexec/lib/cli.js:98:30)
      at /usr/local/Cellar/yarn/1.5.1_1/libexec/lib/cli.js:109:13
      at <anonymous>
