15:03:44.830 [main] INFO  ninja.utils.NinjaModeHelper - Ninja is running in mode prod
15:03:44.919 [main] INFO  org.eclipse.jetty.util.log - Logging initialized @1739ms
15:03:44.970 [main] WARN  o.e.j.server.handler.ContextHandler - Empty contextPath
15:03:45.149 [main] INFO  ninja.standalone.NinjaJetty - Trying to start jetty v9.3.15.v20161220 on <all>:1024
15:03:45.150 [main] INFO  org.eclipse.jetty.server.Server - jetty-9.3.15.v20161220
15:03:45.681 [main] INFO  ninja.servlet.NinjaServletListener - Using JSR-356 websocket container org.eclipse.jetty.websocket.jsr356.server.ServerContainer@3e6f3f28
15:03:45.708 [main] INFO  ninja.Bootstrap - Successfully configured Logback.
15:03:45.710 [main] INFO  ninja.Bootstrap - Enabling Ninja classic configuration
15:03:47.072 [main] INFO  com.zaxxer.hikari.HikariDataSource - HikariPool-1 - Starting...
15:03:47.308 [main] INFO  com.zaxxer.hikari.pool.PoolBase - HikariPool-1 - Driver does not support get/set network timeout for connections. (org.h2.jdbc.JdbcConnection.getNetworkTimeout()I)
15:03:47.314 [main] INFO  com.zaxxer.hikari.HikariDataSource - HikariPool-1 - Start completed.
15:03:47.351 [main] INFO  ninja.utils.SwissKnife - Could not load file conf/messages_en.properties (not a bad thing necessarily, but I am returing null)
15:03:47.351 [main] INFO  ninja.i18n.MessagesImpl - Did not find conf/messages_en.properties but it was specified in application.conf. Using default language instead.
15:03:47.352 [main] INFO  ninja.utils.SwissKnife - Could not load file conf/messages_de.properties (not a bad thing necessarily, but I am returing null)
15:03:47.354 [main] INFO  ninja.i18n.MessagesImpl - Did not find conf/messages_de.properties but it was specified in application.conf. Using default language instead.
15:03:47.448 [main] INFO  n.template.TemplateEngineManagerImpl - -------------------------------------------------------------------
15:03:47.449 [main] INFO  n.template.TemplateEngineManagerImpl - Registered response template engines
15:03:47.449 [main] INFO  n.template.TemplateEngineManagerImpl - -------------------------------------------------------------------
15:03:47.449 [main] INFO  n.template.TemplateEngineManagerImpl - application/javascript  =>  ninja.template.TemplateEngineJsonP
15:03:47.449 [main] INFO  n.template.TemplateEngineManagerImpl - application/json        =>  ninja.template.TemplateEngineJson
15:03:47.449 [main] INFO  n.template.TemplateEngineManagerImpl - application/xml         =>  ninja.template.TemplateEngineXml
15:03:47.449 [main] INFO  n.template.TemplateEngineManagerImpl - text/html               =>  ninja.template.TemplateEngineFreemarker
15:03:47.450 [main] INFO  n.template.TemplateEngineManagerImpl - text/plain              =>  ninja.template.TemplateEngineText
15:03:47.485 [main] INFO  o.f.c.internal.util.VersionPrinter - Flyway Community Edition 5.0.7 by Boxfuse
15:03:47.498 [main] INFO  o.f.c.i.database.DatabaseFactory - Database: jdbc:h2:mem:test (H2 1.3)
15:03:47.571 [main] INFO  n.b.BodyParserEngineManagerImpl - ----------------------------------------------------------------------------
15:03:47.572 [main] INFO  n.b.BodyParserEngineManagerImpl - Registered request bodyparser engines
15:03:47.572 [main] INFO  n.b.BodyParserEngineManagerImpl - ----------------------------------------------------------------------------
15:03:47.573 [main] INFO  n.b.BodyParserEngineManagerImpl - application/json                   =>  ninja.bodyparser.BodyParserEngineJson
15:03:47.573 [main] INFO  n.b.BodyParserEngineManagerImpl - application/x-www-form-urlencoded  =>  ninja.bodyparser.BodyParserEnginePost
15:03:47.573 [main] INFO  n.b.BodyParserEngineManagerImpl - application/xml                    =>  ninja.bodyparser.BodyParserEngineXml
15:03:47.599 [main] INFO  o.e.jetty.server.AbstractConnector - Started ServerConnector@5e39c224{HTTP/1.1,[http/1.1]}{0.0.0.0:1024}
15:03:51.372 [main] INFO  ninja.utils.NinjaModeHelper - Ninja is running in mode prod
15:03:51.467 [main] INFO  org.eclipse.jetty.util.log - Logging initialized @1881ms
15:03:51.523 [main] WARN  o.e.j.server.handler.ContextHandler - Empty contextPath
15:03:51.687 [main] INFO  ninja.standalone.NinjaJetty - Trying to start jetty v9.3.15.v20161220 on <all>:1024
15:03:51.689 [main] INFO  org.eclipse.jetty.server.Server - jetty-9.3.15.v20161220
15:03:52.202 [main] INFO  ninja.servlet.NinjaServletListener - Using JSR-356 websocket container org.eclipse.jetty.websocket.jsr356.server.ServerContainer@3e6f3f28
15:03:52.214 [main] INFO  ninja.Bootstrap - Successfully configured Logback.
15:03:52.225 [main] INFO  ninja.Bootstrap - Enabling Ninja classic configuration
15:03:53.250 [main] INFO  o.e.jetty.server.AbstractConnector - Started ServerConnector@58af8293{HTTP/1.1,[http/1.1]}{0.0.0.0:1024}
15:03:56.569 [main] INFO  ninja.utils.NinjaModeHelper - Ninja is running in mode prod
15:03:56.663 [main] INFO  org.eclipse.jetty.util.log - Logging initialized @1782ms
15:03:56.724 [main] WARN  o.e.j.server.handler.ContextHandler - Empty contextPath
15:03:56.925 [main] INFO  ninja.standalone.NinjaJetty - Trying to start jetty v9.3.15.v20161220 on <all>:1024
15:03:56.927 [main] INFO  org.eclipse.jetty.server.Server - jetty-9.3.15.v20161220
15:03:57.501 [main] INFO  ninja.servlet.NinjaServletListener - Using JSR-356 websocket container org.eclipse.jetty.websocket.jsr356.server.ServerContainer@3e6f3f28
15:03:57.522 [main] INFO  ninja.Bootstrap - Successfully configured Logback.
15:03:57.526 [main] INFO  ninja.Bootstrap - Enabling Ninja classic configuration
15:03:58.864 [main] INFO  com.zaxxer.hikari.HikariDataSource - HikariPool-1 - Starting...
15:03:59.142 [main] INFO  com.zaxxer.hikari.pool.PoolBase - HikariPool-1 - Driver does not support get/set network timeout for connections. (org.h2.jdbc.JdbcConnection.getNetworkTimeout()I)
15:03:59.153 [main] INFO  com.zaxxer.hikari.HikariDataSource - HikariPool-1 - Start completed.
15:03:59.212 [main] INFO  ninja.utils.SwissKnife - Could not load file conf/messages_en.properties (not a bad thing necessarily, but I am returing null)
15:03:59.212 [main] INFO  ninja.i18n.MessagesImpl - Did not find conf/messages_en.properties but it was specified in application.conf. Using default language instead.
15:03:59.215 [main] INFO  ninja.utils.SwissKnife - Could not load file conf/messages_de.properties (not a bad thing necessarily, but I am returing null)
15:03:59.215 [main] INFO  ninja.i18n.MessagesImpl - Did not find conf/messages_de.properties but it was specified in application.conf. Using default language instead.
15:03:59.312 [main] INFO  n.template.TemplateEngineManagerImpl - -------------------------------------------------------------------
15:03:59.312 [main] INFO  n.template.TemplateEngineManagerImpl - Registered response template engines
15:03:59.312 [main] INFO  n.template.TemplateEngineManagerImpl - -------------------------------------------------------------------
15:03:59.312 [main] INFO  n.template.TemplateEngineManagerImpl - application/javascript  =>  ninja.template.TemplateEngineJsonP
15:03:59.313 [main] INFO  n.template.TemplateEngineManagerImpl - application/json        =>  ninja.template.TemplateEngineJson
15:03:59.313 [main] INFO  n.template.TemplateEngineManagerImpl - application/xml         =>  ninja.template.TemplateEngineXml
15:03:59.313 [main] INFO  n.template.TemplateEngineManagerImpl - text/html               =>  ninja.template.TemplateEngineFreemarker
15:03:59.313 [main] INFO  n.template.TemplateEngineManagerImpl - text/plain              =>  ninja.template.TemplateEngineText
15:03:59.330 [main] INFO  n.b.BodyParserEngineManagerImpl - ----------------------------------------------------------------------------
15:03:59.332 [main] INFO  n.b.BodyParserEngineManagerImpl - Registered request bodyparser engines
15:03:59.333 [main] INFO  n.b.BodyParserEngineManagerImpl - ----------------------------------------------------------------------------
15:03:59.334 [main] INFO  n.b.BodyParserEngineManagerImpl - application/json                   =>  ninja.bodyparser.BodyParserEngineJson
15:03:59.334 [main] INFO  n.b.BodyParserEngineManagerImpl - application/x-www-form-urlencoded  =>  ninja.bodyparser.BodyParserEnginePost
15:03:59.334 [main] INFO  n.b.BodyParserEngineManagerImpl - application/xml                    =>  ninja.bodyparser.BodyParserEngineXml
15:03:59.336 [main] INFO  ninja.Bootstrap - Ninja injector started in 1807 ms.
15:03:59.380 [main] WARN  ninja.params.ControllerMethodInvoker - Using deprecated non-strict mode for injection of parameters into controller (ninja.strict_argument_extractors = false). This mode will soon be removed from Ninja. Make sure you upgrade your application as soon as possible. More: http://www.ninjaframework.org/documentation/basic_concepts/controllers.html 'A note about null and Optional'.
15:03:59.407 [main] INFO  ninja.RouterImpl - -----------------------------------------------------------------
15:03:59.407 [main] INFO  ninja.RouterImpl - Registered routes
15:03:59.407 [main] INFO  ninja.RouterImpl - -----------------------------------------------------------------
15:03:59.408 [main] INFO  ninja.RouterImpl - GET  /                       =>  controllers.ApplicationController::index
15:03:59.408 [main] INFO  ninja.RouterImpl - POST /post                   =>  controllers.ApplicationController::post
15:03:59.408 [main] INFO  ninja.RouterImpl - GET  /assets/{fileName: .*}  =>  ninja.AssetsController::serveStatic
15:03:59.409 [main] INFO  ninja.NinjaDefault - 
 _______  .___ _______        ____.  _____   
 \      \ |   |\      \      |    | /  _  \  
 /   |   \|   |/   |   \     |    |/  /_\  \ 
/    |    \   /    |    \/\__|    /    |    \  http://www.ninjaframework.org
\____|__  /___\____|__  /\________\____|__  /  @ninjaframework
     web\/framework   \/                  \/   6.2.2

15:03:59.409 [main] INFO  ninja.lifecycle.LifecycleServiceImpl - Starting Ninja application...
15:03:59.417 [main] INFO  ninja.lifecycle.LifecycleServiceImpl - Ninja application started in 8ms
15:03:59.428 [main] INFO  o.e.j.server.handler.ContextHandler - Started o.e.j.s.ServletContextHandler@49bf5ec8{/,null,AVAILABLE}
15:03:59.450 [main] INFO  o.e.jetty.server.AbstractConnector - Started ServerConnector@4110ffe5{HTTP/1.1,[http/1.1]}{0.0.0.0:1024}
15:03:59.452 [main] INFO  org.eclipse.jetty.server.Server - Started @4570ms
15:03:59.452 [main] INFO  ninja.standalone.NinjaJetty - Started jetty v9.3.15.v20161220 on <all>:1024
15:03:59.452 [main] INFO  ninja.standalone.NinjaJetty - -------------------------------------------------------
15:03:59.452 [main] INFO  ninja.standalone.NinjaJetty - Ninja application running at
15:03:59.452 [main] INFO  ninja.standalone.NinjaJetty -  => http://localhost:1024
15:03:59.452 [main] INFO  ninja.standalone.NinjaJetty - -------------------------------------------------------
15:03:59.991 [qtp302977067-12] ERROR ninja.NinjaDefault - Emitting bad request 500. Something really wrong when calling route: / (class: class controllers.ApplicationController method: public ninja.Result controllers.ApplicationController.index())
org.skife.jdbi.v2.exceptions.UnableToCreateStatementException: org.h2.jdbc.JdbcSQLException: Table "GUESTBOOKS" not found; SQL statement:
SELECT id, email, content FROM guestbooks [42102-175] [statement:"SELECT id, email, content FROM guestbooks", located:"SELECT id, email, content FROM guestbooks", rewritten:"SELECT id, email, content FROM guestbooks", arguments:{ positional:{}, named:{}, finder:[]}]
	at org.skife.jdbi.v2.SQLStatement.internalExecute(SQLStatement.java:1307) ~[jdbi-2.78.jar:2.78]
	at org.skife.jdbi.v2.Query.fold(Query.java:173) ~[jdbi-2.78.jar:2.78]
	at org.skife.jdbi.v2.Query.list(Query.java:82) ~[jdbi-2.78.jar:2.78]
	at org.skife.jdbi.v2.sqlobject.ResultReturnThing$IterableReturningThing.result(ResultReturnThing.java:253) ~[jdbi-2.78.jar:2.78]
	at org.skife.jdbi.v2.sqlobject.ResultReturnThing.map(ResultReturnThing.java:43) ~[jdbi-2.78.jar:2.78]
	at org.skife.jdbi.v2.sqlobject.QueryHandler.invoke(QueryHandler.java:41) ~[jdbi-2.78.jar:2.78]
	at org.skife.jdbi.v2.sqlobject.SqlObject.invoke(SqlObject.java:224) ~[jdbi-2.78.jar:2.78]
	at org.skife.jdbi.v2.sqlobject.SqlObject$3.intercept(SqlObject.java:133) ~[jdbi-2.78.jar:2.78]
	at services.GuestbooksService$DbServiceInterface$$EnhancerByCGLIB$$790e67a.listGuestBookEntries(<generated>) ~[jdbi-2.78.jar:na]
	at services.GuestbooksService.listGuestBookEntries(GuestbooksService.java:49) ~[default/:na]
	at controllers.ApplicationController.index(ApplicationController.java:57) ~[default/:na]
	at sun.reflect.NativeMethodAccessorImpl.invoke0(Native Method) ~[na:1.8.0_202]
	at sun.reflect.NativeMethodAccessorImpl.invoke(NativeMethodAccessorImpl.java:62) ~[na:1.8.0_202]
	at sun.reflect.DelegatingMethodAccessorImpl.invoke(DelegatingMethodAccessorImpl.java:43) ~[na:1.8.0_202]
	at java.lang.reflect.Method.invoke(Method.java:498) ~[na:1.8.0_202]
	at ninja.params.ControllerMethodInvoker.invoke(ControllerMethodInvoker.java:76) ~[ninja-core-6.2.2.jar:na]
	at ninja.FilterChainEnd.next(FilterChainEnd.java:45) ~[ninja-core-6.2.2.jar:na]
	at ninja.NinjaDefault.onRouteRequest(NinjaDefault.java:102) ~[ninja-core-6.2.2.jar:na]
	at ninja.servlet.NinjaServletDispatcher.service(NinjaServletDispatcher.java:86) [ninja-servlet-6.2.2.jar:na]
	at com.google.inject.servlet.ServletDefinition.doServiceImpl(ServletDefinition.java:286) [guice-servlet-4.1.0.jar:na]
	at com.google.inject.servlet.ServletDefinition.doService(ServletDefinition.java:276) [guice-servlet-4.1.0.jar:na]
	at com.google.inject.servlet.ServletDefinition.service(ServletDefinition.java:181) [guice-servlet-4.1.0.jar:na]
	at com.google.inject.servlet.ManagedServletPipeline.service(ManagedServletPipeline.java:91) [guice-servlet-4.1.0.jar:na]
	at com.google.inject.servlet.FilterChainInvocation.doFilter(FilterChainInvocation.java:85) [guice-servlet-4.1.0.jar:na]
	at com.google.inject.servlet.ManagedFilterPipeline.dispatch(ManagedFilterPipeline.java:120) [guice-servlet-4.1.0.jar:na]
	at com.google.inject.servlet.GuiceFilter.doFilter(GuiceFilter.java:135) [guice-servlet-4.1.0.jar:na]
	at ninja.servlet.NinjaServletFilter.doFilter(NinjaServletFilter.java:106) [ninja-servlet-6.2.2.jar:na]
	at org.eclipse.jetty.servlet.ServletHandler$CachedChain.doFilter(ServletHandler.java:1759) [jetty-servlet-9.3.15.v20161220.jar:9.3.15.v20161220]
	at org.eclipse.jetty.servlet.ServletHandler.doHandle(ServletHandler.java:582) [jetty-servlet-9.3.15.v20161220.jar:9.3.15.v20161220]
	at org.eclipse.jetty.server.handler.ContextHandler.doHandle(ContextHandler.java:1180) [jetty-server-9.3.15.v20161220.jar:9.3.15.v20161220]
	at org.eclipse.jetty.servlet.ServletHandler.doScope(ServletHandler.java:512) [jetty-servlet-9.3.15.v20161220.jar:9.3.15.v20161220]
	at org.eclipse.jetty.server.handler.ContextHandler.doScope(ContextHandler.java:1112) [jetty-server-9.3.15.v20161220.jar:9.3.15.v20161220]
	at org.eclipse.jetty.server.handler.ScopedHandler.handle(ScopedHandler.java:141) [jetty-server-9.3.15.v20161220.jar:9.3.15.v20161220]
	at org.eclipse.jetty.server.handler.HandlerWrapper.handle(HandlerWrapper.java:134) [jetty-server-9.3.15.v20161220.jar:9.3.15.v20161220]
	at org.eclipse.jetty.server.Server.handle(Server.java:534) [jetty-server-9.3.15.v20161220.jar:9.3.15.v20161220]
	at org.eclipse.jetty.server.HttpChannel.handle(HttpChannel.java:320) [jetty-server-9.3.15.v20161220.jar:9.3.15.v20161220]
	at org.eclipse.jetty.server.HttpConnection.onFillable(HttpConnection.java:251) [jetty-server-9.3.15.v20161220.jar:9.3.15.v20161220]
	at org.eclipse.jetty.io.AbstractConnection$ReadCallback.succeeded(AbstractConnection.java:283) [jetty-io-9.3.15.v20161220.jar:9.3.15.v20161220]
	at org.eclipse.jetty.io.FillInterest.fillable(FillInterest.java:110) [jetty-io-9.3.15.v20161220.jar:9.3.15.v20161220]
	at org.eclipse.jetty.io.SelectChannelEndPoint$2.run(SelectChannelEndPoint.java:93) [jetty-io-9.3.15.v20161220.jar:9.3.15.v20161220]
	at org.eclipse.jetty.util.thread.strategy.ExecuteProduceConsume.executeProduceConsume(ExecuteProduceConsume.java:303) [jetty-util-9.3.15.v20161220.jar:9.3.15.v20161220]
	at org.eclipse.jetty.util.thread.strategy.ExecuteProduceConsume.produceConsume(ExecuteProduceConsume.java:148) [jetty-util-9.3.15.v20161220.jar:9.3.15.v20161220]
	at org.eclipse.jetty.util.thread.strategy.ExecuteProduceConsume.run(ExecuteProduceConsume.java:136) [jetty-util-9.3.15.v20161220.jar:9.3.15.v20161220]
	at org.eclipse.jetty.util.thread.QueuedThreadPool.runJob(QueuedThreadPool.java:671) [jetty-util-9.3.15.v20161220.jar:9.3.15.v20161220]
	at org.eclipse.jetty.util.thread.QueuedThreadPool$2.run(QueuedThreadPool.java:589) [jetty-util-9.3.15.v20161220.jar:9.3.15.v20161220]
	at java.lang.Thread.run(Thread.java:748) [na:1.8.0_202]
Caused by: org.h2.jdbc.JdbcSQLException: Table "GUESTBOOKS" not found; SQL statement:
SELECT id, email, content FROM guestbooks [42102-175]
	at org.h2.message.DbException.getJdbcSQLException(DbException.java:332) ~[h2-1.3.175.jar:1.3.175]
	at org.h2.message.DbException.get(DbException.java:172) ~[h2-1.3.175.jar:1.3.175]
	at org.h2.message.DbException.get(DbException.java:149) ~[h2-1.3.175.jar:1.3.175]
	at org.h2.command.Parser.readTableOrView(Parser.java:5071) ~[h2-1.3.175.jar:1.3.175]
	at org.h2.command.Parser.readTableFilter(Parser.java:1188) ~[h2-1.3.175.jar:1.3.175]
	at org.h2.command.Parser.parseSelectSimpleFromPart(Parser.java:1813) ~[h2-1.3.175.jar:1.3.175]
	at org.h2.command.Parser.parseSelectSimple(Parser.java:1921) ~[h2-1.3.175.jar:1.3.175]
	at org.h2.command.Parser.parseSelectSub(Parser.java:1807) ~[h2-1.3.175.jar:1.3.175]
	at org.h2.command.Parser.parseSelectUnion(Parser.java:1631) ~[h2-1.3.175.jar:1.3.175]
	at org.h2.command.Parser.parseSelect(Parser.java:1619) ~[h2-1.3.175.jar:1.3.175]
	at org.h2.command.Parser.parsePrepared(Parser.java:426) ~[h2-1.3.175.jar:1.3.175]
	at org.h2.command.Parser.parse(Parser.java:298) ~[h2-1.3.175.jar:1.3.175]
	at org.h2.command.Parser.parse(Parser.java:270) ~[h2-1.3.175.jar:1.3.175]
	at org.h2.command.Parser.prepareCommand(Parser.java:235) ~[h2-1.3.175.jar:1.3.175]
	at org.h2.engine.Session.prepareLocal(Session.java:436) ~[h2-1.3.175.jar:1.3.175]
	at org.h2.engine.Session.prepareCommand(Session.java:379) ~[h2-1.3.175.jar:1.3.175]
	at org.h2.jdbc.JdbcConnection.prepareCommand(JdbcConnection.java:1138) ~[h2-1.3.175.jar:1.3.175]
	at org.h2.jdbc.JdbcPreparedStatement.<init>(JdbcPreparedStatement.java:70) ~[h2-1.3.175.jar:1.3.175]
	at org.h2.jdbc.JdbcConnection.prepareStatement(JdbcConnection.java:267) ~[h2-1.3.175.jar:1.3.175]
	at com.zaxxer.hikari.pool.ProxyConnection.prepareStatement(ProxyConnection.java:318) ~[HikariCP-3.1.0.jar:na]
	at com.zaxxer.hikari.pool.HikariProxyConnection.prepareStatement(HikariProxyConnection.java) ~[HikariCP-3.1.0.jar:na]
	at org.skife.jdbi.v2.DefaultStatementBuilder.create(DefaultStatementBuilder.java:54) ~[jdbi-2.78.jar:2.78]
	at org.skife.jdbi.v2.SQLStatement.internalExecute(SQLStatement.java:1303) ~[jdbi-2.78.jar:2.78]
	... 45 common frames omitted
15:04:00.384 [main] INFO  ninja.lifecycle.LifecycleServiceImpl - Stopping Ninja application...
15:04:00.386 [main] INFO  ninja.lifecycle.LifecycleServiceImpl - Ninja application stopped in 2ms
15:04:00.386 [main] INFO  o.e.j.server.handler.ContextHandler - Stopped o.e.j.s.ServletContextHandler@49bf5ec8{/,null,UNAVAILABLE}
15:04:00.387 [main] INFO  ninja.standalone.NinjaJetty - Trying to stop jetty on <all>:1024
15:04:00.402 [main] INFO  o.e.jetty.server.AbstractConnector - Stopped ServerConnector@4110ffe5{HTTP/1.1,[http/1.1]}{0.0.0.0:1024}
15:04:00.405 [main] INFO  ninja.standalone.NinjaJetty - Stopped jetty on <all>:1024
15:04:03.868 [main] INFO  ninja.utils.NinjaModeHelper - Ninja is running in mode prod
15:04:03.945 [main] INFO  org.eclipse.jetty.util.log - Logging initialized @1879ms
15:04:04.002 [main] WARN  o.e.j.server.handler.ContextHandler - Empty contextPath
15:04:04.153 [main] INFO  ninja.standalone.NinjaJetty - Trying to start jetty v9.3.15.v20161220 on <all>:1024
15:04:04.154 [main] INFO  org.eclipse.jetty.server.Server - jetty-9.3.15.v20161220
15:04:04.648 [main] INFO  ninja.servlet.NinjaServletListener - Using JSR-356 websocket container org.eclipse.jetty.websocket.jsr356.server.ServerContainer@3e6f3f28
15:04:04.656 [main] INFO  ninja.Bootstrap - Successfully configured Logback.
15:04:04.659 [main] INFO  ninja.Bootstrap - Enabling Ninja classic configuration
15:04:05.942 [main] INFO  com.zaxxer.hikari.HikariDataSource - HikariPool-1 - Starting...
15:04:06.198 [main] INFO  com.zaxxer.hikari.pool.PoolBase - HikariPool-1 - Driver does not support get/set network timeout for connections. (org.h2.jdbc.JdbcConnection.getNetworkTimeout()I)
15:04:06.214 [main] INFO  com.zaxxer.hikari.HikariDataSource - HikariPool-1 - Start completed.
15:04:06.266 [main] INFO  ninja.utils.SwissKnife - Could not load file conf/messages_en.properties (not a bad thing necessarily, but I am returing null)
15:04:06.266 [main] INFO  ninja.i18n.MessagesImpl - Did not find conf/messages_en.properties but it was specified in application.conf. Using default language instead.
15:04:06.267 [main] INFO  ninja.utils.SwissKnife - Could not load file conf/messages_de.properties (not a bad thing necessarily, but I am returing null)
15:04:06.267 [main] INFO  ninja.i18n.MessagesImpl - Did not find conf/messages_de.properties but it was specified in application.conf. Using default language instead.
15:04:06.382 [main] INFO  n.template.TemplateEngineManagerImpl - -------------------------------------------------------------------
15:04:06.382 [main] INFO  n.template.TemplateEngineManagerImpl - Registered response template engines
15:04:06.383 [main] INFO  n.template.TemplateEngineManagerImpl - -------------------------------------------------------------------
15:04:06.383 [main] INFO  n.template.TemplateEngineManagerImpl - application/javascript  =>  ninja.template.TemplateEngineJsonP
15:04:06.383 [main] INFO  n.template.TemplateEngineManagerImpl - application/json        =>  ninja.template.TemplateEngineJson
15:04:06.383 [main] INFO  n.template.TemplateEngineManagerImpl - application/xml         =>  ninja.template.TemplateEngineXml
15:04:06.383 [main] INFO  n.template.TemplateEngineManagerImpl - text/html               =>  ninja.template.TemplateEngineFreemarker
15:04:06.384 [main] INFO  n.template.TemplateEngineManagerImpl - text/plain              =>  ninja.template.TemplateEngineText
15:04:06.415 [main] INFO  o.f.c.internal.util.VersionPrinter - Flyway Community Edition 5.0.7 by Boxfuse
15:04:06.420 [main] INFO  o.f.c.i.database.DatabaseFactory - Database: jdbc:h2:mem:test (H2 1.3)
15:04:06.493 [main] INFO  n.b.BodyParserEngineManagerImpl - ----------------------------------------------------------------------------
15:04:06.493 [main] INFO  n.b.BodyParserEngineManagerImpl - Registered request bodyparser engines
15:04:06.493 [main] INFO  n.b.BodyParserEngineManagerImpl - ----------------------------------------------------------------------------
15:04:06.494 [main] INFO  n.b.BodyParserEngineManagerImpl - application/json                   =>  ninja.bodyparser.BodyParserEngineJson
15:04:06.494 [main] INFO  n.b.BodyParserEngineManagerImpl - application/x-www-form-urlencoded  =>  ninja.bodyparser.BodyParserEnginePost
15:04:06.494 [main] INFO  n.b.BodyParserEngineManagerImpl - application/xml                    =>  ninja.bodyparser.BodyParserEngineXml
15:04:06.518 [main] INFO  o.e.jetty.server.AbstractConnector - Started ServerConnector@1f596988{HTTP/1.1,[http/1.1]}{0.0.0.0:1024}
15:04:09.851 [main] INFO  ninja.utils.NinjaModeHelper - Ninja is running in mode prod
15:04:09.951 [main] INFO  org.eclipse.jetty.util.log - Logging initialized @1693ms
15:04:10.013 [main] WARN  o.e.j.server.handler.ContextHandler - Empty contextPath
15:04:10.219 [main] INFO  ninja.standalone.NinjaJetty - Trying to start jetty v9.3.15.v20161220 on <all>:1024
15:04:10.221 [main] INFO  org.eclipse.jetty.server.Server - jetty-9.3.15.v20161220
15:04:10.770 [main] INFO  ninja.servlet.NinjaServletListener - Using JSR-356 websocket container org.eclipse.jetty.websocket.jsr356.server.ServerContainer@3e6f3f28
15:04:10.777 [main] INFO  ninja.Bootstrap - Successfully configured Logback.
15:04:10.782 [main] INFO  ninja.Bootstrap - Enabling Ninja classic configuration
15:04:12.166 [main] INFO  com.zaxxer.hikari.HikariDataSource - HikariPool-1 - Starting...
15:04:12.429 [main] INFO  com.zaxxer.hikari.pool.PoolBase - HikariPool-1 - Driver does not support get/set network timeout for connections. (org.h2.jdbc.JdbcConnection.getNetworkTimeout()I)
15:04:12.446 [main] INFO  com.zaxxer.hikari.HikariDataSource - HikariPool-1 - Start completed.
15:04:12.485 [main] INFO  ninja.utils.SwissKnife - Could not load file conf/messages_en.properties (not a bad thing necessarily, but I am returing null)
15:04:12.486 [main] INFO  ninja.i18n.MessagesImpl - Did not find conf/messages_en.properties but it was specified in application.conf. Using default language instead.
15:04:12.487 [main] INFO  ninja.utils.SwissKnife - Could not load file conf/messages_de.properties (not a bad thing necessarily, but I am returing null)
15:04:12.487 [main] INFO  ninja.i18n.MessagesImpl - Did not find conf/messages_de.properties but it was specified in application.conf. Using default language instead.
15:04:12.576 [main] INFO  n.template.TemplateEngineManagerImpl - -------------------------------------------------------------------
15:04:12.577 [main] INFO  n.template.TemplateEngineManagerImpl - Registered response template engines
15:04:12.577 [main] INFO  n.template.TemplateEngineManagerImpl - -------------------------------------------------------------------
15:04:12.577 [main] INFO  n.template.TemplateEngineManagerImpl - application/javascript  =>  ninja.template.TemplateEngineJsonP
15:04:12.577 [main] INFO  n.template.TemplateEngineManagerImpl - application/json        =>  ninja.template.TemplateEngineJson
15:04:12.578 [main] INFO  n.template.TemplateEngineManagerImpl - application/xml         =>  ninja.template.TemplateEngineXml
15:04:12.578 [main] INFO  n.template.TemplateEngineManagerImpl - text/html               =>  ninja.template.TemplateEngineFreemarker
15:04:12.578 [main] INFO  n.template.TemplateEngineManagerImpl - text/plain              =>  ninja.template.TemplateEngineText
15:04:12.610 [main] INFO  o.f.c.internal.util.VersionPrinter - Flyway Community Edition 5.0.7 by Boxfuse
15:04:12.624 [main] INFO  o.f.c.i.database.DatabaseFactory - Database: jdbc:h2:mem:test (H2 1.3)
15:04:12.693 [main] INFO  n.b.BodyParserEngineManagerImpl - ----------------------------------------------------------------------------
15:04:12.694 [main] INFO  n.b.BodyParserEngineManagerImpl - Registered request bodyparser engines
15:04:12.695 [main] INFO  n.b.BodyParserEngineManagerImpl - ----------------------------------------------------------------------------
15:04:12.695 [main] INFO  n.b.BodyParserEngineManagerImpl - application/json                   =>  ninja.bodyparser.BodyParserEngineJson
15:04:12.695 [main] INFO  n.b.BodyParserEngineManagerImpl - application/x-www-form-urlencoded  =>  ninja.bodyparser.BodyParserEnginePost
15:04:12.695 [main] INFO  n.b.BodyParserEngineManagerImpl - application/xml                    =>  ninja.bodyparser.BodyParserEngineXml
15:04:12.720 [main] INFO  o.e.jetty.server.AbstractConnector - Started ServerConnector@58af8293{HTTP/1.1,[http/1.1]}{0.0.0.0:1024}
15:04:16.151 [main] INFO  ninja.utils.NinjaModeHelper - Ninja is running in mode prod
15:04:16.253 [main] INFO  org.eclipse.jetty.util.log - Logging initialized @1936ms
15:04:16.315 [main] WARN  o.e.j.server.handler.ContextHandler - Empty contextPath
15:04:16.506 [main] INFO  ninja.standalone.NinjaJetty - Trying to start jetty v9.3.15.v20161220 on <all>:1024
15:04:16.508 [main] INFO  org.eclipse.jetty.server.Server - jetty-9.3.15.v20161220
15:04:17.048 [main] INFO  ninja.servlet.NinjaServletListener - Using JSR-356 websocket container org.eclipse.jetty.websocket.jsr356.server.ServerContainer@3e6f3f28
15:04:17.073 [main] INFO  ninja.Bootstrap - Successfully configured Logback.
15:04:17.077 [main] INFO  ninja.Bootstrap - Enabling Ninja classic configuration
15:04:18.482 [main] INFO  com.zaxxer.hikari.HikariDataSource - HikariPool-1 - Starting...
15:04:18.727 [main] INFO  com.zaxxer.hikari.pool.PoolBase - HikariPool-1 - Driver does not support get/set network timeout for connections. (org.h2.jdbc.JdbcConnection.getNetworkTimeout()I)
15:04:18.735 [main] INFO  com.zaxxer.hikari.HikariDataSource - HikariPool-1 - Start completed.
15:04:18.788 [main] INFO  ninja.utils.SwissKnife - Could not load file conf/messages_en.properties (not a bad thing necessarily, but I am returing null)
15:04:18.789 [main] INFO  ninja.i18n.MessagesImpl - Did not find conf/messages_en.properties but it was specified in application.conf. Using default language instead.
15:04:18.790 [main] INFO  ninja.utils.SwissKnife - Could not load file conf/messages_de.properties (not a bad thing necessarily, but I am returing null)
15:04:18.790 [main] INFO  ninja.i18n.MessagesImpl - Did not find conf/messages_de.properties but it was specified in application.conf. Using default language instead.
15:04:18.870 [main] INFO  n.template.TemplateEngineManagerImpl - -------------------------------------------------------------------
15:04:18.870 [main] INFO  n.template.TemplateEngineManagerImpl - Registered response template engines
15:04:18.870 [main] INFO  n.template.TemplateEngineManagerImpl - -------------------------------------------------------------------
15:04:18.870 [main] INFO  n.template.TemplateEngineManagerImpl - application/javascript  =>  ninja.template.TemplateEngineJsonP
15:04:18.870 [main] INFO  n.template.TemplateEngineManagerImpl - application/json        =>  ninja.template.TemplateEngineJson
15:04:18.870 [main] INFO  n.template.TemplateEngineManagerImpl - application/xml         =>  ninja.template.TemplateEngineXml
15:04:18.870 [main] INFO  n.template.TemplateEngineManagerImpl - text/html               =>  ninja.template.TemplateEngineFreemarker
15:04:18.871 [main] INFO  n.template.TemplateEngineManagerImpl - text/plain              =>  ninja.template.TemplateEngineText
15:04:18.896 [main] INFO  o.f.c.internal.util.VersionPrinter - Flyway Community Edition 5.0.7 by Boxfuse
15:04:18.901 [main] INFO  o.f.c.i.database.DatabaseFactory - Database: jdbc:h2:mem:test (H2 1.3)
15:04:18.940 [main] INFO  n.b.BodyParserEngineManagerImpl - ----------------------------------------------------------------------------
15:04:18.940 [main] INFO  n.b.BodyParserEngineManagerImpl - Registered request bodyparser engines
15:04:18.940 [main] INFO  n.b.BodyParserEngineManagerImpl - ----------------------------------------------------------------------------
15:04:18.940 [main] INFO  n.b.BodyParserEngineManagerImpl - application/json                   =>  ninja.bodyparser.BodyParserEngineJson
15:04:18.940 [main] INFO  n.b.BodyParserEngineManagerImpl - application/x-www-form-urlencoded  =>  ninja.bodyparser.BodyParserEnginePost
15:04:18.940 [main] INFO  n.b.BodyParserEngineManagerImpl - application/xml                    =>  ninja.bodyparser.BodyParserEngineXml
15:04:18.966 [main] INFO  o.e.jetty.server.AbstractConnector - Started ServerConnector@23da5d21{HTTP/1.1,[http/1.1]}{0.0.0.0:1024}
