18:31:33.204 [main] INFO  o.s.b.t.a.w.s.WebMvcTestContextBootstrapper - Neither @ContextConfiguration nor @ContextHierarchy found for test class [org.springframework.samples.petclinic.web.PetResourceTests], using SpringBootContextLoader
18:31:33.214 [main] INFO  o.s.t.c.s.AbstractContextLoader - Could not detect default resource locations for test class [org.springframework.samples.petclinic.web.PetResourceTests]: no resource found for suffixes {-context.xml, Context.groovy}.
18:31:33.215 [main] INFO  o.s.t.c.s.AnnotationConfigContextLoaderUtils - Could not detect default configuration classes for test class [org.springframework.samples.petclinic.web.PetResourceTests]: PetResourceTests does not declare any static, non-private, non-final, nested classes annotated with @Configuration.
18:31:33.554 [main] INFO  o.s.b.t.c.SpringBootTestContextBootstrapper - Found @SpringBootConfiguration org.springframework.samples.petclinic.PetClinicApplication for test class org.springframework.samples.petclinic.web.PetResourceTests
18:31:33.579 [main] INFO  o.s.b.t.a.w.s.WebMvcTestContextBootstrapper - Loaded default TestExecutionListener class names from location [META-INF/spring.factories]: [org.springframework.boot.test.mock.mockito.MockitoTestExecutionListener, org.springframework.boot.test.mock.mockito.ResetMocksTestExecutionListener, org.springframework.boot.test.autoconfigure.restdocs.RestDocsTestExecutionListener, org.springframework.boot.test.autoconfigure.web.client.MockRestServiceServerResetTestExecutionListener, org.springframework.boot.test.autoconfigure.web.servlet.MockMvcPrintOnlyOnFailureTestExecutionListener, org.springframework.boot.test.autoconfigure.web.servlet.WebDriverTestExecutionListener, org.springframework.test.context.web.ServletTestExecutionListener, org.springframework.test.context.support.DirtiesContextBeforeModesTestExecutionListener, org.springframework.test.context.support.DependencyInjectionTestExecutionListener, org.springframework.test.context.support.DirtiesContextTestExecutionListener, org.springframework.test.context.transaction.TransactionalTestExecutionListener, org.springframework.test.context.jdbc.SqlScriptsTestExecutionListener]
18:31:33.615 [main] INFO  o.s.b.t.a.w.s.WebMvcTestContextBootstrapper - Using TestExecutionListeners: [org.springframework.test.context.web.ServletTestExecutionListener@3d285d7e, org.springframework.test.context.support.DirtiesContextBeforeModesTestExecutionListener@40005471, org.springframework.boot.test.mock.mockito.MockitoTestExecutionListener@2cd76f31, org.springframework.boot.test.autoconfigure.SpringBootDependencyInjectionTestExecutionListener@367ffa75, org.springframework.test.context.support.DirtiesContextTestExecutionListener@49438269, org.springframework.test.context.transaction.TransactionalTestExecutionListener@ba2f4ec, org.springframework.test.context.jdbc.SqlScriptsTestExecutionListener@1c1bbc4e, org.springframework.boot.test.mock.mockito.ResetMocksTestExecutionListener@55fe41ea, org.springframework.boot.test.autoconfigure.restdocs.RestDocsTestExecutionListener@fbd1f6, org.springframework.boot.test.autoconfigure.web.client.MockRestServiceServerResetTestExecutionListener@1ce24091, org.springframework.boot.test.autoconfigure.web.servlet.MockMvcPrintOnlyOnFailureTestExecutionListener@5dda768f, org.springframework.boot.test.autoconfigure.web.servlet.WebDriverTestExecutionListener@7a8c8dcf]
18:31:33.617 [main] INFO  o.s.b.t.a.w.s.WebMvcTestContextBootstrapper - Neither @ContextConfiguration nor @ContextHierarchy found for test class [org.springframework.samples.petclinic.web.VetResourceTests], using SpringBootContextLoader
18:31:33.622 [main] INFO  o.s.t.c.s.AbstractContextLoader - Could not detect default resource locations for test class [org.springframework.samples.petclinic.web.VetResourceTests]: no resource found for suffixes {-context.xml, Context.groovy}.
18:31:33.622 [main] INFO  o.s.t.c.s.AnnotationConfigContextLoaderUtils - Could not detect default configuration classes for test class [org.springframework.samples.petclinic.web.VetResourceTests]: VetResourceTests does not declare any static, non-private, non-final, nested classes annotated with @Configuration.
18:31:33.627 [main] INFO  o.s.b.t.c.SpringBootTestContextBootstrapper - Found @SpringBootConfiguration org.springframework.samples.petclinic.PetClinicApplication for test class org.springframework.samples.petclinic.web.VetResourceTests
18:31:33.628 [main] INFO  o.s.b.t.a.w.s.WebMvcTestContextBootstrapper - Loaded default TestExecutionListener class names from location [META-INF/spring.factories]: [org.springframework.boot.test.mock.mockito.MockitoTestExecutionListener, org.springframework.boot.test.mock.mockito.ResetMocksTestExecutionListener, org.springframework.boot.test.autoconfigure.restdocs.RestDocsTestExecutionListener, org.springframework.boot.test.autoconfigure.web.client.MockRestServiceServerResetTestExecutionListener, org.springframework.boot.test.autoconfigure.web.servlet.MockMvcPrintOnlyOnFailureTestExecutionListener, org.springframework.boot.test.autoconfigure.web.servlet.WebDriverTestExecutionListener, org.springframework.test.context.web.ServletTestExecutionListener, org.springframework.test.context.support.DirtiesContextBeforeModesTestExecutionListener, org.springframework.test.context.support.DependencyInjectionTestExecutionListener, org.springframework.test.context.support.DirtiesContextTestExecutionListener, org.springframework.test.context.transaction.TransactionalTestExecutionListener, org.springframework.test.context.jdbc.SqlScriptsTestExecutionListener]
18:31:33.628 [main] INFO  o.s.b.t.a.w.s.WebMvcTestContextBootstrapper - Using TestExecutionListeners: [org.springframework.test.context.web.ServletTestExecutionListener@2a5c8d3f, org.springframework.test.context.support.DirtiesContextBeforeModesTestExecutionListener@752325ad, org.springframework.boot.test.mock.mockito.MockitoTestExecutionListener@279fedbd, org.springframework.boot.test.autoconfigure.SpringBootDependencyInjectionTestExecutionListener@b3ca52e, org.springframework.test.context.support.DirtiesContextTestExecutionListener@45c7e403, org.springframework.test.context.transaction.TransactionalTestExecutionListener@2925bf5b, org.springframework.test.context.jdbc.SqlScriptsTestExecutionListener@710f4dc7, org.springframework.boot.test.mock.mockito.ResetMocksTestExecutionListener@1ff4931d, org.springframework.boot.test.autoconfigure.restdocs.RestDocsTestExecutionListener@65e98b1c, org.springframework.boot.test.autoconfigure.web.client.MockRestServiceServerResetTestExecutionListener@61322f9d, org.springframework.boot.test.autoconfigure.web.servlet.MockMvcPrintOnlyOnFailureTestExecutionListener@6ad82709, org.springframework.boot.test.autoconfigure.web.servlet.WebDriverTestExecutionListener@510f3d34]
18:31:33.681 [main] INFO  o.h.validator.internal.util.Version - HV000001: Hibernate Validator 6.0.7.Final
18:31:34.837 [main] WARN  o.s.b.t.j.DuplicateJsonObjectContextCustomizerFactory$DuplicateJsonObjectContextCustomizer - 

Found multiple occurrences of org.json.JSONObject on the class path:

	jar:file:/scratch/dginelli/workspace/repairnator-repairnator-experiments-spring-petclinic-spring-petclinic-angularjs-360357369-20180330-192604-firstCommit/.m2/com/vaadin/external/google/android-json/0.0.20131108.vaadin1/android-json-0.0.20131108.vaadin1.jar!/org/json/JSONObject.class
	jar:file:/pfs/nobackup/home/d/dginelli/development/astor-1.0.0-SNAPSHOT-jar-with-dependencies.jar!/org/json/JSONObject.class
	jar:file:/pfs/nobackup/home/d/dginelli/development/repairnator-pipeline-3.3-SNAPSHOT-jar-with-dependencies.jar!/org/json/JSONObject.class

You may wish to exclude one of them to ensure predictable runtime behavior

18:31:34.872 [main] INFO  o.s.s.petclinic.web.PetResourceTests - Starting PetResourceTests on b-cn0820.hpc2n.umu.se with PID 22464 (started by dginelli in /scratch/dginelli/workspace/repairnator-repairnator-experiments-spring-petclinic-spring-petclinic-angularjs-360357369-20180330-192604-firstCommit/spring-petclinic-server)
18:31:34.872 [main] INFO  o.s.s.petclinic.web.PetResourceTests - The following profiles are active: prod
18:31:34.926 [main] INFO  o.s.w.c.s.GenericWebApplicationContext - Refreshing org.springframework.web.context.support.GenericWebApplicationContext@34645867: startup date [Sun Feb 16 18:31:34 CET 2020]; root of context hierarchy
18:31:36.622 [main] INFO  o.s.b.f.a.AutowiredAnnotationBeanPostProcessor - JSR-330 'javax.inject.Inject' annotation found and supported for autowiring
18:31:37.502 [main] INFO  o.s.w.s.m.m.a.RequestMappingHandlerAdapter - Looking for @ControllerAdvice: org.springframework.web.context.support.GenericWebApplicationContext@34645867: startup date [Sun Feb 16 18:31:34 CET 2020]; root of context hierarchy
18:31:37.611 [main] INFO  o.s.w.s.m.m.a.RequestMappingHandlerMapping - Mapped "{[/owners/*/pets/{petId}],methods=[GET]}" onto public org.springframework.samples.petclinic.web.PetResource$PetDetails org.springframework.samples.petclinic.web.PetResource.findPet(int)
18:31:37.613 [main] INFO  o.s.w.s.m.m.a.RequestMappingHandlerMapping - Mapped "{[/owners/{ownerId}/pets/{petId}],methods=[PUT]}" onto public void org.springframework.samples.petclinic.web.PetResource.processUpdateForm(org.springframework.samples.petclinic.web.PetResource$PetRequest)
18:31:37.614 [main] INFO  o.s.w.s.m.m.a.RequestMappingHandlerMapping - Mapped "{[/petTypes],methods=[GET]}" onto java.util.Collection<org.springframework.samples.petclinic.model.PetType> org.springframework.samples.petclinic.web.PetResource.getPetTypes()
18:31:37.614 [main] INFO  o.s.w.s.m.m.a.RequestMappingHandlerMapping - Mapped "{[/owners/{ownerId}/pets],methods=[POST]}" onto public void org.springframework.samples.petclinic.web.PetResource.processCreationForm(org.springframework.samples.petclinic.web.PetResource$PetRequest,int)
18:31:37.629 [main] INFO  o.s.w.s.m.m.a.RequestMappingHandlerMapping - Mapped "{[/error],produces=[text/html]}" onto public org.springframework.web.servlet.ModelAndView org.springframework.boot.autoconfigure.web.servlet.error.BasicErrorController.errorHtml(javax.servlet.http.HttpServletRequest,javax.servlet.http.HttpServletResponse)
18:31:37.630 [main] INFO  o.s.w.s.m.m.a.RequestMappingHandlerMapping - Mapped "{[/error]}" onto public org.springframework.http.ResponseEntity<java.util.Map<java.lang.String, java.lang.Object>> org.springframework.boot.autoconfigure.web.servlet.error.BasicErrorController.error(javax.servlet.http.HttpServletRequest)
18:31:37.662 [main] INFO  o.s.w.s.h.SimpleUrlHandlerMapping - Root mapping to handler of type [class org.springframework.web.servlet.mvc.ParameterizableViewController]
18:31:37.711 [main] INFO  o.s.w.s.h.SimpleUrlHandlerMapping - Mapped URL path [/webjars/**] onto handler of type [class org.springframework.web.servlet.resource.ResourceHttpRequestHandler]
18:31:37.711 [main] INFO  o.s.w.s.h.SimpleUrlHandlerMapping - Mapped URL path [/**] onto handler of type [class org.springframework.web.servlet.resource.ResourceHttpRequestHandler]
18:31:37.807 [main] INFO  o.s.w.s.h.SimpleUrlHandlerMapping - Mapped URL path [/**/favicon.ico] onto handler of type [class org.springframework.web.servlet.resource.ResourceHttpRequestHandler]
18:31:37.935 [main] INFO  o.s.b.a.w.s.WelcomePageHandlerMapping - Adding welcome page template: index
18:31:38.142 [main] INFO  o.s.b.t.m.w.SpringBootMockServletContext - Initializing Spring FrameworkServlet ''
18:31:38.142 [main] INFO  o.s.t.w.s.TestDispatcherServlet - FrameworkServlet '': initialization started
18:31:38.165 [main] INFO  o.s.t.w.s.TestDispatcherServlet - FrameworkServlet '': initialization completed in 23 ms
18:31:38.280 [main] INFO  o.s.s.petclinic.web.PetResourceTests - Started PetResourceTests in 4.044 seconds (JVM running for 6.161)
18:31:38.626 [main] WARN  o.s.b.t.j.DuplicateJsonObjectContextCustomizerFactory$DuplicateJsonObjectContextCustomizer - 

Found multiple occurrences of org.json.JSONObject on the class path:

	jar:file:/scratch/dginelli/workspace/repairnator-repairnator-experiments-spring-petclinic-spring-petclinic-angularjs-360357369-20180330-192604-firstCommit/.m2/com/vaadin/external/google/android-json/0.0.20131108.vaadin1/android-json-0.0.20131108.vaadin1.jar!/org/json/JSONObject.class
	jar:file:/pfs/nobackup/home/d/dginelli/development/astor-1.0.0-SNAPSHOT-jar-with-dependencies.jar!/org/json/JSONObject.class
	jar:file:/pfs/nobackup/home/d/dginelli/development/repairnator-pipeline-3.3-SNAPSHOT-jar-with-dependencies.jar!/org/json/JSONObject.class

You may wish to exclude one of them to ensure predictable runtime behavior

18:31:38.627 [main] INFO  o.s.s.petclinic.web.VetResourceTests - Starting VetResourceTests on b-cn0820.hpc2n.umu.se with PID 22464 (started by dginelli in /scratch/dginelli/workspace/repairnator-repairnator-experiments-spring-petclinic-spring-petclinic-angularjs-360357369-20180330-192604-firstCommit/spring-petclinic-server)
18:31:38.628 [main] INFO  o.s.s.petclinic.web.VetResourceTests - The following profiles are active: prod
18:31:38.630 [main] INFO  o.s.w.c.s.GenericWebApplicationContext - Refreshing org.springframework.web.context.support.GenericWebApplicationContext@51f18e31: startup date [Sun Feb 16 18:31:38 CET 2020]; root of context hierarchy
18:31:38.984 [main] INFO  o.s.b.f.a.AutowiredAnnotationBeanPostProcessor - JSR-330 'javax.inject.Inject' annotation found and supported for autowiring
18:31:39.302 [main] INFO  o.s.w.s.m.m.a.RequestMappingHandlerAdapter - Looking for @ControllerAdvice: org.springframework.web.context.support.GenericWebApplicationContext@51f18e31: startup date [Sun Feb 16 18:31:38 CET 2020]; root of context hierarchy
18:31:39.330 [main] INFO  o.s.w.s.m.m.a.RequestMappingHandlerMapping - Mapped "{[/vets],methods=[GET]}" onto public java.util.Collection<org.springframework.samples.petclinic.model.Vet> org.springframework.samples.petclinic.web.VetResource.showResourcesVetList()
18:31:39.331 [main] INFO  o.s.w.s.m.m.a.RequestMappingHandlerMapping - Mapped "{[/error],produces=[text/html]}" onto public org.springframework.web.servlet.ModelAndView org.springframework.boot.autoconfigure.web.servlet.error.BasicErrorController.errorHtml(javax.servlet.http.HttpServletRequest,javax.servlet.http.HttpServletResponse)
18:31:39.332 [main] INFO  o.s.w.s.m.m.a.RequestMappingHandlerMapping - Mapped "{[/error]}" onto public org.springframework.http.ResponseEntity<java.util.Map<java.lang.String, java.lang.Object>> org.springframework.boot.autoconfigure.web.servlet.error.BasicErrorController.error(javax.servlet.http.HttpServletRequest)
18:31:39.355 [main] INFO  o.s.w.s.h.SimpleUrlHandlerMapping - Root mapping to handler of type [class org.springframework.web.servlet.mvc.ParameterizableViewController]
18:31:39.363 [main] INFO  o.s.w.s.h.SimpleUrlHandlerMapping - Mapped URL path [/webjars/**] onto handler of type [class org.springframework.web.servlet.resource.ResourceHttpRequestHandler]
18:31:39.364 [main] INFO  o.s.w.s.h.SimpleUrlHandlerMapping - Mapped URL path [/**] onto handler of type [class org.springframework.web.servlet.resource.ResourceHttpRequestHandler]
18:31:39.422 [main] INFO  o.s.w.s.h.SimpleUrlHandlerMapping - Mapped URL path [/**/favicon.ico] onto handler of type [class org.springframework.web.servlet.resource.ResourceHttpRequestHandler]
18:31:39.489 [main] INFO  o.s.b.a.w.s.WelcomePageHandlerMapping - Adding welcome page template: index
18:31:39.576 [main] INFO  o.s.b.t.m.w.SpringBootMockServletContext - Initializing Spring FrameworkServlet ''
18:31:39.578 [main] INFO  o.s.t.w.s.TestDispatcherServlet - FrameworkServlet '': initialization started
18:31:39.583 [main] INFO  o.s.t.w.s.TestDispatcherServlet - FrameworkServlet '': initialization completed in 5 ms
18:31:39.673 [main] INFO  o.s.s.petclinic.web.VetResourceTests - Started VetResourceTests in 1.109 seconds (JVM running for 7.553)
18:31:39.751 [Thread-5] INFO  o.s.w.c.s.GenericWebApplicationContext - Closing org.springframework.web.context.support.GenericWebApplicationContext@51f18e31: startup date [Sun Feb 16 18:31:38 CET 2020]; root of context hierarchy
18:31:39.754 [Thread-3] INFO  o.s.w.c.s.GenericWebApplicationContext - Closing org.springframework.web.context.support.GenericWebApplicationContext@34645867: startup date [Sun Feb 16 18:31:34 CET 2020]; root of context hierarchy
18:31:42.846 [main] INFO  o.s.b.t.a.w.s.WebMvcTestContextBootstrapper - Neither @ContextConfiguration nor @ContextHierarchy found for test class [org.springframework.samples.petclinic.web.PetResourceTests], using SpringBootContextLoader
18:31:42.865 [main] INFO  o.s.t.c.s.AbstractContextLoader - Could not detect default resource locations for test class [org.springframework.samples.petclinic.web.PetResourceTests]: no resource found for suffixes {-context.xml, Context.groovy}.
18:31:42.866 [main] INFO  o.s.t.c.s.AnnotationConfigContextLoaderUtils - Could not detect default configuration classes for test class [org.springframework.samples.petclinic.web.PetResourceTests]: PetResourceTests does not declare any static, non-private, non-final, nested classes annotated with @Configuration.
18:31:43.385 [main] INFO  o.s.b.t.c.SpringBootTestContextBootstrapper - Found @SpringBootConfiguration org.springframework.samples.petclinic.PetClinicApplication for test class org.springframework.samples.petclinic.web.PetResourceTests
18:31:43.417 [main] INFO  o.s.b.t.a.w.s.WebMvcTestContextBootstrapper - Loaded default TestExecutionListener class names from location [META-INF/spring.factories]: [org.springframework.boot.test.mock.mockito.MockitoTestExecutionListener, org.springframework.boot.test.mock.mockito.ResetMocksTestExecutionListener, org.springframework.boot.test.autoconfigure.restdocs.RestDocsTestExecutionListener, org.springframework.boot.test.autoconfigure.web.client.MockRestServiceServerResetTestExecutionListener, org.springframework.boot.test.autoconfigure.web.servlet.MockMvcPrintOnlyOnFailureTestExecutionListener, org.springframework.boot.test.autoconfigure.web.servlet.WebDriverTestExecutionListener, org.springframework.test.context.web.ServletTestExecutionListener, org.springframework.test.context.support.DirtiesContextBeforeModesTestExecutionListener, org.springframework.test.context.support.DependencyInjectionTestExecutionListener, org.springframework.test.context.support.DirtiesContextTestExecutionListener, org.springframework.test.context.transaction.TransactionalTestExecutionListener, org.springframework.test.context.jdbc.SqlScriptsTestExecutionListener]
18:31:43.457 [main] INFO  o.s.b.t.a.w.s.WebMvcTestContextBootstrapper - Using TestExecutionListeners: [org.springframework.test.context.web.ServletTestExecutionListener@3d285d7e, org.springframework.test.context.support.DirtiesContextBeforeModesTestExecutionListener@40005471, org.springframework.boot.test.mock.mockito.MockitoTestExecutionListener@2cd76f31, org.springframework.boot.test.autoconfigure.SpringBootDependencyInjectionTestExecutionListener@367ffa75, org.springframework.test.context.support.DirtiesContextTestExecutionListener@49438269, org.springframework.test.context.transaction.TransactionalTestExecutionListener@ba2f4ec, org.springframework.test.context.jdbc.SqlScriptsTestExecutionListener@1c1bbc4e, org.springframework.boot.test.mock.mockito.ResetMocksTestExecutionListener@55fe41ea, org.springframework.boot.test.autoconfigure.restdocs.RestDocsTestExecutionListener@fbd1f6, org.springframework.boot.test.autoconfigure.web.client.MockRestServiceServerResetTestExecutionListener@1ce24091, org.springframework.boot.test.autoconfigure.web.servlet.MockMvcPrintOnlyOnFailureTestExecutionListener@5dda768f, org.springframework.boot.test.autoconfigure.web.servlet.WebDriverTestExecutionListener@7a8c8dcf]
18:31:43.463 [main] INFO  o.s.b.t.a.w.s.WebMvcTestContextBootstrapper - Neither @ContextConfiguration nor @ContextHierarchy found for test class [org.springframework.samples.petclinic.web.VetResourceTests], using SpringBootContextLoader
18:31:43.464 [main] INFO  o.s.t.c.s.AbstractContextLoader - Could not detect default resource locations for test class [org.springframework.samples.petclinic.web.VetResourceTests]: no resource found for suffixes {-context.xml, Context.groovy}.
18:31:43.464 [main] INFO  o.s.t.c.s.AnnotationConfigContextLoaderUtils - Could not detect default configuration classes for test class [org.springframework.samples.petclinic.web.VetResourceTests]: VetResourceTests does not declare any static, non-private, non-final, nested classes annotated with @Configuration.
18:31:43.470 [main] INFO  o.s.b.t.c.SpringBootTestContextBootstrapper - Found @SpringBootConfiguration org.springframework.samples.petclinic.PetClinicApplication for test class org.springframework.samples.petclinic.web.VetResourceTests
18:31:43.471 [main] INFO  o.s.b.t.a.w.s.WebMvcTestContextBootstrapper - Loaded default TestExecutionListener class names from location [META-INF/spring.factories]: [org.springframework.boot.test.mock.mockito.MockitoTestExecutionListener, org.springframework.boot.test.mock.mockito.ResetMocksTestExecutionListener, org.springframework.boot.test.autoconfigure.restdocs.RestDocsTestExecutionListener, org.springframework.boot.test.autoconfigure.web.client.MockRestServiceServerResetTestExecutionListener, org.springframework.boot.test.autoconfigure.web.servlet.MockMvcPrintOnlyOnFailureTestExecutionListener, org.springframework.boot.test.autoconfigure.web.servlet.WebDriverTestExecutionListener, org.springframework.test.context.web.ServletTestExecutionListener, org.springframework.test.context.support.DirtiesContextBeforeModesTestExecutionListener, org.springframework.test.context.support.DependencyInjectionTestExecutionListener, org.springframework.test.context.support.DirtiesContextTestExecutionListener, org.springframework.test.context.transaction.TransactionalTestExecutionListener, org.springframework.test.context.jdbc.SqlScriptsTestExecutionListener]
18:31:43.471 [main] INFO  o.s.b.t.a.w.s.WebMvcTestContextBootstrapper - Using TestExecutionListeners: [org.springframework.test.context.web.ServletTestExecutionListener@2a5c8d3f, org.springframework.test.context.support.DirtiesContextBeforeModesTestExecutionListener@752325ad, org.springframework.boot.test.mock.mockito.MockitoTestExecutionListener@279fedbd, org.springframework.boot.test.autoconfigure.SpringBootDependencyInjectionTestExecutionListener@b3ca52e, org.springframework.test.context.support.DirtiesContextTestExecutionListener@45c7e403, org.springframework.test.context.transaction.TransactionalTestExecutionListener@2925bf5b, org.springframework.test.context.jdbc.SqlScriptsTestExecutionListener@710f4dc7, org.springframework.boot.test.mock.mockito.ResetMocksTestExecutionListener@1ff4931d, org.springframework.boot.test.autoconfigure.restdocs.RestDocsTestExecutionListener@65e98b1c, org.springframework.boot.test.autoconfigure.web.client.MockRestServiceServerResetTestExecutionListener@61322f9d, org.springframework.boot.test.autoconfigure.web.servlet.MockMvcPrintOnlyOnFailureTestExecutionListener@6ad82709, org.springframework.boot.test.autoconfigure.web.servlet.WebDriverTestExecutionListener@510f3d34]
18:31:43.565 [main] INFO  o.h.validator.internal.util.Version - HV000001: Hibernate Validator 6.0.7.Final
18:31:45.566 [main] WARN  o.s.b.t.j.DuplicateJsonObjectContextCustomizerFactory$DuplicateJsonObjectContextCustomizer - 

Found multiple occurrences of org.json.JSONObject on the class path:

	jar:file:/scratch/dginelli/workspace/repairnator-repairnator-experiments-spring-petclinic-spring-petclinic-angularjs-360357369-20180330-192604-firstCommit/.m2/com/vaadin/external/google/android-json/0.0.20131108.vaadin1/android-json-0.0.20131108.vaadin1.jar!/org/json/JSONObject.class
	jar:file:/pfs/nobackup/home/d/dginelli/development/astor-1.0.0-SNAPSHOT-jar-with-dependencies.jar!/org/json/JSONObject.class
	jar:file:/pfs/nobackup/home/d/dginelli/development/repairnator-pipeline-3.3-SNAPSHOT-jar-with-dependencies.jar!/org/json/JSONObject.class

You may wish to exclude one of them to ensure predictable runtime behavior

18:31:45.612 [main] INFO  o.s.s.petclinic.web.PetResourceTests - Starting PetResourceTests on b-cn0820.hpc2n.umu.se with PID 22592 (started by dginelli in /scratch/dginelli/workspace/repairnator-repairnator-experiments-spring-petclinic-spring-petclinic-angularjs-360357369-20180330-192604-firstCommit/spring-petclinic-server)
18:31:45.612 [main] INFO  o.s.s.petclinic.web.PetResourceTests - The following profiles are active: prod
18:31:45.696 [main] INFO  o.s.w.c.s.GenericWebApplicationContext - Refreshing org.springframework.web.context.support.GenericWebApplicationContext@2484f433: startup date [Sun Feb 16 18:31:45 CET 2020]; root of context hierarchy
18:31:47.723 [main] INFO  o.s.b.f.a.AutowiredAnnotationBeanPostProcessor - JSR-330 'javax.inject.Inject' annotation found and supported for autowiring
18:31:48.808 [main] INFO  o.s.w.s.m.m.a.RequestMappingHandlerAdapter - Looking for @ControllerAdvice: org.springframework.web.context.support.GenericWebApplicationContext@2484f433: startup date [Sun Feb 16 18:31:45 CET 2020]; root of context hierarchy
18:31:48.967 [main] INFO  o.s.w.s.m.m.a.RequestMappingHandlerMapping - Mapped "{[/owners/{ownerId}/pets/{petId}],methods=[PUT]}" onto public void org.springframework.samples.petclinic.web.PetResource.processUpdateForm(org.springframework.samples.petclinic.web.PetResource$PetRequest)
18:31:48.968 [main] INFO  o.s.w.s.m.m.a.RequestMappingHandlerMapping - Mapped "{[/owners/*/pets/{petId}],methods=[GET]}" onto public org.springframework.samples.petclinic.web.PetResource$PetDetails org.springframework.samples.petclinic.web.PetResource.findPet(int)
18:31:48.969 [main] INFO  o.s.w.s.m.m.a.RequestMappingHandlerMapping - Mapped "{[/petTypes],methods=[GET]}" onto java.util.Collection<org.springframework.samples.petclinic.model.PetType> org.springframework.samples.petclinic.web.PetResource.getPetTypes()
18:31:48.970 [main] INFO  o.s.w.s.m.m.a.RequestMappingHandlerMapping - Mapped "{[/owners/{ownerId}/pets],methods=[POST]}" onto public void org.springframework.samples.petclinic.web.PetResource.processCreationForm(org.springframework.samples.petclinic.web.PetResource$PetRequest,int)
18:31:48.976 [main] INFO  o.s.w.s.m.m.a.RequestMappingHandlerMapping - Mapped "{[/error],produces=[text/html]}" onto public org.springframework.web.servlet.ModelAndView org.springframework.boot.autoconfigure.web.servlet.error.BasicErrorController.errorHtml(javax.servlet.http.HttpServletRequest,javax.servlet.http.HttpServletResponse)
18:31:48.976 [main] INFO  o.s.w.s.m.m.a.RequestMappingHandlerMapping - Mapped "{[/error]}" onto public org.springframework.http.ResponseEntity<java.util.Map<java.lang.String, java.lang.Object>> org.springframework.boot.autoconfigure.web.servlet.error.BasicErrorController.error(javax.servlet.http.HttpServletRequest)
18:31:49.018 [main] INFO  o.s.w.s.h.SimpleUrlHandlerMapping - Root mapping to handler of type [class org.springframework.web.servlet.mvc.ParameterizableViewController]
18:31:49.079 [main] INFO  o.s.w.s.h.SimpleUrlHandlerMapping - Mapped URL path [/webjars/**] onto handler of type [class org.springframework.web.servlet.resource.ResourceHttpRequestHandler]
18:31:49.079 [main] INFO  o.s.w.s.h.SimpleUrlHandlerMapping - Mapped URL path [/**] onto handler of type [class org.springframework.web.servlet.resource.ResourceHttpRequestHandler]
18:31:49.165 [main] INFO  o.s.w.s.h.SimpleUrlHandlerMapping - Mapped URL path [/**/favicon.ico] onto handler of type [class org.springframework.web.servlet.resource.ResourceHttpRequestHandler]
18:31:49.354 [main] INFO  o.s.b.a.w.s.WelcomePageHandlerMapping - Adding welcome page template: index
18:31:49.656 [main] INFO  o.s.b.t.m.w.SpringBootMockServletContext - Initializing Spring FrameworkServlet ''
18:31:49.656 [main] INFO  o.s.t.w.s.TestDispatcherServlet - FrameworkServlet '': initialization started
18:31:49.688 [main] INFO  o.s.t.w.s.TestDispatcherServlet - FrameworkServlet '': initialization completed in 32 ms
18:31:49.808 [main] INFO  o.s.s.petclinic.web.PetResourceTests - Started PetResourceTests in 4.94 seconds (JVM running for 8.385)
18:31:50.222 [main] WARN  o.s.b.t.j.DuplicateJsonObjectContextCustomizerFactory$DuplicateJsonObjectContextCustomizer - 

Found multiple occurrences of org.json.JSONObject on the class path:

	jar:file:/scratch/dginelli/workspace/repairnator-repairnator-experiments-spring-petclinic-spring-petclinic-angularjs-360357369-20180330-192604-firstCommit/.m2/com/vaadin/external/google/android-json/0.0.20131108.vaadin1/android-json-0.0.20131108.vaadin1.jar!/org/json/JSONObject.class
	jar:file:/pfs/nobackup/home/d/dginelli/development/astor-1.0.0-SNAPSHOT-jar-with-dependencies.jar!/org/json/JSONObject.class
	jar:file:/pfs/nobackup/home/d/dginelli/development/repairnator-pipeline-3.3-SNAPSHOT-jar-with-dependencies.jar!/org/json/JSONObject.class

You may wish to exclude one of them to ensure predictable runtime behavior

18:31:50.224 [main] INFO  o.s.s.petclinic.web.VetResourceTests - Starting VetResourceTests on b-cn0820.hpc2n.umu.se with PID 22592 (started by dginelli in /scratch/dginelli/workspace/repairnator-repairnator-experiments-spring-petclinic-spring-petclinic-angularjs-360357369-20180330-192604-firstCommit/spring-petclinic-server)
18:31:50.224 [main] INFO  o.s.s.petclinic.web.VetResourceTests - The following profiles are active: prod
18:31:50.226 [main] INFO  o.s.w.c.s.GenericWebApplicationContext - Refreshing org.springframework.web.context.support.GenericWebApplicationContext@60ed12e8: startup date [Sun Feb 16 18:31:50 CET 2020]; root of context hierarchy
18:31:50.595 [main] INFO  o.s.b.f.a.AutowiredAnnotationBeanPostProcessor - JSR-330 'javax.inject.Inject' annotation found and supported for autowiring
18:31:51.010 [main] INFO  o.s.w.s.m.m.a.RequestMappingHandlerAdapter - Looking for @ControllerAdvice: org.springframework.web.context.support.GenericWebApplicationContext@60ed12e8: startup date [Sun Feb 16 18:31:50 CET 2020]; root of context hierarchy
18:31:51.035 [main] INFO  o.s.w.s.m.m.a.RequestMappingHandlerMapping - Mapped "{[/vets],methods=[GET]}" onto public java.util.Collection<org.springframework.samples.petclinic.model.Vet> org.springframework.samples.petclinic.web.VetResource.showResourcesVetList()
18:31:51.036 [main] INFO  o.s.w.s.m.m.a.RequestMappingHandlerMapping - Mapped "{[/error],produces=[text/html]}" onto public org.springframework.web.servlet.ModelAndView org.springframework.boot.autoconfigure.web.servlet.error.BasicErrorController.errorHtml(javax.servlet.http.HttpServletRequest,javax.servlet.http.HttpServletResponse)
18:31:51.037 [main] INFO  o.s.w.s.m.m.a.RequestMappingHandlerMapping - Mapped "{[/error]}" onto public org.springframework.http.ResponseEntity<java.util.Map<java.lang.String, java.lang.Object>> org.springframework.boot.autoconfigure.web.servlet.error.BasicErrorController.error(javax.servlet.http.HttpServletRequest)
18:31:51.062 [main] INFO  o.s.w.s.h.SimpleUrlHandlerMapping - Root mapping to handler of type [class org.springframework.web.servlet.mvc.ParameterizableViewController]
18:31:51.079 [main] INFO  o.s.w.s.h.SimpleUrlHandlerMapping - Mapped URL path [/webjars/**] onto handler of type [class org.springframework.web.servlet.resource.ResourceHttpRequestHandler]
18:31:51.079 [main] INFO  o.s.w.s.h.SimpleUrlHandlerMapping - Mapped URL path [/**] onto handler of type [class org.springframework.web.servlet.resource.ResourceHttpRequestHandler]
18:31:51.148 [main] INFO  o.s.w.s.h.SimpleUrlHandlerMapping - Mapped URL path [/**/favicon.ico] onto handler of type [class org.springframework.web.servlet.resource.ResourceHttpRequestHandler]
18:31:51.249 [main] INFO  o.s.b.a.w.s.WelcomePageHandlerMapping - Adding welcome page template: index
18:31:51.396 [main] INFO  o.s.b.t.m.w.SpringBootMockServletContext - Initializing Spring FrameworkServlet ''
18:31:51.396 [main] INFO  o.s.t.w.s.TestDispatcherServlet - FrameworkServlet '': initialization started
18:31:51.416 [main] INFO  o.s.t.w.s.TestDispatcherServlet - FrameworkServlet '': initialization completed in 20 ms
18:31:51.492 [main] INFO  o.s.s.petclinic.web.VetResourceTests - Started VetResourceTests in 1.344 seconds (JVM running for 10.069)
18:31:51.575 [Thread-5] INFO  o.s.w.c.s.GenericWebApplicationContext - Closing org.springframework.web.context.support.GenericWebApplicationContext@60ed12e8: startup date [Sun Feb 16 18:31:50 CET 2020]; root of context hierarchy
18:31:51.596 [Thread-3] INFO  o.s.w.c.s.GenericWebApplicationContext - Closing org.springframework.web.context.support.GenericWebApplicationContext@2484f433: startup date [Sun Feb 16 18:31:45 CET 2020]; root of context hierarchy
18:31:54.426 [main] INFO  o.s.b.t.a.w.s.WebMvcTestContextBootstrapper - Neither @ContextConfiguration nor @ContextHierarchy found for test class [org.springframework.samples.petclinic.web.PetResourceTests], using SpringBootContextLoader
18:31:54.445 [main] INFO  o.s.t.c.s.AbstractContextLoader - Could not detect default resource locations for test class [org.springframework.samples.petclinic.web.PetResourceTests]: no resource found for suffixes {-context.xml, Context.groovy}.
18:31:54.446 [main] INFO  o.s.t.c.s.AnnotationConfigContextLoaderUtils - Could not detect default configuration classes for test class [org.springframework.samples.petclinic.web.PetResourceTests]: PetResourceTests does not declare any static, non-private, non-final, nested classes annotated with @Configuration.
18:31:54.955 [main] INFO  o.s.b.t.c.SpringBootTestContextBootstrapper - Found @SpringBootConfiguration org.springframework.samples.petclinic.PetClinicApplication for test class org.springframework.samples.petclinic.web.PetResourceTests
18:31:54.983 [main] INFO  o.s.b.t.a.w.s.WebMvcTestContextBootstrapper - Loaded default TestExecutionListener class names from location [META-INF/spring.factories]: [org.springframework.boot.test.mock.mockito.MockitoTestExecutionListener, org.springframework.boot.test.mock.mockito.ResetMocksTestExecutionListener, org.springframework.boot.test.autoconfigure.restdocs.RestDocsTestExecutionListener, org.springframework.boot.test.autoconfigure.web.client.MockRestServiceServerResetTestExecutionListener, org.springframework.boot.test.autoconfigure.web.servlet.MockMvcPrintOnlyOnFailureTestExecutionListener, org.springframework.boot.test.autoconfigure.web.servlet.WebDriverTestExecutionListener, org.springframework.test.context.web.ServletTestExecutionListener, org.springframework.test.context.support.DirtiesContextBeforeModesTestExecutionListener, org.springframework.test.context.support.DependencyInjectionTestExecutionListener, org.springframework.test.context.support.DirtiesContextTestExecutionListener, org.springframework.test.context.transaction.TransactionalTestExecutionListener, org.springframework.test.context.jdbc.SqlScriptsTestExecutionListener]
18:31:55.016 [main] INFO  o.s.b.t.a.w.s.WebMvcTestContextBootstrapper - Using TestExecutionListeners: [org.springframework.test.context.web.ServletTestExecutionListener@3d285d7e, org.springframework.test.context.support.DirtiesContextBeforeModesTestExecutionListener@40005471, org.springframework.boot.test.mock.mockito.MockitoTestExecutionListener@2cd76f31, org.springframework.boot.test.autoconfigure.SpringBootDependencyInjectionTestExecutionListener@367ffa75, org.springframework.test.context.support.DirtiesContextTestExecutionListener@49438269, org.springframework.test.context.transaction.TransactionalTestExecutionListener@ba2f4ec, org.springframework.test.context.jdbc.SqlScriptsTestExecutionListener@1c1bbc4e, org.springframework.boot.test.mock.mockito.ResetMocksTestExecutionListener@55fe41ea, org.springframework.boot.test.autoconfigure.restdocs.RestDocsTestExecutionListener@fbd1f6, org.springframework.boot.test.autoconfigure.web.client.MockRestServiceServerResetTestExecutionListener@1ce24091, org.springframework.boot.test.autoconfigure.web.servlet.MockMvcPrintOnlyOnFailureTestExecutionListener@5dda768f, org.springframework.boot.test.autoconfigure.web.servlet.WebDriverTestExecutionListener@7a8c8dcf]
18:31:55.019 [main] INFO  o.s.b.t.a.w.s.WebMvcTestContextBootstrapper - Neither @ContextConfiguration nor @ContextHierarchy found for test class [org.springframework.samples.petclinic.web.VetResourceTests], using SpringBootContextLoader
18:31:55.019 [main] INFO  o.s.t.c.s.AbstractContextLoader - Could not detect default resource locations for test class [org.springframework.samples.petclinic.web.VetResourceTests]: no resource found for suffixes {-context.xml, Context.groovy}.
18:31:55.019 [main] INFO  o.s.t.c.s.AnnotationConfigContextLoaderUtils - Could not detect default configuration classes for test class [org.springframework.samples.petclinic.web.VetResourceTests]: VetResourceTests does not declare any static, non-private, non-final, nested classes annotated with @Configuration.
18:31:55.031 [main] INFO  o.s.b.t.c.SpringBootTestContextBootstrapper - Found @SpringBootConfiguration org.springframework.samples.petclinic.PetClinicApplication for test class org.springframework.samples.petclinic.web.VetResourceTests
18:31:55.034 [main] INFO  o.s.b.t.a.w.s.WebMvcTestContextBootstrapper - Loaded default TestExecutionListener class names from location [META-INF/spring.factories]: [org.springframework.boot.test.mock.mockito.MockitoTestExecutionListener, org.springframework.boot.test.mock.mockito.ResetMocksTestExecutionListener, org.springframework.boot.test.autoconfigure.restdocs.RestDocsTestExecutionListener, org.springframework.boot.test.autoconfigure.web.client.MockRestServiceServerResetTestExecutionListener, org.springframework.boot.test.autoconfigure.web.servlet.MockMvcPrintOnlyOnFailureTestExecutionListener, org.springframework.boot.test.autoconfigure.web.servlet.WebDriverTestExecutionListener, org.springframework.test.context.web.ServletTestExecutionListener, org.springframework.test.context.support.DirtiesContextBeforeModesTestExecutionListener, org.springframework.test.context.support.DependencyInjectionTestExecutionListener, org.springframework.test.context.support.DirtiesContextTestExecutionListener, org.springframework.test.context.transaction.TransactionalTestExecutionListener, org.springframework.test.context.jdbc.SqlScriptsTestExecutionListener]
18:31:55.034 [main] INFO  o.s.b.t.a.w.s.WebMvcTestContextBootstrapper - Using TestExecutionListeners: [org.springframework.test.context.web.ServletTestExecutionListener@2a5c8d3f, org.springframework.test.context.support.DirtiesContextBeforeModesTestExecutionListener@752325ad, org.springframework.boot.test.mock.mockito.MockitoTestExecutionListener@279fedbd, org.springframework.boot.test.autoconfigure.SpringBootDependencyInjectionTestExecutionListener@b3ca52e, org.springframework.test.context.support.DirtiesContextTestExecutionListener@45c7e403, org.springframework.test.context.transaction.TransactionalTestExecutionListener@2925bf5b, org.springframework.test.context.jdbc.SqlScriptsTestExecutionListener@710f4dc7, org.springframework.boot.test.mock.mockito.ResetMocksTestExecutionListener@1ff4931d, org.springframework.boot.test.autoconfigure.restdocs.RestDocsTestExecutionListener@65e98b1c, org.springframework.boot.test.autoconfigure.web.client.MockRestServiceServerResetTestExecutionListener@61322f9d, org.springframework.boot.test.autoconfigure.web.servlet.MockMvcPrintOnlyOnFailureTestExecutionListener@6ad82709, org.springframework.boot.test.autoconfigure.web.servlet.WebDriverTestExecutionListener@510f3d34]
18:31:55.126 [main] INFO  o.h.validator.internal.util.Version - HV000001: Hibernate Validator 6.0.7.Final
18:31:57.095 [main] WARN  o.s.b.t.j.DuplicateJsonObjectContextCustomizerFactory$DuplicateJsonObjectContextCustomizer - 

Found multiple occurrences of org.json.JSONObject on the class path:

	jar:file:/scratch/dginelli/workspace/repairnator-repairnator-experiments-spring-petclinic-spring-petclinic-angularjs-360357369-20180330-192604-firstCommit/.m2/com/vaadin/external/google/android-json/0.0.20131108.vaadin1/android-json-0.0.20131108.vaadin1.jar!/org/json/JSONObject.class
	jar:file:/pfs/nobackup/home/d/dginelli/development/astor-1.0.0-SNAPSHOT-jar-with-dependencies.jar!/org/json/JSONObject.class
	jar:file:/pfs/nobackup/home/d/dginelli/development/repairnator-pipeline-3.3-SNAPSHOT-jar-with-dependencies.jar!/org/json/JSONObject.class

You may wish to exclude one of them to ensure predictable runtime behavior

18:31:57.139 [main] INFO  o.s.s.petclinic.web.PetResourceTests - Starting PetResourceTests on b-cn0820.hpc2n.umu.se with PID 22770 (started by dginelli in /scratch/dginelli/workspace/repairnator-repairnator-experiments-spring-petclinic-spring-petclinic-angularjs-360357369-20180330-192604-firstCommit/spring-petclinic-server)
18:31:57.140 [main] INFO  o.s.s.petclinic.web.PetResourceTests - The following profiles are active: prod
18:31:57.226 [main] INFO  o.s.w.c.s.GenericWebApplicationContext - Refreshing org.springframework.web.context.support.GenericWebApplicationContext@3624da92: startup date [Sun Feb 16 18:31:57 CET 2020]; root of context hierarchy
18:31:59.352 [main] INFO  o.s.b.f.a.AutowiredAnnotationBeanPostProcessor - JSR-330 'javax.inject.Inject' annotation found and supported for autowiring
18:32:00.464 [main] INFO  o.s.w.s.m.m.a.RequestMappingHandlerAdapter - Looking for @ControllerAdvice: org.springframework.web.context.support.GenericWebApplicationContext@3624da92: startup date [Sun Feb 16 18:31:57 CET 2020]; root of context hierarchy
18:32:00.625 [main] INFO  o.s.w.s.m.m.a.RequestMappingHandlerMapping - Mapped "{[/owners/{ownerId}/pets/{petId}],methods=[PUT]}" onto public void org.springframework.samples.petclinic.web.PetResource.processUpdateForm(org.springframework.samples.petclinic.web.PetResource$PetRequest)
18:32:00.627 [main] INFO  o.s.w.s.m.m.a.RequestMappingHandlerMapping - Mapped "{[/owners/*/pets/{petId}],methods=[GET]}" onto public org.springframework.samples.petclinic.web.PetResource$PetDetails org.springframework.samples.petclinic.web.PetResource.findPet(int)
18:32:00.628 [main] INFO  o.s.w.s.m.m.a.RequestMappingHandlerMapping - Mapped "{[/petTypes],methods=[GET]}" onto java.util.Collection<org.springframework.samples.petclinic.model.PetType> org.springframework.samples.petclinic.web.PetResource.getPetTypes()
18:32:00.628 [main] INFO  o.s.w.s.m.m.a.RequestMappingHandlerMapping - Mapped "{[/owners/{ownerId}/pets],methods=[POST]}" onto public void org.springframework.samples.petclinic.web.PetResource.processCreationForm(org.springframework.samples.petclinic.web.PetResource$PetRequest,int)
18:32:00.630 [main] INFO  o.s.w.s.m.m.a.RequestMappingHandlerMapping - Mapped "{[/error],produces=[text/html]}" onto public org.springframework.web.servlet.ModelAndView org.springframework.boot.autoconfigure.web.servlet.error.BasicErrorController.errorHtml(javax.servlet.http.HttpServletRequest,javax.servlet.http.HttpServletResponse)
18:32:00.630 [main] INFO  o.s.w.s.m.m.a.RequestMappingHandlerMapping - Mapped "{[/error]}" onto public org.springframework.http.ResponseEntity<java.util.Map<java.lang.String, java.lang.Object>> org.springframework.boot.autoconfigure.web.servlet.error.BasicErrorController.error(javax.servlet.http.HttpServletRequest)
18:32:00.677 [main] INFO  o.s.w.s.h.SimpleUrlHandlerMapping - Root mapping to handler of type [class org.springframework.web.servlet.mvc.ParameterizableViewController]
18:32:00.737 [main] INFO  o.s.w.s.h.SimpleUrlHandlerMapping - Mapped URL path [/webjars/**] onto handler of type [class org.springframework.web.servlet.resource.ResourceHttpRequestHandler]
18:32:00.738 [main] INFO  o.s.w.s.h.SimpleUrlHandlerMapping - Mapped URL path [/**] onto handler of type [class org.springframework.web.servlet.resource.ResourceHttpRequestHandler]
18:32:00.818 [main] INFO  o.s.w.s.h.SimpleUrlHandlerMapping - Mapped URL path [/**/favicon.ico] onto handler of type [class org.springframework.web.servlet.resource.ResourceHttpRequestHandler]
18:32:01.009 [main] INFO  o.s.b.a.w.s.WelcomePageHandlerMapping - Adding welcome page template: index
18:32:01.292 [main] INFO  o.s.b.t.m.w.SpringBootMockServletContext - Initializing Spring FrameworkServlet ''
18:32:01.292 [main] INFO  o.s.t.w.s.TestDispatcherServlet - FrameworkServlet '': initialization started
18:32:01.322 [main] INFO  o.s.t.w.s.TestDispatcherServlet - FrameworkServlet '': initialization completed in 30 ms
18:32:01.437 [main] INFO  o.s.s.petclinic.web.PetResourceTests - Started PetResourceTests in 4.998 seconds (JVM running for 8.458)
18:32:01.812 [main] WARN  o.s.b.t.j.DuplicateJsonObjectContextCustomizerFactory$DuplicateJsonObjectContextCustomizer - 

Found multiple occurrences of org.json.JSONObject on the class path:

	jar:file:/scratch/dginelli/workspace/repairnator-repairnator-experiments-spring-petclinic-spring-petclinic-angularjs-360357369-20180330-192604-firstCommit/.m2/com/vaadin/external/google/android-json/0.0.20131108.vaadin1/android-json-0.0.20131108.vaadin1.jar!/org/json/JSONObject.class
	jar:file:/pfs/nobackup/home/d/dginelli/development/astor-1.0.0-SNAPSHOT-jar-with-dependencies.jar!/org/json/JSONObject.class
	jar:file:/pfs/nobackup/home/d/dginelli/development/repairnator-pipeline-3.3-SNAPSHOT-jar-with-dependencies.jar!/org/json/JSONObject.class

You may wish to exclude one of them to ensure predictable runtime behavior

18:32:01.814 [main] INFO  o.s.s.petclinic.web.VetResourceTests - Starting VetResourceTests on b-cn0820.hpc2n.umu.se with PID 22770 (started by dginelli in /scratch/dginelli/workspace/repairnator-repairnator-experiments-spring-petclinic-spring-petclinic-angularjs-360357369-20180330-192604-firstCommit/spring-petclinic-server)
18:32:01.814 [main] INFO  o.s.s.petclinic.web.VetResourceTests - The following profiles are active: prod
18:32:01.816 [main] INFO  o.s.w.c.s.GenericWebApplicationContext - Refreshing org.springframework.web.context.support.GenericWebApplicationContext@bf75b5c: startup date [Sun Feb 16 18:32:01 CET 2020]; root of context hierarchy
18:32:02.197 [main] INFO  o.s.b.f.a.AutowiredAnnotationBeanPostProcessor - JSR-330 'javax.inject.Inject' annotation found and supported for autowiring
18:32:02.607 [main] INFO  o.s.w.s.m.m.a.RequestMappingHandlerAdapter - Looking for @ControllerAdvice: org.springframework.web.context.support.GenericWebApplicationContext@bf75b5c: startup date [Sun Feb 16 18:32:01 CET 2020]; root of context hierarchy
18:32:02.634 [main] INFO  o.s.w.s.m.m.a.RequestMappingHandlerMapping - Mapped "{[/vets],methods=[GET]}" onto public java.util.Collection<org.springframework.samples.petclinic.model.Vet> org.springframework.samples.petclinic.web.VetResource.showResourcesVetList()
18:32:02.635 [main] INFO  o.s.w.s.m.m.a.RequestMappingHandlerMapping - Mapped "{[/error],produces=[text/html]}" onto public org.springframework.web.servlet.ModelAndView org.springframework.boot.autoconfigure.web.servlet.error.BasicErrorController.errorHtml(javax.servlet.http.HttpServletRequest,javax.servlet.http.HttpServletResponse)
18:32:02.636 [main] INFO  o.s.w.s.m.m.a.RequestMappingHandlerMapping - Mapped "{[/error]}" onto public org.springframework.http.ResponseEntity<java.util.Map<java.lang.String, java.lang.Object>> org.springframework.boot.autoconfigure.web.servlet.error.BasicErrorController.error(javax.servlet.http.HttpServletRequest)
18:32:02.667 [main] INFO  o.s.w.s.h.SimpleUrlHandlerMapping - Root mapping to handler of type [class org.springframework.web.servlet.mvc.ParameterizableViewController]
18:32:02.686 [main] INFO  o.s.w.s.h.SimpleUrlHandlerMapping - Mapped URL path [/webjars/**] onto handler of type [class org.springframework.web.servlet.resource.ResourceHttpRequestHandler]
18:32:02.686 [main] INFO  o.s.w.s.h.SimpleUrlHandlerMapping - Mapped URL path [/**] onto handler of type [class org.springframework.web.servlet.resource.ResourceHttpRequestHandler]
18:32:02.756 [main] INFO  o.s.w.s.h.SimpleUrlHandlerMapping - Mapped URL path [/**/favicon.ico] onto handler of type [class org.springframework.web.servlet.resource.ResourceHttpRequestHandler]
18:32:02.857 [main] INFO  o.s.b.a.w.s.WelcomePageHandlerMapping - Adding welcome page template: index
18:32:03.014 [main] INFO  o.s.b.t.m.w.SpringBootMockServletContext - Initializing Spring FrameworkServlet ''
18:32:03.014 [main] INFO  o.s.t.w.s.TestDispatcherServlet - FrameworkServlet '': initialization started
18:32:03.031 [main] INFO  o.s.t.w.s.TestDispatcherServlet - FrameworkServlet '': initialization completed in 17 ms
18:32:03.111 [main] INFO  o.s.s.petclinic.web.VetResourceTests - Started VetResourceTests in 1.358 seconds (JVM running for 10.131)
18:32:03.195 [Thread-3] INFO  o.s.w.c.s.GenericWebApplicationContext - Closing org.springframework.web.context.support.GenericWebApplicationContext@3624da92: startup date [Sun Feb 16 18:31:57 CET 2020]; root of context hierarchy
18:32:03.208 [Thread-5] INFO  o.s.w.c.s.GenericWebApplicationContext - Closing org.springframework.web.context.support.GenericWebApplicationContext@bf75b5c: startup date [Sun Feb 16 18:32:01 CET 2020]; root of context hierarchy
