23:17:31.977 [atomix-cluster-heartbeat-receiver] INFO  i.a.c.impl.DefaultClusterService - Started
23:17:31.993 [atomix-cluster-heartbeat-receiver] INFO  i.a.c.impl.DefaultClusterService - Started
23:17:31.995 [atomix-cluster-heartbeat-receiver] INFO  i.a.c.impl.DefaultClusterService - Started
23:17:33.139 [atomix-cluster-heartbeat-receiver] INFO  i.a.c.impl.DefaultClusterService - Started
23:17:34.143 [atomix-cluster-heartbeat-receiver] INFO  i.a.c.impl.DefaultClusterService - Started
23:17:37.646 [main] INFO  i.a.c.impl.DefaultClusterService - Stopped
23:17:40.166 [main] INFO  i.a.c.i.DefaultCoreMetadataService - Started
23:17:40.180 [atomix-cluster-metadata-receiver] INFO  i.a.c.i.DefaultCoreMetadataService - Started
23:17:40.199 [main] INFO  i.a.c.i.DefaultCoreMetadataService - Started
23:17:40.200 [atomix-cluster-metadata-sender] WARN  i.a.c.i.DefaultCoreMetadataService - Anti-entropy advertisement to localhost:3 failed!
23:17:40.228 [atomix-cluster-metadata-receiver] INFO  i.a.c.i.DefaultCoreMetadataService - Started
23:17:40.236 [atomix-cluster-metadata-receiver] INFO  i.a.c.i.DefaultCoreMetadataService - Started
23:17:40.237 [main] INFO  i.a.c.i.DefaultCoreMetadataService - Started
23:17:40.259 [atomix-cluster-metadata-receiver] INFO  i.a.c.i.DefaultCoreMetadataService - Started
23:17:40.290 [atomix-cluster-heartbeat-sender] INFO  i.a.c.impl.DefaultClusterService - Started
23:17:40.319 [main] INFO  i.a.c.m.i.DefaultClusterEventingService - Started
23:17:40.334 [atomix-cluster-heartbeat-receiver] INFO  i.a.c.impl.DefaultClusterService - Started
23:17:40.342 [main] INFO  i.a.c.m.i.DefaultClusterEventingService - Started
23:17:40.363 [atomix-cluster-heartbeat-receiver] INFO  i.a.c.impl.DefaultClusterService - Started
23:17:40.363 [main] INFO  i.a.c.m.i.DefaultClusterEventingService - Started
23:17:44.869 [atomix-cluster-heartbeat-receiver] INFO  i.a.c.impl.DefaultClusterService - Started
23:17:44.874 [atomix-cluster-heartbeat-receiver] INFO  i.a.c.impl.DefaultClusterService - Started
23:17:44.874 [atomix-cluster-heartbeat-receiver] INFO  i.a.c.impl.DefaultClusterService - Started
23:17:46.122 [main] INFO  i.a.c.i.DefaultCoreMetadataService - Started
23:17:46.157 [atomix-cluster-metadata-receiver] INFO  i.a.c.i.DefaultCoreMetadataService - Started
23:17:46.168 [main] INFO  i.a.c.i.DefaultCoreMetadataService - Started
23:17:46.196 [atomix-cluster-metadata-receiver] INFO  i.a.c.i.DefaultCoreMetadataService - Started
23:17:46.197 [atomix-cluster-metadata-receiver] INFO  i.a.c.i.DefaultCoreMetadataService - Started
23:17:46.202 [atomix-cluster-metadata-receiver] INFO  i.a.c.i.DefaultCoreMetadataService - Started
23:17:46.208 [atomix-cluster-metadata-receiver] INFO  i.a.c.i.DefaultCoreMetadataService - Started
23:17:46.211 [atomix-cluster-heartbeat-sender] INFO  i.a.c.impl.DefaultClusterService - Started
23:17:46.238 [main] INFO  i.a.c.m.i.DefaultClusterEventingService - Started
23:17:46.240 [atomix-cluster-heartbeat-receiver] INFO  i.a.c.impl.DefaultClusterService - Started
23:17:46.241 [main] INFO  i.a.c.m.i.DefaultClusterEventingService - Started
23:17:46.244 [atomix-cluster-heartbeat-receiver] INFO  i.a.c.impl.DefaultClusterService - Started
23:17:46.245 [main] INFO  i.a.c.m.i.DefaultClusterEventingService - Started
23:17:58.868 [atomix-cluster-heartbeat-receiver] INFO  i.a.c.impl.DefaultClusterService - Started
23:17:58.874 [atomix-cluster-heartbeat-receiver] INFO  i.a.c.impl.DefaultClusterService - Started
23:17:58.874 [atomix-cluster-heartbeat-receiver] INFO  i.a.c.impl.DefaultClusterService - Started
23:17:59.899 [main] INFO  i.a.c.i.DefaultCoreMetadataService - Started
23:17:59.918 [atomix-cluster-metadata-receiver] INFO  i.a.c.i.DefaultCoreMetadataService - Started
23:17:59.930 [main] INFO  i.a.c.i.DefaultCoreMetadataService - Started
23:17:59.932 [atomix-cluster-metadata-sender] WARN  i.a.c.i.DefaultCoreMetadataService - Anti-entropy advertisement to localhost:3 failed!
23:17:59.954 [atomix-cluster-metadata-receiver] INFO  i.a.c.i.DefaultCoreMetadataService - Started
23:17:59.957 [atomix-cluster-metadata-receiver] INFO  i.a.c.i.DefaultCoreMetadataService - Started
23:17:59.974 [main] INFO  i.a.c.i.DefaultCoreMetadataService - Started
23:17:59.989 [atomix-cluster-metadata-receiver] INFO  i.a.c.i.DefaultCoreMetadataService - Started
23:17:59.993 [atomix-cluster-heartbeat-sender] INFO  i.a.c.impl.DefaultClusterService - Started
23:18:00.010 [main] INFO  i.a.c.m.i.DefaultClusterEventingService - Started
23:18:00.012 [atomix-cluster-heartbeat-receiver] INFO  i.a.c.impl.DefaultClusterService - Started
23:18:00.013 [main] INFO  i.a.c.m.i.DefaultClusterEventingService - Started
23:18:00.015 [atomix-cluster-heartbeat-receiver] INFO  i.a.c.impl.DefaultClusterService - Started
23:18:00.016 [main] INFO  i.a.c.m.i.DefaultClusterEventingService - Started
23:18:03.550 [atomix-cluster-heartbeat-receiver] INFO  i.a.c.impl.DefaultClusterService - Started
23:18:03.557 [atomix-cluster-heartbeat-receiver] INFO  i.a.c.impl.DefaultClusterService - Started
23:18:03.559 [atomix-cluster-heartbeat-receiver] INFO  i.a.c.impl.DefaultClusterService - Started
23:18:04.600 [atomix-cluster-heartbeat-receiver] INFO  i.a.c.impl.DefaultClusterService - Started
23:18:05.604 [atomix-cluster-heartbeat-receiver] INFO  i.a.c.impl.DefaultClusterService - Started
23:18:09.105 [main] INFO  i.a.c.impl.DefaultClusterService - Stopped
23:18:11.625 [main] INFO  i.a.c.i.DefaultCoreMetadataService - Started
23:18:11.645 [atomix-cluster-metadata-receiver] INFO  i.a.c.i.DefaultCoreMetadataService - Started
23:18:11.665 [main] INFO  i.a.c.i.DefaultCoreMetadataService - Started
23:18:11.675 [atomix-cluster-metadata-receiver] INFO  i.a.c.i.DefaultCoreMetadataService - Started
23:18:11.683 [atomix-cluster-metadata-receiver] INFO  i.a.c.i.DefaultCoreMetadataService - Started
23:18:11.701 [atomix-cluster-metadata-receiver] INFO  i.a.c.i.DefaultCoreMetadataService - Started
23:18:11.748 [atomix-cluster-metadata-receiver] INFO  i.a.c.i.DefaultCoreMetadataService - Started
23:18:11.776 [atomix-cluster-heartbeat-sender] INFO  i.a.c.impl.DefaultClusterService - Started
23:18:11.799 [main] INFO  i.a.c.m.i.DefaultClusterEventingService - Started
23:18:11.818 [atomix-cluster-heartbeat-receiver] INFO  i.a.c.impl.DefaultClusterService - Started
23:18:11.839 [main] INFO  i.a.c.m.i.DefaultClusterEventingService - Started
23:18:11.854 [atomix-cluster-heartbeat-receiver] INFO  i.a.c.impl.DefaultClusterService - Started
23:18:11.870 [main] INFO  i.a.c.m.i.DefaultClusterEventingService - Started
23:18:22.395 [main] INFO  i.a.c.impl.DefaultClusterService - Stopped
23:18:24.921 [main] INFO  i.a.c.i.DefaultCoreMetadataService - Started
23:18:24.935 [atomix-cluster-metadata-receiver] INFO  i.a.c.i.DefaultCoreMetadataService - Started
23:18:24.963 [main] INFO  i.a.c.i.DefaultCoreMetadataService - Started
23:18:24.999 [atomix-cluster-metadata-receiver] INFO  i.a.c.i.DefaultCoreMetadataService - Started
23:18:24.999 [atomix-cluster-metadata-receiver] INFO  i.a.c.i.DefaultCoreMetadataService - Started
23:18:25.013 [main] INFO  i.a.c.i.DefaultCoreMetadataService - Started
23:18:25.057 [atomix-cluster-metadata-receiver] INFO  i.a.c.i.DefaultCoreMetadataService - Started
23:18:33.671 [main] INFO  i.a.c.impl.DefaultClusterService - Stopped
23:18:36.197 [main] INFO  i.a.c.i.DefaultCoreMetadataService - Started
23:18:36.210 [atomix-cluster-metadata-receiver] INFO  i.a.c.i.DefaultCoreMetadataService - Started
23:18:36.233 [main] INFO  i.a.c.i.DefaultCoreMetadataService - Started
23:18:36.291 [atomix-cluster-metadata-receiver] INFO  i.a.c.i.DefaultCoreMetadataService - Started
23:18:36.298 [atomix-cluster-metadata-receiver] INFO  i.a.c.i.DefaultCoreMetadataService - Started
23:18:36.315 [main] INFO  i.a.c.i.DefaultCoreMetadataService - Started
23:18:36.347 [atomix-cluster-metadata-receiver] INFO  i.a.c.i.DefaultCoreMetadataService - Started
23:18:36.397 [main] INFO  i.a.c.m.i.DefaultClusterEventingService - Started
23:18:36.431 [main] INFO  i.a.c.m.i.DefaultClusterEventingService - Started
23:18:36.462 [main] INFO  i.a.c.m.i.DefaultClusterEventingService - Started
23:21:29.519 [atomix-cluster-heartbeat-sender] INFO  i.a.c.impl.DefaultClusterService - Started
23:21:29.521 [atomix-cluster-heartbeat-sender] INFO  i.a.c.impl.DefaultClusterService - Started
23:21:29.520 [atomix-cluster-heartbeat-sender] INFO  i.a.c.impl.DefaultClusterService - Started
23:21:30.535 [atomix-cluster-heartbeat-sender] INFO  i.a.c.impl.DefaultClusterService - Started
23:21:31.544 [atomix-cluster-heartbeat-sender] INFO  i.a.c.impl.DefaultClusterService - Started
23:21:35.046 [main] INFO  i.a.c.impl.DefaultClusterService - Stopped
23:21:37.567 [main] INFO  i.a.c.i.DefaultCoreMetadataService - Started
23:21:37.607 [atomix-cluster-metadata-receiver] INFO  i.a.c.i.DefaultCoreMetadataService - Started
23:21:37.634 [main] INFO  i.a.c.i.DefaultCoreMetadataService - Started
23:21:37.648 [atomix-cluster-metadata-receiver] INFO  i.a.c.i.DefaultCoreMetadataService - Started
23:21:37.657 [atomix-cluster-metadata-receiver] INFO  i.a.c.i.DefaultCoreMetadataService - Started
23:21:37.659 [main] INFO  i.a.c.i.DefaultCoreMetadataService - Started
23:21:37.742 [main] INFO  i.a.c.i.DefaultCoreMetadataService - Started
23:21:37.744 [atomix-cluster-heartbeat-sender] INFO  i.a.c.impl.DefaultClusterService - Started
23:21:37.769 [main] INFO  i.a.c.m.i.DefaultClusterEventingService - Started
23:21:37.784 [atomix-cluster-heartbeat-sender] INFO  i.a.c.impl.DefaultClusterService - Started
23:21:37.797 [main] INFO  i.a.c.m.i.DefaultClusterEventingService - Started
23:21:37.799 [atomix-cluster-heartbeat-sender] INFO  i.a.c.impl.DefaultClusterService - Started
23:21:37.805 [main] INFO  i.a.c.m.i.DefaultClusterEventingService - Started
23:21:45.735 [atomix-cluster-heartbeat-receiver] INFO  i.a.c.impl.DefaultClusterService - Started
23:21:45.742 [atomix-cluster-heartbeat-receiver] INFO  i.a.c.impl.DefaultClusterService - Started
23:21:45.744 [atomix-cluster-heartbeat-receiver] INFO  i.a.c.impl.DefaultClusterService - Started
23:21:46.883 [main] INFO  i.a.c.i.DefaultCoreMetadataService - Started
23:21:46.896 [atomix-cluster-metadata-receiver] INFO  i.a.c.i.DefaultCoreMetadataService - Started
23:21:46.910 [main] INFO  i.a.c.i.DefaultCoreMetadataService - Started
23:21:46.930 [atomix-cluster-metadata-receiver] INFO  i.a.c.i.DefaultCoreMetadataService - Started
23:21:46.931 [atomix-cluster-metadata-receiver] INFO  i.a.c.i.DefaultCoreMetadataService - Started
23:21:46.932 [atomix-cluster-metadata-receiver] INFO  i.a.c.i.DefaultCoreMetadataService - Started
23:21:46.956 [atomix-cluster-metadata-receiver] INFO  i.a.c.i.DefaultCoreMetadataService - Started
23:21:46.960 [atomix-cluster-heartbeat-sender] INFO  i.a.c.impl.DefaultClusterService - Started
23:21:46.988 [main] INFO  i.a.c.m.i.DefaultClusterEventingService - Started
23:21:46.989 [atomix-cluster-heartbeat-receiver] INFO  i.a.c.impl.DefaultClusterService - Started
23:21:46.990 [main] INFO  i.a.c.m.i.DefaultClusterEventingService - Started
23:21:46.993 [atomix-cluster-heartbeat-receiver] INFO  i.a.c.impl.DefaultClusterService - Started
23:21:46.993 [main] INFO  i.a.c.m.i.DefaultClusterEventingService - Started
23:21:50.470 [atomix-cluster-heartbeat-receiver] INFO  i.a.c.impl.DefaultClusterService - Started
23:21:50.476 [atomix-cluster-heartbeat-receiver] INFO  i.a.c.impl.DefaultClusterService - Started
23:21:50.477 [atomix-cluster-heartbeat-receiver] INFO  i.a.c.impl.DefaultClusterService - Started
23:21:51.484 [atomix-cluster-heartbeat-receiver] INFO  i.a.c.impl.DefaultClusterService - Started
23:21:52.486 [atomix-cluster-heartbeat-sender] INFO  i.a.c.impl.DefaultClusterService - Started
23:21:55.989 [main] INFO  i.a.c.impl.DefaultClusterService - Stopped
23:21:58.509 [main] INFO  i.a.c.i.DefaultCoreMetadataService - Started
23:21:58.521 [atomix-cluster-metadata-receiver] INFO  i.a.c.i.DefaultCoreMetadataService - Started
23:21:58.544 [main] INFO  i.a.c.i.DefaultCoreMetadataService - Started
23:21:58.548 [atomix-cluster-metadata-sender] WARN  i.a.c.i.DefaultCoreMetadataService - Anti-entropy advertisement to localhost:3 failed!
23:21:58.563 [atomix-cluster-metadata-receiver] INFO  i.a.c.i.DefaultCoreMetadataService - Started
23:21:58.578 [atomix-cluster-metadata-receiver] INFO  i.a.c.i.DefaultCoreMetadataService - Started
23:21:58.584 [main] INFO  i.a.c.i.DefaultCoreMetadataService - Started
23:21:58.634 [atomix-cluster-metadata-receiver] INFO  i.a.c.i.DefaultCoreMetadataService - Started
23:21:58.645 [atomix-cluster-heartbeat-sender] INFO  i.a.c.impl.DefaultClusterService - Started
23:21:58.669 [main] INFO  i.a.c.m.i.DefaultClusterEventingService - Started
23:21:58.675 [atomix-cluster-heartbeat-sender] INFO  i.a.c.impl.DefaultClusterService - Started
23:21:58.685 [main] INFO  i.a.c.m.i.DefaultClusterEventingService - Started
23:21:58.716 [atomix-cluster-heartbeat-sender] INFO  i.a.c.impl.DefaultClusterService - Started
23:21:58.722 [main] INFO  i.a.c.m.i.DefaultClusterEventingService - Started
23:22:01.690 [atomix-cluster-heartbeat-receiver] INFO  i.a.c.impl.DefaultClusterService - Started
23:22:01.691 [atomix-cluster-heartbeat-receiver] INFO  i.a.c.impl.DefaultClusterService - Started
23:22:01.694 [atomix-cluster-heartbeat-receiver] INFO  i.a.c.impl.DefaultClusterService - Started
23:22:02.697 [atomix-cluster-heartbeat-sender] INFO  i.a.c.impl.DefaultClusterService - Started
23:22:03.715 [atomix-cluster-heartbeat-sender] INFO  i.a.c.impl.DefaultClusterService - Started
23:22:04.735 [main] INFO  i.a.c.i.DefaultCoreMetadataService - Started
23:22:04.747 [atomix-cluster-metadata-receiver] INFO  i.a.c.i.DefaultCoreMetadataService - Started
23:22:04.774 [main] INFO  i.a.c.i.DefaultCoreMetadataService - Started
23:22:04.788 [atomix-cluster-metadata-receiver] INFO  i.a.c.i.DefaultCoreMetadataService - Started
23:22:04.818 [atomix-cluster-metadata-receiver] INFO  i.a.c.i.DefaultCoreMetadataService - Started
23:22:04.821 [main] INFO  i.a.c.i.DefaultCoreMetadataService - Started
23:22:04.867 [atomix-cluster-metadata-receiver] INFO  i.a.c.i.DefaultCoreMetadataService - Started
23:22:04.883 [atomix-cluster-heartbeat-sender] INFO  i.a.c.impl.DefaultClusterService - Started
23:22:04.916 [main] INFO  i.a.c.m.i.DefaultClusterEventingService - Started
23:22:04.925 [atomix-cluster-heartbeat-receiver] INFO  i.a.c.impl.DefaultClusterService - Started
23:22:04.926 [main] INFO  i.a.c.m.i.DefaultClusterEventingService - Started
23:22:04.928 [atomix-cluster-heartbeat-receiver] INFO  i.a.c.impl.DefaultClusterService - Started
23:22:04.928 [main] INFO  i.a.c.m.i.DefaultClusterEventingService - Started
23:22:08.355 [atomix-cluster-heartbeat-receiver] INFO  i.a.c.impl.DefaultClusterService - Started
23:22:08.359 [atomix-cluster-heartbeat-receiver] INFO  i.a.c.impl.DefaultClusterService - Started
23:22:08.361 [atomix-cluster-heartbeat-receiver] INFO  i.a.c.impl.DefaultClusterService - Started
23:22:09.383 [main] INFO  i.a.c.i.DefaultCoreMetadataService - Started
23:22:09.397 [atomix-cluster-metadata-receiver] INFO  i.a.c.i.DefaultCoreMetadataService - Started
23:22:09.419 [main] INFO  i.a.c.i.DefaultCoreMetadataService - Started
23:22:09.432 [atomix-cluster-metadata-receiver] INFO  i.a.c.i.DefaultCoreMetadataService - Started
23:22:09.434 [atomix-cluster-metadata-receiver] INFO  i.a.c.i.DefaultCoreMetadataService - Started
23:22:09.438 [main] INFO  i.a.c.i.DefaultCoreMetadataService - Started
23:22:09.444 [atomix-cluster-metadata-receiver] INFO  i.a.c.i.DefaultCoreMetadataService - Started
23:22:09.447 [atomix-cluster-heartbeat-sender] INFO  i.a.c.impl.DefaultClusterService - Started
23:22:09.464 [main] INFO  i.a.c.m.i.DefaultClusterEventingService - Started
23:22:09.466 [atomix-cluster-heartbeat-receiver] INFO  i.a.c.impl.DefaultClusterService - Started
23:22:09.467 [main] INFO  i.a.c.m.i.DefaultClusterEventingService - Started
23:22:09.469 [atomix-cluster-heartbeat-receiver] INFO  i.a.c.impl.DefaultClusterService - Started
23:22:09.469 [main] INFO  i.a.c.m.i.DefaultClusterEventingService - Started
23:22:13.146 [atomix-cluster-heartbeat-receiver] INFO  i.a.c.impl.DefaultClusterService - Started
23:22:13.149 [atomix-cluster-heartbeat-receiver] INFO  i.a.c.impl.DefaultClusterService - Started
23:22:13.150 [atomix-cluster-heartbeat-receiver] INFO  i.a.c.impl.DefaultClusterService - Started
23:22:14.154 [atomix-cluster-heartbeat-receiver] INFO  i.a.c.impl.DefaultClusterService - Started
23:22:15.158 [atomix-cluster-heartbeat-receiver] INFO  i.a.c.impl.DefaultClusterService - Started
23:22:21.187 [main] INFO  i.a.c.i.DefaultCoreMetadataService - Started
23:22:21.198 [atomix-cluster-metadata-receiver] INFO  i.a.c.i.DefaultCoreMetadataService - Started
23:22:21.229 [main] INFO  i.a.c.i.DefaultCoreMetadataService - Started
23:22:21.241 [atomix-cluster-metadata-receiver] INFO  i.a.c.i.DefaultCoreMetadataService - Started
23:22:21.250 [atomix-cluster-metadata-receiver] INFO  i.a.c.i.DefaultCoreMetadataService - Started
23:22:21.256 [main] INFO  i.a.c.i.DefaultCoreMetadataService - Started
23:22:21.302 [atomix-cluster-metadata-receiver] INFO  i.a.c.i.DefaultCoreMetadataService - Started
23:22:21.312 [atomix-cluster-heartbeat-sender] INFO  i.a.c.impl.DefaultClusterService - Started
23:22:21.351 [main] INFO  i.a.c.m.i.DefaultClusterEventingService - Started
23:22:21.353 [atomix-cluster-heartbeat-receiver] INFO  i.a.c.impl.DefaultClusterService - Started
23:22:21.358 [main] INFO  i.a.c.m.i.DefaultClusterEventingService - Started
23:22:21.375 [atomix-cluster-heartbeat-receiver] INFO  i.a.c.impl.DefaultClusterService - Started
23:22:21.384 [main] INFO  i.a.c.m.i.DefaultClusterEventingService - Started
23:22:25.749 [main] INFO  i.a.c.i.DefaultCoreMetadataService - Started
23:22:25.790 [atomix-cluster-metadata-receiver] INFO  i.a.c.i.DefaultCoreMetadataService - Started
23:22:25.820 [main] INFO  i.a.c.i.DefaultCoreMetadataService - Started
23:22:25.846 [atomix-cluster-metadata-receiver] INFO  i.a.c.i.DefaultCoreMetadataService - Started
23:22:25.848 [atomix-cluster-metadata-receiver] INFO  i.a.c.i.DefaultCoreMetadataService - Started
23:22:25.854 [main] INFO  i.a.c.i.DefaultCoreMetadataService - Started
23:22:25.864 [atomix-cluster-metadata-receiver] INFO  i.a.c.i.DefaultCoreMetadataService - Started
23:22:29.534 [main] INFO  i.a.c.i.DefaultCoreMetadataService - Started
23:22:29.577 [atomix-cluster-metadata-receiver] INFO  i.a.c.i.DefaultCoreMetadataService - Started
23:22:29.608 [main] INFO  i.a.c.i.DefaultCoreMetadataService - Started
23:22:29.634 [atomix-cluster-metadata-receiver] INFO  i.a.c.i.DefaultCoreMetadataService - Started
23:22:29.636 [atomix-cluster-metadata-receiver] INFO  i.a.c.i.DefaultCoreMetadataService - Started
23:22:29.642 [atomix-cluster-metadata-receiver] INFO  i.a.c.i.DefaultCoreMetadataService - Started
23:22:29.652 [atomix-cluster-metadata-receiver] INFO  i.a.c.i.DefaultCoreMetadataService - Started
23:22:32.379 [atomix-cluster-heartbeat-receiver] INFO  i.a.c.impl.DefaultClusterService - Started
23:22:32.388 [atomix-cluster-heartbeat-receiver] INFO  i.a.c.impl.DefaultClusterService - Started
23:22:32.389 [atomix-cluster-heartbeat-receiver] INFO  i.a.c.impl.DefaultClusterService - Started
23:22:33.393 [atomix-cluster-heartbeat-receiver] INFO  i.a.c.impl.DefaultClusterService - Started
23:22:34.397 [atomix-cluster-heartbeat-receiver] INFO  i.a.c.impl.DefaultClusterService - Started
23:22:37.900 [main] INFO  i.a.c.impl.DefaultClusterService - Stopped
23:22:40.435 [main] INFO  i.a.c.i.DefaultCoreMetadataService - Started
23:22:40.467 [atomix-cluster-metadata-receiver] INFO  i.a.c.i.DefaultCoreMetadataService - Started
23:22:40.480 [main] INFO  i.a.c.i.DefaultCoreMetadataService - Started
23:22:40.521 [atomix-cluster-metadata-receiver] INFO  i.a.c.i.DefaultCoreMetadataService - Started
23:22:40.527 [atomix-cluster-metadata-receiver] INFO  i.a.c.i.DefaultCoreMetadataService - Started
23:22:40.545 [atomix-cluster-metadata-receiver] INFO  i.a.c.i.DefaultCoreMetadataService - Started
23:22:40.576 [atomix-cluster-metadata-receiver] INFO  i.a.c.i.DefaultCoreMetadataService - Started
23:22:40.587 [atomix-cluster-heartbeat-sender] INFO  i.a.c.impl.DefaultClusterService - Started
23:22:40.612 [main] INFO  i.a.c.m.i.DefaultClusterEventingService - Started
23:22:40.613 [atomix-cluster-heartbeat-receiver] INFO  i.a.c.impl.DefaultClusterService - Started
23:22:40.614 [main] INFO  i.a.c.m.i.DefaultClusterEventingService - Started
23:22:40.616 [atomix-cluster-heartbeat-receiver] INFO  i.a.c.impl.DefaultClusterService - Started
23:22:40.617 [main] INFO  i.a.c.m.i.DefaultClusterEventingService - Started
23:28:26.641 [atomix-cluster-heartbeat-receiver] INFO  i.a.c.impl.DefaultClusterService - Started
23:28:26.645 [atomix-cluster-heartbeat-receiver] INFO  i.a.c.impl.DefaultClusterService - Started
23:28:26.648 [atomix-cluster-heartbeat-receiver] INFO  i.a.c.impl.DefaultClusterService - Started
23:28:27.652 [atomix-cluster-heartbeat-receiver] INFO  i.a.c.impl.DefaultClusterService - Started
23:28:28.656 [atomix-cluster-heartbeat-receiver] INFO  i.a.c.impl.DefaultClusterService - Started
23:28:32.157 [main] INFO  i.a.c.impl.DefaultClusterService - Stopped
23:28:34.682 [main] INFO  i.a.c.i.DefaultCoreMetadataService - Started
23:28:34.697 [atomix-cluster-metadata-receiver] INFO  i.a.c.i.DefaultCoreMetadataService - Started
23:28:34.719 [main] INFO  i.a.c.i.DefaultCoreMetadataService - Started
23:28:34.744 [atomix-cluster-metadata-receiver] INFO  i.a.c.i.DefaultCoreMetadataService - Started
23:28:34.770 [atomix-cluster-metadata-receiver] INFO  i.a.c.i.DefaultCoreMetadataService - Started
23:28:34.780 [atomix-cluster-metadata-receiver] INFO  i.a.c.i.DefaultCoreMetadataService - Started
23:28:34.828 [atomix-cluster-metadata-receiver] INFO  i.a.c.i.DefaultCoreMetadataService - Started
23:28:34.855 [atomix-cluster-heartbeat-sender] INFO  i.a.c.impl.DefaultClusterService - Started
23:28:34.894 [main] INFO  i.a.c.m.i.DefaultClusterEventingService - Started
23:28:34.905 [atomix-cluster-heartbeat-receiver] INFO  i.a.c.impl.DefaultClusterService - Started
23:28:34.906 [main] INFO  i.a.c.m.i.DefaultClusterEventingService - Started
23:28:34.908 [atomix-cluster-heartbeat-receiver] INFO  i.a.c.impl.DefaultClusterService - Started
23:28:34.909 [main] INFO  i.a.c.m.i.DefaultClusterEventingService - Started
23:28:37.977 [atomix-cluster-heartbeat-receiver] INFO  i.a.c.impl.DefaultClusterService - Started
23:28:37.979 [atomix-cluster-heartbeat-receiver] INFO  i.a.c.impl.DefaultClusterService - Started
23:28:37.981 [atomix-cluster-heartbeat-receiver] INFO  i.a.c.impl.DefaultClusterService - Started
23:28:38.986 [atomix-cluster-heartbeat-sender] INFO  i.a.c.impl.DefaultClusterService - Started
23:28:40.002 [atomix-cluster-heartbeat-sender] INFO  i.a.c.impl.DefaultClusterService - Started
23:28:41.036 [main] INFO  i.a.c.i.DefaultCoreMetadataService - Started
23:28:41.050 [atomix-cluster-metadata-receiver] INFO  i.a.c.i.DefaultCoreMetadataService - Started
23:28:41.068 [main] INFO  i.a.c.i.DefaultCoreMetadataService - Started
23:28:41.091 [atomix-cluster-metadata-receiver] INFO  i.a.c.i.DefaultCoreMetadataService - Started
23:28:41.092 [atomix-cluster-metadata-receiver] INFO  i.a.c.i.DefaultCoreMetadataService - Started
23:28:41.095 [main] INFO  i.a.c.i.DefaultCoreMetadataService - Started
23:28:41.132 [atomix-cluster-metadata-receiver] INFO  i.a.c.i.DefaultCoreMetadataService - Started
23:28:41.148 [atomix-cluster-heartbeat-sender] INFO  i.a.c.impl.DefaultClusterService - Started
23:28:41.178 [main] INFO  i.a.c.m.i.DefaultClusterEventingService - Started
23:28:41.182 [atomix-cluster-heartbeat-receiver] INFO  i.a.c.impl.DefaultClusterService - Started
23:28:41.183 [main] INFO  i.a.c.m.i.DefaultClusterEventingService - Started
23:28:41.185 [atomix-cluster-heartbeat-receiver] INFO  i.a.c.impl.DefaultClusterService - Started
23:28:41.185 [main] INFO  i.a.c.m.i.DefaultClusterEventingService - Started
23:28:44.310 [atomix-cluster-heartbeat-receiver] INFO  i.a.c.impl.DefaultClusterService - Started
23:28:44.322 [atomix-cluster-heartbeat-receiver] INFO  i.a.c.impl.DefaultClusterService - Started
23:28:44.322 [atomix-cluster-heartbeat-receiver] INFO  i.a.c.impl.DefaultClusterService - Started
23:28:45.327 [atomix-cluster-heartbeat-receiver] INFO  i.a.c.impl.DefaultClusterService - Started
23:28:46.333 [atomix-cluster-heartbeat-receiver] INFO  i.a.c.impl.DefaultClusterService - Started
23:28:49.834 [main] INFO  i.a.c.impl.DefaultClusterService - Stopped
23:28:52.356 [main] INFO  i.a.c.i.DefaultCoreMetadataService - Started
23:28:52.376 [atomix-cluster-metadata-receiver] INFO  i.a.c.i.DefaultCoreMetadataService - Started
23:28:52.399 [main] INFO  i.a.c.i.DefaultCoreMetadataService - Started
23:28:52.415 [atomix-cluster-metadata-receiver] INFO  i.a.c.i.DefaultCoreMetadataService - Started
23:28:52.456 [atomix-cluster-metadata-receiver] INFO  i.a.c.i.DefaultCoreMetadataService - Started
23:28:52.468 [atomix-cluster-metadata-receiver] INFO  i.a.c.i.DefaultCoreMetadataService - Started
23:28:52.502 [atomix-cluster-metadata-receiver] INFO  i.a.c.i.DefaultCoreMetadataService - Started
23:28:52.527 [atomix-cluster-heartbeat-sender] INFO  i.a.c.impl.DefaultClusterService - Started
23:28:52.549 [main] INFO  i.a.c.m.i.DefaultClusterEventingService - Started
23:28:52.566 [atomix-cluster-heartbeat-receiver] INFO  i.a.c.impl.DefaultClusterService - Started
23:28:52.582 [main] INFO  i.a.c.m.i.DefaultClusterEventingService - Started
23:28:52.584 [atomix-cluster-heartbeat-receiver] INFO  i.a.c.impl.DefaultClusterService - Started
23:28:52.598 [main] INFO  i.a.c.m.i.DefaultClusterEventingService - Started
23:28:55.645 [atomix-cluster-heartbeat-receiver] INFO  i.a.c.impl.DefaultClusterService - Started
23:28:55.650 [atomix-cluster-heartbeat-receiver] INFO  i.a.c.impl.DefaultClusterService - Started
23:28:55.650 [atomix-cluster-heartbeat-receiver] INFO  i.a.c.impl.DefaultClusterService - Started
23:28:56.653 [atomix-cluster-heartbeat-sender] INFO  i.a.c.impl.DefaultClusterService - Started
23:28:57.711 [atomix-cluster-heartbeat-sender] INFO  i.a.c.impl.DefaultClusterService - Started
23:29:01.212 [main] INFO  i.a.c.impl.DefaultClusterService - Stopped
23:29:03.733 [main] INFO  i.a.c.i.DefaultCoreMetadataService - Started
23:29:03.746 [atomix-cluster-metadata-receiver] INFO  i.a.c.i.DefaultCoreMetadataService - Started
23:29:03.770 [main] INFO  i.a.c.i.DefaultCoreMetadataService - Started
23:29:03.798 [atomix-cluster-metadata-receiver] INFO  i.a.c.i.DefaultCoreMetadataService - Started
23:29:03.807 [atomix-cluster-metadata-receiver] INFO  i.a.c.i.DefaultCoreMetadataService - Started
23:29:03.808 [atomix-cluster-metadata-receiver] INFO  i.a.c.i.DefaultCoreMetadataService - Started
23:29:03.864 [atomix-cluster-metadata-receiver] INFO  i.a.c.i.DefaultCoreMetadataService - Started
23:29:03.874 [atomix-cluster-heartbeat-sender] INFO  i.a.c.impl.DefaultClusterService - Started
23:29:03.889 [main] INFO  i.a.c.m.i.DefaultClusterEventingService - Started
23:29:03.891 [atomix-cluster-heartbeat-receiver] INFO  i.a.c.impl.DefaultClusterService - Started
23:29:03.892 [main] INFO  i.a.c.m.i.DefaultClusterEventingService - Started
23:29:03.893 [atomix-cluster-heartbeat-receiver] INFO  i.a.c.impl.DefaultClusterService - Started
23:29:03.895 [main] INFO  i.a.c.m.i.DefaultClusterEventingService - Started
23:29:07.011 [atomix-cluster-heartbeat-receiver] INFO  i.a.c.impl.DefaultClusterService - Started
23:29:07.016 [atomix-cluster-heartbeat-receiver] INFO  i.a.c.impl.DefaultClusterService - Started
23:29:07.017 [atomix-cluster-heartbeat-receiver] INFO  i.a.c.impl.DefaultClusterService - Started
23:29:08.029 [atomix-cluster-heartbeat-sender] INFO  i.a.c.impl.DefaultClusterService - Started
23:29:09.033 [atomix-cluster-heartbeat-sender] INFO  i.a.c.impl.DefaultClusterService - Started
23:29:10.065 [main] INFO  i.a.c.i.DefaultCoreMetadataService - Started
23:29:10.109 [atomix-cluster-metadata-receiver] INFO  i.a.c.i.DefaultCoreMetadataService - Started
23:29:10.142 [main] INFO  i.a.c.i.DefaultCoreMetadataService - Started
23:29:10.209 [atomix-cluster-metadata-receiver] INFO  i.a.c.i.DefaultCoreMetadataService - Started
23:29:10.219 [atomix-cluster-metadata-receiver] INFO  i.a.c.i.DefaultCoreMetadataService - Started
23:29:10.226 [atomix-cluster-metadata-receiver] INFO  i.a.c.i.DefaultCoreMetadataService - Started
23:29:10.281 [atomix-cluster-metadata-receiver] INFO  i.a.c.i.DefaultCoreMetadataService - Started
23:29:10.292 [atomix-cluster-heartbeat-sender] INFO  i.a.c.impl.DefaultClusterService - Started
23:29:10.314 [main] INFO  i.a.c.m.i.DefaultClusterEventingService - Started
23:29:10.351 [atomix-cluster-heartbeat-receiver] INFO  i.a.c.impl.DefaultClusterService - Started
23:29:10.351 [main] INFO  i.a.c.m.i.DefaultClusterEventingService - Started
23:29:10.378 [atomix-cluster-heartbeat-receiver] INFO  i.a.c.impl.DefaultClusterService - Started
23:29:10.390 [main] INFO  i.a.c.m.i.DefaultClusterEventingService - Started
23:29:13.800 [atomix-cluster-heartbeat-receiver] INFO  i.a.c.impl.DefaultClusterService - Started
23:29:13.809 [atomix-cluster-heartbeat-receiver] INFO  i.a.c.impl.DefaultClusterService - Started
23:29:13.811 [atomix-cluster-heartbeat-receiver] INFO  i.a.c.impl.DefaultClusterService - Started
23:29:14.815 [atomix-cluster-heartbeat-sender] INFO  i.a.c.impl.DefaultClusterService - Started
23:29:15.825 [atomix-cluster-heartbeat-sender] INFO  i.a.c.impl.DefaultClusterService - Started
23:29:16.846 [main] INFO  i.a.c.i.DefaultCoreMetadataService - Started
23:29:16.862 [atomix-cluster-metadata-receiver] INFO  i.a.c.i.DefaultCoreMetadataService - Started
23:29:16.886 [main] INFO  i.a.c.i.DefaultCoreMetadataService - Started
23:29:16.903 [atomix-cluster-metadata-receiver] INFO  i.a.c.i.DefaultCoreMetadataService - Started
23:29:16.955 [atomix-cluster-metadata-receiver] INFO  i.a.c.i.DefaultCoreMetadataService - Started
23:29:16.963 [main] INFO  i.a.c.i.DefaultCoreMetadataService - Started
23:29:16.993 [atomix-cluster-metadata-receiver] INFO  i.a.c.i.DefaultCoreMetadataService - Started
23:29:17.004 [atomix-cluster-heartbeat-sender] INFO  i.a.c.impl.DefaultClusterService - Started
23:29:17.029 [main] INFO  i.a.c.m.i.DefaultClusterEventingService - Started
23:29:17.032 [atomix-cluster-heartbeat-receiver] INFO  i.a.c.impl.DefaultClusterService - Started
23:29:17.033 [main] INFO  i.a.c.m.i.DefaultClusterEventingService - Started
23:29:17.035 [atomix-cluster-heartbeat-receiver] INFO  i.a.c.impl.DefaultClusterService - Started
23:29:17.035 [main] INFO  i.a.c.m.i.DefaultClusterEventingService - Started
23:29:20.192 [atomix-cluster-heartbeat-receiver] INFO  i.a.c.impl.DefaultClusterService - Started
23:29:20.206 [atomix-cluster-heartbeat-receiver] INFO  i.a.c.impl.DefaultClusterService - Started
23:29:20.206 [atomix-cluster-heartbeat-receiver] INFO  i.a.c.impl.DefaultClusterService - Started
23:29:21.212 [atomix-cluster-heartbeat-sender] INFO  i.a.c.impl.DefaultClusterService - Started
23:29:22.220 [atomix-cluster-heartbeat-sender] INFO  i.a.c.impl.DefaultClusterService - Started
23:29:23.243 [main] INFO  i.a.c.i.DefaultCoreMetadataService - Started
23:29:23.256 [atomix-cluster-metadata-receiver] INFO  i.a.c.i.DefaultCoreMetadataService - Started
23:29:23.279 [main] INFO  i.a.c.i.DefaultCoreMetadataService - Started
23:29:23.295 [atomix-cluster-metadata-receiver] INFO  i.a.c.i.DefaultCoreMetadataService - Started
23:29:23.352 [atomix-cluster-metadata-receiver] INFO  i.a.c.i.DefaultCoreMetadataService - Started
23:29:23.359 [atomix-cluster-metadata-receiver] INFO  i.a.c.i.DefaultCoreMetadataService - Started
23:29:23.381 [atomix-cluster-metadata-receiver] INFO  i.a.c.i.DefaultCoreMetadataService - Started
23:29:23.391 [atomix-cluster-heartbeat-sender] INFO  i.a.c.impl.DefaultClusterService - Started
23:29:23.411 [main] INFO  i.a.c.m.i.DefaultClusterEventingService - Started
23:29:23.412 [atomix-cluster-heartbeat-receiver] INFO  i.a.c.impl.DefaultClusterService - Started
23:29:23.412 [main] INFO  i.a.c.m.i.DefaultClusterEventingService - Started
23:29:23.415 [atomix-cluster-heartbeat-receiver] INFO  i.a.c.impl.DefaultClusterService - Started
23:29:23.415 [main] INFO  i.a.c.m.i.DefaultClusterEventingService - Started
23:29:26.537 [atomix-cluster-heartbeat-receiver] INFO  i.a.c.impl.DefaultClusterService - Started
23:29:26.538 [atomix-cluster-heartbeat-receiver] INFO  i.a.c.impl.DefaultClusterService - Started
23:29:26.540 [atomix-cluster-heartbeat-receiver] INFO  i.a.c.impl.DefaultClusterService - Started
23:29:27.546 [atomix-cluster-heartbeat-receiver] INFO  i.a.c.impl.DefaultClusterService - Started
23:29:28.550 [atomix-cluster-heartbeat-receiver] INFO  i.a.c.impl.DefaultClusterService - Started
23:29:32.051 [main] INFO  i.a.c.impl.DefaultClusterService - Stopped
23:29:34.587 [main] INFO  i.a.c.i.DefaultCoreMetadataService - Started
23:29:34.601 [atomix-cluster-metadata-receiver] INFO  i.a.c.i.DefaultCoreMetadataService - Started
23:29:34.618 [main] INFO  i.a.c.i.DefaultCoreMetadataService - Started
23:29:34.629 [atomix-cluster-metadata-receiver] INFO  i.a.c.i.DefaultCoreMetadataService - Started
23:29:34.643 [atomix-cluster-metadata-receiver] INFO  i.a.c.i.DefaultCoreMetadataService - Started
23:29:34.644 [main] INFO  i.a.c.i.DefaultCoreMetadataService - Started
23:29:34.701 [atomix-cluster-metadata-receiver] INFO  i.a.c.i.DefaultCoreMetadataService - Started
23:29:34.713 [atomix-cluster-heartbeat-sender] INFO  i.a.c.impl.DefaultClusterService - Started
23:29:34.729 [main] INFO  i.a.c.m.i.DefaultClusterEventingService - Started
23:29:34.730 [atomix-cluster-heartbeat-receiver] INFO  i.a.c.impl.DefaultClusterService - Started
23:29:34.731 [main] INFO  i.a.c.m.i.DefaultClusterEventingService - Started
23:29:34.754 [atomix-cluster-heartbeat-receiver] INFO  i.a.c.impl.DefaultClusterService - Started
23:29:34.755 [main] INFO  i.a.c.m.i.DefaultClusterEventingService - Started
23:29:37.803 [atomix-cluster-heartbeat-sender] INFO  i.a.c.impl.DefaultClusterService - Started
23:29:37.800 [atomix-cluster-heartbeat-sender] INFO  i.a.c.impl.DefaultClusterService - Started
23:29:37.799 [atomix-cluster-heartbeat-sender] INFO  i.a.c.impl.DefaultClusterService - Started
23:29:38.824 [main] INFO  i.a.c.i.DefaultCoreMetadataService - Started
23:29:38.857 [atomix-cluster-metadata-receiver] INFO  i.a.c.i.DefaultCoreMetadataService - Started
23:29:38.861 [main] INFO  i.a.c.i.DefaultCoreMetadataService - Started
23:29:38.863 [atomix-cluster-metadata-sender] WARN  i.a.c.i.DefaultCoreMetadataService - Anti-entropy advertisement to localhost:3 failed!
23:29:38.865 [main] INFO  i.a.c.i.DefaultCoreMetadataService - Started
23:29:38.866 [main] INFO  i.a.c.i.DefaultCoreMetadataService - Started
23:29:38.869 [atomix-cluster-heartbeat-sender] INFO  i.a.c.impl.DefaultClusterService - Started
23:29:38.893 [main] INFO  i.a.c.m.i.DefaultClusterEventingService - Started
23:29:38.900 [atomix-cluster-heartbeat-sender] INFO  i.a.c.impl.DefaultClusterService - Started
23:29:38.905 [main] INFO  i.a.c.m.i.DefaultClusterEventingService - Started
23:29:38.914 [atomix-cluster-heartbeat-sender] INFO  i.a.c.impl.DefaultClusterService - Started
23:29:38.915 [main] INFO  i.a.c.m.i.DefaultClusterEventingService - Started
23:29:41.598 [atomix-cluster-heartbeat-receiver] INFO  i.a.c.impl.DefaultClusterService - Started
23:29:41.600 [atomix-cluster-heartbeat-receiver] INFO  i.a.c.impl.DefaultClusterService - Started
23:29:41.602 [atomix-cluster-heartbeat-receiver] INFO  i.a.c.impl.DefaultClusterService - Started
23:29:42.606 [atomix-cluster-heartbeat-receiver] INFO  i.a.c.impl.DefaultClusterService - Started
23:29:43.610 [atomix-cluster-heartbeat-receiver] INFO  i.a.c.impl.DefaultClusterService - Started
23:29:47.111 [main] INFO  i.a.c.impl.DefaultClusterService - Stopped
23:29:49.634 [main] INFO  i.a.c.i.DefaultCoreMetadataService - Started
23:29:49.646 [atomix-cluster-metadata-receiver] INFO  i.a.c.i.DefaultCoreMetadataService - Started
23:29:49.669 [main] INFO  i.a.c.i.DefaultCoreMetadataService - Started
23:29:49.696 [atomix-cluster-metadata-receiver] INFO  i.a.c.i.DefaultCoreMetadataService - Started
23:29:49.710 [atomix-cluster-metadata-receiver] INFO  i.a.c.i.DefaultCoreMetadataService - Started
23:29:49.713 [main] INFO  i.a.c.i.DefaultCoreMetadataService - Started
23:29:49.754 [atomix-cluster-metadata-receiver] INFO  i.a.c.i.DefaultCoreMetadataService - Started
23:29:49.766 [atomix-cluster-heartbeat-sender] INFO  i.a.c.impl.DefaultClusterService - Started
23:29:49.799 [main] INFO  i.a.c.m.i.DefaultClusterEventingService - Started
23:29:49.805 [atomix-cluster-heartbeat-receiver] INFO  i.a.c.impl.DefaultClusterService - Started
23:29:49.814 [main] INFO  i.a.c.m.i.DefaultClusterEventingService - Started
23:29:49.827 [atomix-cluster-heartbeat-receiver] INFO  i.a.c.impl.DefaultClusterService - Started
23:29:49.833 [main] INFO  i.a.c.m.i.DefaultClusterEventingService - Started
23:29:52.825 [atomix-cluster-heartbeat-receiver] INFO  i.a.c.impl.DefaultClusterService - Started
23:29:52.829 [atomix-cluster-heartbeat-receiver] INFO  i.a.c.impl.DefaultClusterService - Started
23:29:52.829 [atomix-cluster-heartbeat-receiver] INFO  i.a.c.impl.DefaultClusterService - Started
23:29:53.833 [atomix-cluster-heartbeat-receiver] INFO  i.a.c.impl.DefaultClusterService - Started
23:29:54.837 [atomix-cluster-heartbeat-receiver] INFO  i.a.c.impl.DefaultClusterService - Started
23:29:58.339 [main] INFO  i.a.c.impl.DefaultClusterService - Stopped
23:30:00.866 [main] INFO  i.a.c.i.DefaultCoreMetadataService - Started
23:30:00.879 [atomix-cluster-metadata-receiver] INFO  i.a.c.i.DefaultCoreMetadataService - Started
23:30:00.898 [main] INFO  i.a.c.i.DefaultCoreMetadataService - Started
23:30:00.940 [atomix-cluster-metadata-receiver] INFO  i.a.c.i.DefaultCoreMetadataService - Started
23:30:00.942 [atomix-cluster-metadata-receiver] INFO  i.a.c.i.DefaultCoreMetadataService - Started
23:30:00.954 [atomix-cluster-metadata-receiver] INFO  i.a.c.i.DefaultCoreMetadataService - Started
23:30:01.014 [atomix-cluster-metadata-receiver] INFO  i.a.c.i.DefaultCoreMetadataService - Started
23:30:01.025 [atomix-cluster-heartbeat-sender] INFO  i.a.c.impl.DefaultClusterService - Started
23:30:01.040 [main] INFO  i.a.c.m.i.DefaultClusterEventingService - Started
23:30:01.067 [atomix-cluster-heartbeat-receiver] INFO  i.a.c.impl.DefaultClusterService - Started
23:30:01.069 [main] INFO  i.a.c.m.i.DefaultClusterEventingService - Started
23:30:01.084 [atomix-cluster-heartbeat-receiver] INFO  i.a.c.impl.DefaultClusterService - Started
23:30:01.099 [main] INFO  i.a.c.m.i.DefaultClusterEventingService - Started
23:30:08.938 [atomix-cluster-heartbeat-receiver] INFO  i.a.c.impl.DefaultClusterService - Started
23:30:08.937 [atomix-cluster-heartbeat-receiver] INFO  i.a.c.impl.DefaultClusterService - Started
23:30:08.941 [atomix-cluster-heartbeat-receiver] INFO  i.a.c.impl.DefaultClusterService - Started
23:30:09.944 [atomix-cluster-heartbeat-receiver] INFO  i.a.c.impl.DefaultClusterService - Started
23:30:10.949 [atomix-cluster-heartbeat-receiver] INFO  i.a.c.impl.DefaultClusterService - Started
23:30:14.450 [main] INFO  i.a.c.impl.DefaultClusterService - Stopped
23:30:16.989 [main] INFO  i.a.c.i.DefaultCoreMetadataService - Started
23:30:17.007 [atomix-cluster-metadata-receiver] INFO  i.a.c.i.DefaultCoreMetadataService - Started
23:30:17.023 [main] INFO  i.a.c.i.DefaultCoreMetadataService - Started
23:30:17.048 [atomix-cluster-metadata-receiver] INFO  i.a.c.i.DefaultCoreMetadataService - Started
23:30:17.049 [atomix-cluster-metadata-receiver] INFO  i.a.c.i.DefaultCoreMetadataService - Started
23:30:17.082 [atomix-cluster-metadata-receiver] INFO  i.a.c.i.DefaultCoreMetadataService - Started
23:30:17.124 [atomix-cluster-metadata-receiver] INFO  i.a.c.i.DefaultCoreMetadataService - Started
23:30:17.149 [atomix-cluster-heartbeat-sender] INFO  i.a.c.impl.DefaultClusterService - Started
23:30:17.183 [main] INFO  i.a.c.m.i.DefaultClusterEventingService - Started
23:30:17.199 [atomix-cluster-heartbeat-receiver] INFO  i.a.c.impl.DefaultClusterService - Started
23:30:17.200 [main] INFO  i.a.c.m.i.DefaultClusterEventingService - Started
23:30:17.215 [atomix-cluster-heartbeat-receiver] INFO  i.a.c.impl.DefaultClusterService - Started
23:30:17.219 [main] INFO  i.a.c.m.i.DefaultClusterEventingService - Started
23:30:20.316 [atomix-cluster-heartbeat-receiver] INFO  i.a.c.impl.DefaultClusterService - Started
23:30:20.319 [atomix-cluster-heartbeat-receiver] INFO  i.a.c.impl.DefaultClusterService - Started
23:30:20.320 [atomix-cluster-heartbeat-receiver] INFO  i.a.c.impl.DefaultClusterService - Started
23:30:21.325 [atomix-cluster-heartbeat-receiver] INFO  i.a.c.impl.DefaultClusterService - Started
23:30:22.328 [atomix-cluster-heartbeat-receiver] INFO  i.a.c.impl.DefaultClusterService - Started
23:30:25.837 [main] INFO  i.a.c.impl.DefaultClusterService - Stopped
23:30:28.371 [main] INFO  i.a.c.i.DefaultCoreMetadataService - Started
23:30:28.386 [atomix-cluster-metadata-receiver] INFO  i.a.c.i.DefaultCoreMetadataService - Started
23:30:28.401 [main] INFO  i.a.c.i.DefaultCoreMetadataService - Started
23:30:28.425 [atomix-cluster-metadata-receiver] INFO  i.a.c.i.DefaultCoreMetadataService - Started
23:30:28.428 [atomix-cluster-metadata-receiver] INFO  i.a.c.i.DefaultCoreMetadataService - Started
23:30:28.434 [main] INFO  i.a.c.i.DefaultCoreMetadataService - Started
23:30:28.477 [atomix-cluster-metadata-receiver] INFO  i.a.c.i.DefaultCoreMetadataService - Started
23:30:28.608 [atomix-cluster-heartbeat-sender] INFO  i.a.c.impl.DefaultClusterService - Started
23:30:28.634 [main] INFO  i.a.c.m.i.DefaultClusterEventingService - Started
23:30:28.653 [atomix-cluster-heartbeat-receiver] INFO  i.a.c.impl.DefaultClusterService - Started
23:30:28.654 [main] INFO  i.a.c.m.i.DefaultClusterEventingService - Started
23:30:28.656 [atomix-cluster-heartbeat-receiver] INFO  i.a.c.impl.DefaultClusterService - Started
23:30:28.656 [main] INFO  i.a.c.m.i.DefaultClusterEventingService - Started
23:30:31.690 [atomix-cluster-heartbeat-receiver] INFO  i.a.c.impl.DefaultClusterService - Started
23:30:31.694 [atomix-cluster-heartbeat-receiver] INFO  i.a.c.impl.DefaultClusterService - Started
23:30:31.694 [atomix-cluster-heartbeat-receiver] INFO  i.a.c.impl.DefaultClusterService - Started
23:30:32.699 [atomix-cluster-heartbeat-receiver] INFO  i.a.c.impl.DefaultClusterService - Started
23:30:33.711 [atomix-cluster-heartbeat-sender] INFO  i.a.c.impl.DefaultClusterService - Started
23:30:37.212 [main] INFO  i.a.c.impl.DefaultClusterService - Stopped
23:30:39.736 [main] INFO  i.a.c.i.DefaultCoreMetadataService - Started
23:30:39.748 [atomix-cluster-metadata-receiver] INFO  i.a.c.i.DefaultCoreMetadataService - Started
23:30:39.772 [main] INFO  i.a.c.i.DefaultCoreMetadataService - Started
23:30:39.800 [atomix-cluster-metadata-receiver] INFO  i.a.c.i.DefaultCoreMetadataService - Started
23:30:39.817 [atomix-cluster-metadata-receiver] INFO  i.a.c.i.DefaultCoreMetadataService - Started
23:30:39.818 [atomix-cluster-metadata-receiver] INFO  i.a.c.i.DefaultCoreMetadataService - Started
23:30:39.850 [atomix-cluster-metadata-receiver] INFO  i.a.c.i.DefaultCoreMetadataService - Started
23:30:39.860 [atomix-cluster-heartbeat-sender] INFO  i.a.c.impl.DefaultClusterService - Started
23:30:39.877 [main] INFO  i.a.c.m.i.DefaultClusterEventingService - Started
23:30:39.879 [atomix-cluster-heartbeat-receiver] INFO  i.a.c.impl.DefaultClusterService - Started
23:30:39.880 [main] INFO  i.a.c.m.i.DefaultClusterEventingService - Started
23:30:39.881 [atomix-cluster-heartbeat-receiver] INFO  i.a.c.impl.DefaultClusterService - Started
23:30:39.882 [main] INFO  i.a.c.m.i.DefaultClusterEventingService - Started
23:30:42.826 [atomix-cluster-heartbeat-receiver] INFO  i.a.c.impl.DefaultClusterService - Started
23:30:42.828 [atomix-cluster-heartbeat-receiver] INFO  i.a.c.impl.DefaultClusterService - Started
23:30:42.835 [atomix-cluster-heartbeat-receiver] INFO  i.a.c.impl.DefaultClusterService - Started
23:30:43.902 [atomix-cluster-heartbeat-receiver] INFO  i.a.c.impl.DefaultClusterService - Started
23:30:45.002 [atomix-cluster-heartbeat-receiver] INFO  i.a.c.impl.DefaultClusterService - Started
23:30:48.507 [main] INFO  i.a.c.impl.DefaultClusterService - Stopped
23:30:51.113 [main] INFO  i.a.c.i.DefaultCoreMetadataService - Started
23:30:51.241 [atomix-cluster-metadata-receiver] INFO  i.a.c.i.DefaultCoreMetadataService - Started
23:30:51.374 [main] INFO  i.a.c.i.DefaultCoreMetadataService - Started
23:30:51.418 [atomix-cluster-metadata-receiver] INFO  i.a.c.i.DefaultCoreMetadataService - Started
23:30:51.462 [atomix-cluster-metadata-receiver] INFO  i.a.c.i.DefaultCoreMetadataService - Started
23:30:51.494 [main] INFO  i.a.c.i.DefaultCoreMetadataService - Started
23:30:51.562 [atomix-cluster-metadata-receiver] INFO  i.a.c.i.DefaultCoreMetadataService - Started
23:30:51.625 [atomix-cluster-heartbeat-sender] INFO  i.a.c.impl.DefaultClusterService - Started
23:30:51.748 [main] INFO  i.a.c.m.i.DefaultClusterEventingService - Started
23:30:51.827 [atomix-cluster-heartbeat-receiver] INFO  i.a.c.impl.DefaultClusterService - Started
23:30:51.841 [main] INFO  i.a.c.m.i.DefaultClusterEventingService - Started
23:30:52.067 [atomix-cluster-heartbeat-receiver] INFO  i.a.c.impl.DefaultClusterService - Started
23:30:52.079 [main] INFO  i.a.c.m.i.DefaultClusterEventingService - Started
23:30:54.881 [atomix-cluster-heartbeat-receiver] INFO  i.a.c.impl.DefaultClusterService - Started
23:30:54.879 [atomix-cluster-heartbeat-receiver] INFO  i.a.c.impl.DefaultClusterService - Started
23:30:54.884 [atomix-cluster-heartbeat-receiver] INFO  i.a.c.impl.DefaultClusterService - Started
23:30:55.892 [atomix-cluster-heartbeat-receiver] INFO  i.a.c.impl.DefaultClusterService - Started
23:30:56.900 [atomix-cluster-heartbeat-receiver] ERROR i.a.c.impl.DefaultClusterService - Uncaught exception on atomix-cluster-heartbeat-receiver
java.lang.NullPointerException: null
	at io.atomix.cluster.impl.DefaultClusterService.activateNode(DefaultClusterService.java:142) ~[variant-55/:na]
	at io.atomix.cluster.impl.DefaultClusterService.handleHeartbeat(DefaultClusterService.java:128) ~[variant-55/:na]
	at io.atomix.cluster.messaging.impl.TestMessagingService.lambda$null$5(TestMessagingService.java:129) ~[default/:na]
	at java.util.concurrent.ThreadPoolExecutor.runWorker(ThreadPoolExecutor.java:1149) ~[na:1.8.0_202]
	at java.util.concurrent.ThreadPoolExecutor$Worker.run(ThreadPoolExecutor.java:624) ~[na:1.8.0_202]
	at java.lang.Thread.run(Thread.java:748) ~[na:1.8.0_202]
23:30:56.903 [atomix-cluster-heartbeat-receiver] ERROR i.a.c.impl.DefaultClusterService - Uncaught exception on atomix-cluster-heartbeat-receiver
java.lang.NullPointerException: null
	at io.atomix.cluster.impl.DefaultClusterService.activateNode(DefaultClusterService.java:142) ~[variant-55/:na]
	at io.atomix.cluster.impl.DefaultClusterService.handleHeartbeat(DefaultClusterService.java:128) ~[variant-55/:na]
	at io.atomix.cluster.messaging.impl.TestMessagingService.lambda$null$5(TestMessagingService.java:129) ~[default/:na]
	at java.util.concurrent.ThreadPoolExecutor.runWorker(ThreadPoolExecutor.java:1149) ~[na:1.8.0_202]
	at java.util.concurrent.ThreadPoolExecutor$Worker.run(ThreadPoolExecutor.java:624) ~[na:1.8.0_202]
	at java.lang.Thread.run(Thread.java:748) ~[na:1.8.0_202]
23:30:56.904 [atomix-cluster-heartbeat-receiver] ERROR i.a.c.impl.DefaultClusterService - Uncaught exception on atomix-cluster-heartbeat-receiver
java.lang.NullPointerException: null
	at io.atomix.cluster.impl.DefaultClusterService.activateNode(DefaultClusterService.java:142) ~[variant-55/:na]
	at io.atomix.cluster.impl.DefaultClusterService.handleHeartbeat(DefaultClusterService.java:128) ~[variant-55/:na]
	at io.atomix.cluster.messaging.impl.TestMessagingService.lambda$null$5(TestMessagingService.java:129) ~[default/:na]
	at java.util.concurrent.ThreadPoolExecutor.runWorker(ThreadPoolExecutor.java:1149) ~[na:1.8.0_202]
	at java.util.concurrent.ThreadPoolExecutor$Worker.run(ThreadPoolExecutor.java:624) ~[na:1.8.0_202]
	at java.lang.Thread.run(Thread.java:748) ~[na:1.8.0_202]
23:30:56.908 [atomix-cluster-heartbeat-receiver] ERROR i.a.c.impl.DefaultClusterService - Uncaught exception on atomix-cluster-heartbeat-receiver
java.lang.NullPointerException: null
	at io.atomix.cluster.impl.DefaultClusterService.activateNode(DefaultClusterService.java:142) ~[variant-55/:na]
	at io.atomix.cluster.impl.DefaultClusterService.handleHeartbeat(DefaultClusterService.java:128) ~[variant-55/:na]
	at io.atomix.cluster.messaging.impl.TestMessagingService.lambda$null$5(TestMessagingService.java:129) ~[default/:na]
	at java.util.concurrent.ThreadPoolExecutor.runWorker(ThreadPoolExecutor.java:1149) ~[na:1.8.0_202]
	at java.util.concurrent.ThreadPoolExecutor$Worker.run(ThreadPoolExecutor.java:624) ~[na:1.8.0_202]
	at java.lang.Thread.run(Thread.java:748) ~[na:1.8.0_202]
23:30:56.911 [atomix-cluster-heartbeat-receiver] INFO  i.a.c.impl.DefaultClusterService - Started
23:31:00.415 [main] INFO  i.a.c.impl.DefaultClusterService - Stopped
23:31:02.941 [main] INFO  i.a.c.i.DefaultCoreMetadataService - Started
23:31:02.957 [atomix-cluster-metadata-receiver] INFO  i.a.c.i.DefaultCoreMetadataService - Started
23:31:02.981 [main] INFO  i.a.c.i.DefaultCoreMetadataService - Started
23:31:02.982 [atomix-cluster-metadata-sender] WARN  i.a.c.i.DefaultCoreMetadataService - Anti-entropy advertisement to localhost:3 failed!
23:31:03.014 [atomix-cluster-metadata-receiver] INFO  i.a.c.i.DefaultCoreMetadataService - Started
23:31:03.015 [atomix-cluster-metadata-receiver] INFO  i.a.c.i.DefaultCoreMetadataService - Started
23:31:03.025 [atomix-cluster-metadata-receiver] INFO  i.a.c.i.DefaultCoreMetadataService - Started
23:31:03.087 [atomix-cluster-metadata-receiver] INFO  i.a.c.i.DefaultCoreMetadataService - Started
23:31:03.120 [atomix-cluster-heartbeat-sender] INFO  i.a.c.impl.DefaultClusterService - Started
23:31:03.151 [main] INFO  i.a.c.m.i.DefaultClusterEventingService - Started
23:31:03.170 [atomix-cluster-heartbeat-receiver] INFO  i.a.c.impl.DefaultClusterService - Started
23:31:03.171 [main] INFO  i.a.c.m.i.DefaultClusterEventingService - Started
23:31:03.177 [atomix-cluster-heartbeat-receiver] INFO  i.a.c.impl.DefaultClusterService - Started
23:31:03.184 [main] INFO  i.a.c.m.i.DefaultClusterEventingService - Started
23:31:06.257 [atomix-cluster-heartbeat-receiver] INFO  i.a.c.impl.DefaultClusterService - Started
23:31:06.265 [atomix-cluster-heartbeat-receiver] INFO  i.a.c.impl.DefaultClusterService - Started
23:31:06.266 [atomix-cluster-heartbeat-receiver] INFO  i.a.c.impl.DefaultClusterService - Started
23:31:07.340 [main] INFO  i.a.c.i.DefaultCoreMetadataService - Started
23:31:07.357 [atomix-cluster-metadata-receiver] INFO  i.a.c.i.DefaultCoreMetadataService - Started
23:31:07.377 [main] INFO  i.a.c.i.DefaultCoreMetadataService - Started
23:31:07.394 [atomix-cluster-metadata-receiver] INFO  i.a.c.i.DefaultCoreMetadataService - Started
23:31:07.395 [atomix-cluster-metadata-receiver] INFO  i.a.c.i.DefaultCoreMetadataService - Started
23:31:07.399 [main] INFO  i.a.c.i.DefaultCoreMetadataService - Started
23:31:07.419 [atomix-cluster-metadata-receiver] INFO  i.a.c.i.DefaultCoreMetadataService - Started
23:31:07.421 [atomix-cluster-heartbeat-sender] INFO  i.a.c.impl.DefaultClusterService - Started
23:31:07.439 [main] INFO  i.a.c.m.i.DefaultClusterEventingService - Started
23:31:07.444 [atomix-cluster-heartbeat-receiver] INFO  i.a.c.impl.DefaultClusterService - Started
23:31:07.444 [main] INFO  i.a.c.m.i.DefaultClusterEventingService - Started
23:31:07.447 [atomix-cluster-heartbeat-receiver] INFO  i.a.c.impl.DefaultClusterService - Started
23:31:07.448 [main] INFO  i.a.c.m.i.DefaultClusterEventingService - Started
23:31:10.324 [atomix-cluster-heartbeat-receiver] INFO  i.a.c.impl.DefaultClusterService - Started
23:31:10.328 [atomix-cluster-heartbeat-receiver] INFO  i.a.c.impl.DefaultClusterService - Started
23:31:10.329 [atomix-cluster-heartbeat-receiver] INFO  i.a.c.impl.DefaultClusterService - Started
23:31:11.402 [atomix-cluster-heartbeat-receiver] INFO  i.a.c.impl.DefaultClusterService - Started
23:31:12.405 [atomix-cluster-heartbeat-receiver] INFO  i.a.c.impl.DefaultClusterService - Started
23:31:15.907 [main] INFO  i.a.c.impl.DefaultClusterService - Stopped
23:31:18.432 [main] INFO  i.a.c.i.DefaultCoreMetadataService - Started
23:31:18.449 [atomix-cluster-metadata-receiver] INFO  i.a.c.i.DefaultCoreMetadataService - Started
23:31:18.475 [main] INFO  i.a.c.i.DefaultCoreMetadataService - Started
23:31:18.506 [atomix-cluster-metadata-receiver] INFO  i.a.c.i.DefaultCoreMetadataService - Started
23:31:18.506 [atomix-cluster-metadata-receiver] INFO  i.a.c.i.DefaultCoreMetadataService - Started
23:31:18.516 [atomix-cluster-metadata-receiver] INFO  i.a.c.i.DefaultCoreMetadataService - Started
23:31:18.553 [atomix-cluster-metadata-receiver] INFO  i.a.c.i.DefaultCoreMetadataService - Started
23:31:18.569 [atomix-cluster-heartbeat-sender] INFO  i.a.c.impl.DefaultClusterService - Started
23:31:18.593 [main] INFO  i.a.c.m.i.DefaultClusterEventingService - Started
23:31:18.594 [atomix-cluster-heartbeat-receiver] INFO  i.a.c.impl.DefaultClusterService - Started
23:31:18.596 [main] INFO  i.a.c.m.i.DefaultClusterEventingService - Started
23:31:18.597 [atomix-cluster-heartbeat-receiver] INFO  i.a.c.impl.DefaultClusterService - Started
23:31:18.598 [main] INFO  i.a.c.m.i.DefaultClusterEventingService - Started
23:31:21.750 [atomix-cluster-heartbeat-sender] INFO  i.a.c.impl.DefaultClusterService - Started
23:31:21.755 [atomix-cluster-heartbeat-receiver] INFO  i.a.c.impl.DefaultClusterService - Started
23:31:21.756 [atomix-cluster-heartbeat-receiver] INFO  i.a.c.impl.DefaultClusterService - Started
23:31:22.837 [main] INFO  i.a.c.i.DefaultCoreMetadataService - Started
23:31:22.851 [atomix-cluster-metadata-receiver] INFO  i.a.c.i.DefaultCoreMetadataService - Started
23:31:22.872 [main] INFO  i.a.c.i.DefaultCoreMetadataService - Started
23:31:22.889 [atomix-cluster-metadata-sender] WARN  i.a.c.i.DefaultCoreMetadataService - Anti-entropy advertisement to localhost:3 failed!
23:31:22.891 [atomix-cluster-metadata-receiver] INFO  i.a.c.i.DefaultCoreMetadataService - Started
23:31:22.895 [atomix-cluster-metadata-receiver] INFO  i.a.c.i.DefaultCoreMetadataService - Started
23:31:22.899 [main] INFO  i.a.c.i.DefaultCoreMetadataService - Started
23:31:22.908 [atomix-cluster-metadata-receiver] INFO  i.a.c.i.DefaultCoreMetadataService - Started
23:31:22.911 [atomix-cluster-heartbeat-sender] INFO  i.a.c.impl.DefaultClusterService - Started
23:31:22.941 [main] INFO  i.a.c.m.i.DefaultClusterEventingService - Started
23:31:22.942 [atomix-cluster-heartbeat-receiver] INFO  i.a.c.impl.DefaultClusterService - Started
23:31:22.943 [main] INFO  i.a.c.m.i.DefaultClusterEventingService - Started
23:31:22.945 [atomix-cluster-heartbeat-receiver] INFO  i.a.c.impl.DefaultClusterService - Started
23:31:22.946 [main] INFO  i.a.c.m.i.DefaultClusterEventingService - Started
23:31:25.620 [atomix-cluster-heartbeat-receiver] INFO  i.a.c.impl.DefaultClusterService - Started
23:31:25.625 [atomix-cluster-heartbeat-receiver] INFO  i.a.c.impl.DefaultClusterService - Started
23:31:25.625 [atomix-cluster-heartbeat-receiver] INFO  i.a.c.impl.DefaultClusterService - Started
23:31:26.684 [main] INFO  i.a.c.i.DefaultCoreMetadataService - Started
23:31:26.698 [atomix-cluster-metadata-receiver] INFO  i.a.c.i.DefaultCoreMetadataService - Started
23:31:26.707 [main] INFO  i.a.c.i.DefaultCoreMetadataService - Started
23:31:26.723 [atomix-cluster-metadata-sender] WARN  i.a.c.i.DefaultCoreMetadataService - Anti-entropy advertisement to localhost:3 failed!
23:31:26.730 [atomix-cluster-metadata-receiver] INFO  i.a.c.i.DefaultCoreMetadataService - Started
23:31:26.735 [atomix-cluster-metadata-receiver] INFO  i.a.c.i.DefaultCoreMetadataService - Started
23:31:26.740 [main] INFO  i.a.c.i.DefaultCoreMetadataService - Started
23:31:26.750 [atomix-cluster-metadata-receiver] INFO  i.a.c.i.DefaultCoreMetadataService - Started
23:31:26.752 [atomix-cluster-heartbeat-sender] INFO  i.a.c.impl.DefaultClusterService - Started
23:31:26.780 [main] INFO  i.a.c.m.i.DefaultClusterEventingService - Started
23:31:26.781 [atomix-cluster-heartbeat-receiver] INFO  i.a.c.impl.DefaultClusterService - Started
23:31:26.783 [main] INFO  i.a.c.m.i.DefaultClusterEventingService - Started
23:31:26.785 [atomix-cluster-heartbeat-receiver] INFO  i.a.c.impl.DefaultClusterService - Started
23:31:26.786 [main] INFO  i.a.c.m.i.DefaultClusterEventingService - Started
23:31:29.525 [atomix-cluster-heartbeat-receiver] INFO  i.a.c.impl.DefaultClusterService - Started
23:31:29.528 [atomix-cluster-heartbeat-receiver] INFO  i.a.c.impl.DefaultClusterService - Started
23:31:29.529 [atomix-cluster-heartbeat-receiver] INFO  i.a.c.impl.DefaultClusterService - Started
23:31:30.535 [atomix-cluster-heartbeat-receiver] INFO  i.a.c.impl.DefaultClusterService - Started
23:31:31.540 [atomix-cluster-heartbeat-receiver] INFO  i.a.c.impl.DefaultClusterService - Started
23:31:35.041 [main] INFO  i.a.c.impl.DefaultClusterService - Stopped
23:31:37.580 [main] INFO  i.a.c.i.DefaultCoreMetadataService - Started
23:31:37.596 [atomix-cluster-metadata-receiver] INFO  i.a.c.i.DefaultCoreMetadataService - Started
23:31:37.613 [main] INFO  i.a.c.i.DefaultCoreMetadataService - Started
23:31:37.641 [atomix-cluster-metadata-receiver] INFO  i.a.c.i.DefaultCoreMetadataService - Started
23:31:37.652 [atomix-cluster-metadata-receiver] INFO  i.a.c.i.DefaultCoreMetadataService - Started
23:31:37.662 [atomix-cluster-metadata-receiver] INFO  i.a.c.i.DefaultCoreMetadataService - Started
23:31:37.677 [atomix-cluster-metadata-receiver] INFO  i.a.c.i.DefaultCoreMetadataService - Started
23:31:37.688 [atomix-cluster-heartbeat-sender] INFO  i.a.c.impl.DefaultClusterService - Started
23:31:37.707 [main] INFO  i.a.c.m.i.DefaultClusterEventingService - Started
23:31:37.708 [atomix-cluster-heartbeat-receiver] INFO  i.a.c.impl.DefaultClusterService - Started
23:31:37.709 [main] INFO  i.a.c.m.i.DefaultClusterEventingService - Started
23:31:37.710 [atomix-cluster-heartbeat-receiver] INFO  i.a.c.impl.DefaultClusterService - Started
23:31:37.710 [main] INFO  i.a.c.m.i.DefaultClusterEventingService - Started
23:31:40.723 [atomix-cluster-heartbeat-receiver] INFO  i.a.c.impl.DefaultClusterService - Started
23:31:40.724 [atomix-cluster-heartbeat-receiver] INFO  i.a.c.impl.DefaultClusterService - Started
23:31:40.727 [atomix-cluster-heartbeat-receiver] INFO  i.a.c.impl.DefaultClusterService - Started
23:31:41.732 [atomix-cluster-heartbeat-receiver] INFO  i.a.c.impl.DefaultClusterService - Started
23:31:42.735 [atomix-cluster-heartbeat-receiver] INFO  i.a.c.impl.DefaultClusterService - Started
23:31:46.236 [main] INFO  i.a.c.impl.DefaultClusterService - Stopped
23:31:48.759 [main] INFO  i.a.c.i.DefaultCoreMetadataService - Started
23:31:48.772 [atomix-cluster-metadata-receiver] INFO  i.a.c.i.DefaultCoreMetadataService - Started
23:31:48.797 [main] INFO  i.a.c.i.DefaultCoreMetadataService - Started
23:31:48.820 [atomix-cluster-metadata-receiver] INFO  i.a.c.i.DefaultCoreMetadataService - Started
23:31:48.842 [atomix-cluster-metadata-receiver] INFO  i.a.c.i.DefaultCoreMetadataService - Started
23:31:48.858 [atomix-cluster-metadata-receiver] INFO  i.a.c.i.DefaultCoreMetadataService - Started
23:31:48.906 [atomix-cluster-metadata-receiver] INFO  i.a.c.i.DefaultCoreMetadataService - Started
23:31:48.917 [atomix-cluster-heartbeat-sender] INFO  i.a.c.impl.DefaultClusterService - Started
23:31:48.947 [main] INFO  i.a.c.m.i.DefaultClusterEventingService - Started
23:31:48.959 [atomix-cluster-heartbeat-receiver] INFO  i.a.c.impl.DefaultClusterService - Started
23:31:48.967 [main] INFO  i.a.c.m.i.DefaultClusterEventingService - Started
23:31:48.980 [atomix-cluster-heartbeat-receiver] INFO  i.a.c.impl.DefaultClusterService - Started
23:31:48.994 [main] INFO  i.a.c.m.i.DefaultClusterEventingService - Started
23:31:52.036 [atomix-cluster-heartbeat-receiver] INFO  i.a.c.impl.DefaultClusterService - Started
23:31:52.040 [atomix-cluster-heartbeat-receiver] INFO  i.a.c.impl.DefaultClusterService - Started
23:31:52.040 [atomix-cluster-heartbeat-receiver] INFO  i.a.c.impl.DefaultClusterService - Started
23:31:53.048 [atomix-cluster-heartbeat-receiver] INFO  i.a.c.impl.DefaultClusterService - Started
23:31:54.052 [atomix-cluster-heartbeat-receiver] INFO  i.a.c.impl.DefaultClusterService - Started
23:31:57.553 [main] INFO  i.a.c.impl.DefaultClusterService - Stopped
23:32:00.077 [main] INFO  i.a.c.i.DefaultCoreMetadataService - Started
23:32:00.089 [atomix-cluster-metadata-receiver] INFO  i.a.c.i.DefaultCoreMetadataService - Started
23:32:00.108 [main] INFO  i.a.c.i.DefaultCoreMetadataService - Started
23:32:00.109 [atomix-cluster-metadata-sender] WARN  i.a.c.i.DefaultCoreMetadataService - Anti-entropy advertisement to localhost:3 failed!
23:32:00.119 [atomix-cluster-metadata-receiver] INFO  i.a.c.i.DefaultCoreMetadataService - Started
23:32:00.123 [atomix-cluster-metadata-receiver] INFO  i.a.c.i.DefaultCoreMetadataService - Started
23:32:00.142 [main] INFO  i.a.c.i.DefaultCoreMetadataService - Started
23:32:00.194 [atomix-cluster-metadata-receiver] INFO  i.a.c.i.DefaultCoreMetadataService - Started
23:32:00.228 [atomix-cluster-heartbeat-sender] INFO  i.a.c.impl.DefaultClusterService - Started
23:32:00.256 [main] INFO  i.a.c.m.i.DefaultClusterEventingService - Started
23:32:00.274 [atomix-cluster-heartbeat-receiver] INFO  i.a.c.impl.DefaultClusterService - Started
23:32:00.281 [main] INFO  i.a.c.m.i.DefaultClusterEventingService - Started
23:32:00.299 [atomix-cluster-heartbeat-receiver] INFO  i.a.c.impl.DefaultClusterService - Started
23:32:00.308 [main] INFO  i.a.c.m.i.DefaultClusterEventingService - Started
23:32:03.322 [atomix-cluster-heartbeat-receiver] INFO  i.a.c.impl.DefaultClusterService - Started
23:32:03.333 [atomix-cluster-heartbeat-receiver] INFO  i.a.c.impl.DefaultClusterService - Started
23:32:03.333 [atomix-cluster-heartbeat-receiver] INFO  i.a.c.impl.DefaultClusterService - Started
23:32:04.340 [atomix-cluster-heartbeat-receiver] INFO  i.a.c.impl.DefaultClusterService - Started
23:32:05.343 [atomix-cluster-heartbeat-receiver] INFO  i.a.c.impl.DefaultClusterService - Started
23:32:08.845 [main] INFO  i.a.c.impl.DefaultClusterService - Stopped
23:32:11.380 [main] INFO  i.a.c.i.DefaultCoreMetadataService - Started
23:32:11.392 [atomix-cluster-metadata-receiver] INFO  i.a.c.i.DefaultCoreMetadataService - Started
23:32:11.446 [main] INFO  i.a.c.i.DefaultCoreMetadataService - Started
23:32:11.465 [atomix-cluster-metadata-receiver] INFO  i.a.c.i.DefaultCoreMetadataService - Started
23:32:11.486 [atomix-cluster-metadata-receiver] INFO  i.a.c.i.DefaultCoreMetadataService - Started
23:32:11.502 [main] INFO  i.a.c.i.DefaultCoreMetadataService - Started
23:32:11.523 [atomix-cluster-metadata-receiver] INFO  i.a.c.i.DefaultCoreMetadataService - Started
23:32:11.547 [atomix-cluster-heartbeat-sender] INFO  i.a.c.impl.DefaultClusterService - Started
23:32:11.569 [main] INFO  i.a.c.m.i.DefaultClusterEventingService - Started
23:32:11.570 [atomix-cluster-heartbeat-receiver] INFO  i.a.c.impl.DefaultClusterService - Started
23:32:11.571 [main] INFO  i.a.c.m.i.DefaultClusterEventingService - Started
23:32:11.574 [atomix-cluster-heartbeat-receiver] INFO  i.a.c.impl.DefaultClusterService - Started
23:32:11.575 [main] INFO  i.a.c.m.i.DefaultClusterEventingService - Started
23:32:14.706 [atomix-cluster-heartbeat-receiver] INFO  i.a.c.impl.DefaultClusterService - Started
23:32:14.710 [atomix-cluster-heartbeat-receiver] INFO  i.a.c.impl.DefaultClusterService - Started
23:32:14.711 [atomix-cluster-heartbeat-receiver] INFO  i.a.c.impl.DefaultClusterService - Started
23:32:15.721 [atomix-cluster-heartbeat-receiver] INFO  i.a.c.impl.DefaultClusterService - Started
23:32:16.730 [atomix-cluster-heartbeat-sender] INFO  i.a.c.impl.DefaultClusterService - Started
23:32:20.231 [main] INFO  i.a.c.impl.DefaultClusterService - Stopped
23:32:22.761 [main] INFO  i.a.c.i.DefaultCoreMetadataService - Started
23:32:22.777 [atomix-cluster-metadata-receiver] INFO  i.a.c.i.DefaultCoreMetadataService - Started
23:32:22.818 [main] INFO  i.a.c.i.DefaultCoreMetadataService - Started
23:32:22.818 [atomix-cluster-metadata-sender] WARN  i.a.c.i.DefaultCoreMetadataService - Anti-entropy advertisement to localhost:3 failed!
23:32:22.857 [atomix-cluster-metadata-receiver] INFO  i.a.c.i.DefaultCoreMetadataService - Started
23:32:22.866 [atomix-cluster-metadata-receiver] INFO  i.a.c.i.DefaultCoreMetadataService - Started
23:32:22.879 [main] INFO  i.a.c.i.DefaultCoreMetadataService - Started
23:32:22.902 [atomix-cluster-metadata-receiver] INFO  i.a.c.i.DefaultCoreMetadataService - Started
23:32:22.928 [atomix-cluster-heartbeat-sender] INFO  i.a.c.impl.DefaultClusterService - Started
23:32:22.958 [main] INFO  i.a.c.m.i.DefaultClusterEventingService - Started
23:32:22.965 [atomix-cluster-heartbeat-receiver] INFO  i.a.c.impl.DefaultClusterService - Started
23:32:22.966 [main] INFO  i.a.c.m.i.DefaultClusterEventingService - Started
23:32:22.968 [atomix-cluster-heartbeat-receiver] INFO  i.a.c.impl.DefaultClusterService - Started
23:32:22.969 [main] INFO  i.a.c.m.i.DefaultClusterEventingService - Started
23:32:28.249 [atomix-cluster-heartbeat-sender] INFO  i.a.c.impl.DefaultClusterService - Started
23:32:28.249 [atomix-cluster-heartbeat-sender] INFO  i.a.c.impl.DefaultClusterService - Started
23:32:28.249 [atomix-cluster-heartbeat-sender] INFO  i.a.c.impl.DefaultClusterService - Started
23:32:29.279 [main] INFO  i.a.c.i.DefaultCoreMetadataService - Started
23:32:29.307 [atomix-cluster-metadata-receiver] INFO  i.a.c.i.DefaultCoreMetadataService - Started
23:32:29.311 [main] INFO  i.a.c.i.DefaultCoreMetadataService - Started
23:32:29.312 [atomix-cluster-metadata-sender] WARN  i.a.c.i.DefaultCoreMetadataService - Anti-entropy advertisement to localhost:3 failed!
23:32:29.313 [main] INFO  i.a.c.i.DefaultCoreMetadataService - Started
23:32:29.314 [main] INFO  i.a.c.i.DefaultCoreMetadataService - Started
23:32:29.316 [atomix-cluster-heartbeat-sender] INFO  i.a.c.impl.DefaultClusterService - Started
23:32:29.338 [main] INFO  i.a.c.m.i.DefaultClusterEventingService - Started
23:32:29.350 [atomix-cluster-heartbeat-sender] INFO  i.a.c.impl.DefaultClusterService - Started
23:32:29.350 [main] INFO  i.a.c.m.i.DefaultClusterEventingService - Started
23:32:29.351 [atomix-cluster-heartbeat-sender] INFO  i.a.c.impl.DefaultClusterService - Started
23:32:29.351 [main] INFO  i.a.c.m.i.DefaultClusterEventingService - Started
23:32:34.776 [atomix-cluster-heartbeat-receiver] INFO  i.a.c.impl.DefaultClusterService - Started
23:32:34.776 [atomix-cluster-heartbeat-receiver] INFO  i.a.c.impl.DefaultClusterService - Started
23:32:34.778 [atomix-cluster-heartbeat-receiver] INFO  i.a.c.impl.DefaultClusterService - Started
23:32:35.783 [atomix-cluster-heartbeat-receiver] INFO  i.a.c.impl.DefaultClusterService - Started
23:32:36.786 [atomix-cluster-heartbeat-receiver] INFO  i.a.c.impl.DefaultClusterService - Started
23:32:40.288 [main] INFO  i.a.c.impl.DefaultClusterService - Stopped
23:32:42.827 [main] INFO  i.a.c.i.DefaultCoreMetadataService - Started
23:32:42.840 [atomix-cluster-metadata-receiver] INFO  i.a.c.i.DefaultCoreMetadataService - Started
23:32:42.857 [main] INFO  i.a.c.i.DefaultCoreMetadataService - Started
23:32:42.881 [atomix-cluster-metadata-receiver] INFO  i.a.c.i.DefaultCoreMetadataService - Started
23:32:42.881 [atomix-cluster-metadata-receiver] INFO  i.a.c.i.DefaultCoreMetadataService - Started
23:32:42.910 [main] INFO  i.a.c.i.DefaultCoreMetadataService - Started
23:32:42.946 [atomix-cluster-metadata-receiver] INFO  i.a.c.i.DefaultCoreMetadataService - Started
23:32:42.965 [atomix-cluster-heartbeat-sender] INFO  i.a.c.impl.DefaultClusterService - Started
23:32:42.991 [main] INFO  i.a.c.m.i.DefaultClusterEventingService - Started
23:32:43.005 [atomix-cluster-heartbeat-receiver] INFO  i.a.c.impl.DefaultClusterService - Started
23:32:43.012 [main] INFO  i.a.c.m.i.DefaultClusterEventingService - Started
23:32:43.035 [atomix-cluster-heartbeat-receiver] INFO  i.a.c.impl.DefaultClusterService - Started
23:32:43.035 [main] INFO  i.a.c.m.i.DefaultClusterEventingService - Started
23:32:46.121 [atomix-cluster-heartbeat-receiver] INFO  i.a.c.impl.DefaultClusterService - Started
23:32:46.122 [atomix-cluster-heartbeat-receiver] INFO  i.a.c.impl.DefaultClusterService - Started
23:32:46.123 [atomix-cluster-heartbeat-receiver] INFO  i.a.c.impl.DefaultClusterService - Started
23:32:47.132 [atomix-cluster-heartbeat-receiver] INFO  i.a.c.impl.DefaultClusterService - Started
23:32:48.138 [atomix-cluster-heartbeat-receiver] INFO  i.a.c.impl.DefaultClusterService - Started
23:32:51.640 [main] INFO  i.a.c.impl.DefaultClusterService - Stopped
23:32:54.166 [main] INFO  i.a.c.i.DefaultCoreMetadataService - Started
23:32:54.178 [atomix-cluster-metadata-receiver] INFO  i.a.c.i.DefaultCoreMetadataService - Started
23:32:54.201 [main] INFO  i.a.c.i.DefaultCoreMetadataService - Started
23:32:54.204 [atomix-cluster-metadata-sender] WARN  i.a.c.i.DefaultCoreMetadataService - Anti-entropy advertisement to localhost:3 failed!
23:32:54.212 [atomix-cluster-metadata-receiver] INFO  i.a.c.i.DefaultCoreMetadataService - Started
23:32:54.238 [atomix-cluster-metadata-receiver] INFO  i.a.c.i.DefaultCoreMetadataService - Started
23:32:54.269 [atomix-cluster-metadata-receiver] INFO  i.a.c.i.DefaultCoreMetadataService - Started
23:32:54.304 [atomix-cluster-metadata-receiver] INFO  i.a.c.i.DefaultCoreMetadataService - Started
23:32:54.326 [atomix-cluster-heartbeat-sender] INFO  i.a.c.impl.DefaultClusterService - Started
23:32:54.348 [main] INFO  i.a.c.m.i.DefaultClusterEventingService - Started
23:32:54.353 [atomix-cluster-heartbeat-receiver] INFO  i.a.c.impl.DefaultClusterService - Started
23:32:54.358 [main] INFO  i.a.c.m.i.DefaultClusterEventingService - Started
23:32:54.383 [atomix-cluster-heartbeat-receiver] INFO  i.a.c.impl.DefaultClusterService - Started
23:32:54.383 [main] INFO  i.a.c.m.i.DefaultClusterEventingService - Started
23:32:57.278 [atomix-cluster-heartbeat-receiver] INFO  i.a.c.impl.DefaultClusterService - Started
23:32:57.279 [atomix-cluster-heartbeat-receiver] INFO  i.a.c.impl.DefaultClusterService - Started
23:32:57.281 [atomix-cluster-heartbeat-receiver] INFO  i.a.c.impl.DefaultClusterService - Started
23:32:58.286 [atomix-cluster-heartbeat-receiver] INFO  i.a.c.impl.DefaultClusterService - Started
23:32:59.293 [atomix-cluster-heartbeat-receiver] INFO  i.a.c.impl.DefaultClusterService - Started
23:33:00.334 [main] INFO  i.a.c.i.DefaultCoreMetadataService - Started
23:33:00.348 [atomix-cluster-metadata-receiver] INFO  i.a.c.i.DefaultCoreMetadataService - Started
23:33:00.367 [main] INFO  i.a.c.i.DefaultCoreMetadataService - Started
23:33:00.377 [atomix-cluster-metadata-receiver] INFO  i.a.c.i.DefaultCoreMetadataService - Started
23:33:00.386 [atomix-cluster-metadata-receiver] INFO  i.a.c.i.DefaultCoreMetadataService - Started
23:33:00.388 [main] INFO  i.a.c.i.DefaultCoreMetadataService - Started
23:33:00.408 [atomix-cluster-metadata-receiver] INFO  i.a.c.i.DefaultCoreMetadataService - Started
23:33:00.419 [atomix-cluster-heartbeat-sender] INFO  i.a.c.impl.DefaultClusterService - Started
23:33:00.435 [main] INFO  i.a.c.m.i.DefaultClusterEventingService - Started
23:33:00.436 [atomix-cluster-heartbeat-receiver] INFO  i.a.c.impl.DefaultClusterService - Started
23:33:00.437 [main] INFO  i.a.c.m.i.DefaultClusterEventingService - Started
23:33:00.456 [atomix-cluster-heartbeat-receiver] INFO  i.a.c.impl.DefaultClusterService - Started
23:33:00.457 [main] INFO  i.a.c.m.i.DefaultClusterEventingService - Started
23:33:04.825 [atomix-cluster-heartbeat-sender] INFO  i.a.c.impl.DefaultClusterService - Started
23:33:04.831 [atomix-cluster-heartbeat-receiver] INFO  i.a.c.impl.DefaultClusterService - Started
23:33:04.831 [atomix-cluster-heartbeat-receiver] INFO  i.a.c.impl.DefaultClusterService - Started
23:33:05.836 [atomix-cluster-heartbeat-receiver] INFO  i.a.c.impl.DefaultClusterService - Started
23:33:06.840 [atomix-cluster-heartbeat-receiver] INFO  i.a.c.impl.DefaultClusterService - Started
23:33:10.342 [main] INFO  i.a.c.impl.DefaultClusterService - Stopped
23:33:12.864 [main] INFO  i.a.c.i.DefaultCoreMetadataService - Started
23:33:12.876 [atomix-cluster-metadata-receiver] INFO  i.a.c.i.DefaultCoreMetadataService - Started
23:33:12.893 [main] INFO  i.a.c.i.DefaultCoreMetadataService - Started
23:33:12.921 [atomix-cluster-metadata-receiver] INFO  i.a.c.i.DefaultCoreMetadataService - Started
23:33:12.932 [atomix-cluster-metadata-receiver] INFO  i.a.c.i.DefaultCoreMetadataService - Started
23:33:12.933 [main] INFO  i.a.c.i.DefaultCoreMetadataService - Started
23:33:12.967 [atomix-cluster-metadata-receiver] INFO  i.a.c.i.DefaultCoreMetadataService - Started
23:33:12.977 [atomix-cluster-heartbeat-sender] INFO  i.a.c.impl.DefaultClusterService - Started
23:33:12.993 [main] INFO  i.a.c.m.i.DefaultClusterEventingService - Started
23:33:12.995 [atomix-cluster-heartbeat-receiver] INFO  i.a.c.impl.DefaultClusterService - Started
23:33:12.997 [main] INFO  i.a.c.m.i.DefaultClusterEventingService - Started
23:33:13.016 [atomix-cluster-heartbeat-receiver] INFO  i.a.c.impl.DefaultClusterService - Started
23:33:13.016 [main] INFO  i.a.c.m.i.DefaultClusterEventingService - Started
23:33:16.033 [atomix-cluster-heartbeat-receiver] INFO  i.a.c.impl.DefaultClusterService - Started
23:33:16.046 [atomix-cluster-heartbeat-receiver] INFO  i.a.c.impl.DefaultClusterService - Started
23:33:16.047 [atomix-cluster-heartbeat-receiver] INFO  i.a.c.impl.DefaultClusterService - Started
23:33:17.052 [atomix-cluster-heartbeat-receiver] INFO  i.a.c.impl.DefaultClusterService - Started
23:33:18.056 [atomix-cluster-heartbeat-receiver] INFO  i.a.c.impl.DefaultClusterService - Started
23:33:21.557 [main] INFO  i.a.c.impl.DefaultClusterService - Stopped
23:33:24.078 [main] INFO  i.a.c.i.DefaultCoreMetadataService - Started
23:33:24.090 [atomix-cluster-metadata-receiver] INFO  i.a.c.i.DefaultCoreMetadataService - Started
23:33:24.119 [main] INFO  i.a.c.i.DefaultCoreMetadataService - Started
23:33:24.121 [atomix-cluster-metadata-sender] WARN  i.a.c.i.DefaultCoreMetadataService - Anti-entropy advertisement to localhost:3 failed!
23:33:24.131 [atomix-cluster-metadata-receiver] INFO  i.a.c.i.DefaultCoreMetadataService - Started
23:33:24.133 [atomix-cluster-metadata-receiver] INFO  i.a.c.i.DefaultCoreMetadataService - Started
23:33:24.154 [main] INFO  i.a.c.i.DefaultCoreMetadataService - Started
23:33:24.205 [atomix-cluster-metadata-receiver] INFO  i.a.c.i.DefaultCoreMetadataService - Started
23:33:24.242 [atomix-cluster-heartbeat-sender] INFO  i.a.c.impl.DefaultClusterService - Started
23:33:24.271 [main] INFO  i.a.c.m.i.DefaultClusterEventingService - Started
23:33:24.281 [atomix-cluster-heartbeat-receiver] INFO  i.a.c.impl.DefaultClusterService - Started
23:33:24.297 [main] INFO  i.a.c.m.i.DefaultClusterEventingService - Started
23:33:24.315 [atomix-cluster-heartbeat-receiver] INFO  i.a.c.impl.DefaultClusterService - Started
23:33:24.315 [main] INFO  i.a.c.m.i.DefaultClusterEventingService - Started
23:33:27.265 [atomix-cluster-heartbeat-receiver] INFO  i.a.c.impl.DefaultClusterService - Started
23:33:27.267 [atomix-cluster-heartbeat-receiver] INFO  i.a.c.impl.DefaultClusterService - Started
23:33:27.268 [atomix-cluster-heartbeat-receiver] INFO  i.a.c.impl.DefaultClusterService - Started
23:33:28.273 [atomix-cluster-heartbeat-receiver] INFO  i.a.c.impl.DefaultClusterService - Started
23:33:29.277 [atomix-cluster-heartbeat-receiver] INFO  i.a.c.impl.DefaultClusterService - Started
23:33:32.779 [main] INFO  i.a.c.impl.DefaultClusterService - Stopped
23:33:35.319 [main] INFO  i.a.c.i.DefaultCoreMetadataService - Started
23:33:35.337 [atomix-cluster-metadata-receiver] INFO  i.a.c.i.DefaultCoreMetadataService - Started
23:33:35.353 [main] INFO  i.a.c.i.DefaultCoreMetadataService - Started
23:33:35.379 [atomix-cluster-metadata-receiver] INFO  i.a.c.i.DefaultCoreMetadataService - Started
23:33:35.392 [atomix-cluster-metadata-receiver] INFO  i.a.c.i.DefaultCoreMetadataService - Started
23:33:35.394 [main] INFO  i.a.c.i.DefaultCoreMetadataService - Started
23:33:35.421 [atomix-cluster-metadata-receiver] INFO  i.a.c.i.DefaultCoreMetadataService - Started
23:33:35.432 [atomix-cluster-heartbeat-sender] INFO  i.a.c.impl.DefaultClusterService - Started
23:33:35.452 [main] INFO  i.a.c.m.i.DefaultClusterEventingService - Started
23:33:35.453 [atomix-cluster-heartbeat-receiver] INFO  i.a.c.impl.DefaultClusterService - Started
23:33:35.454 [main] INFO  i.a.c.m.i.DefaultClusterEventingService - Started
23:33:35.455 [atomix-cluster-heartbeat-receiver] INFO  i.a.c.impl.DefaultClusterService - Started
23:33:35.456 [main] INFO  i.a.c.m.i.DefaultClusterEventingService - Started
23:33:38.329 [atomix-cluster-heartbeat-receiver] INFO  i.a.c.impl.DefaultClusterService - Started
23:33:38.330 [atomix-cluster-heartbeat-receiver] INFO  i.a.c.impl.DefaultClusterService - Started
23:33:38.332 [atomix-cluster-heartbeat-receiver] INFO  i.a.c.impl.DefaultClusterService - Started
23:33:39.350 [atomix-cluster-heartbeat-receiver] INFO  i.a.c.impl.DefaultClusterService - Started
23:33:40.353 [atomix-cluster-heartbeat-receiver] INFO  i.a.c.impl.DefaultClusterService - Started
23:33:43.854 [main] INFO  i.a.c.impl.DefaultClusterService - Stopped
23:33:46.394 [main] INFO  i.a.c.i.DefaultCoreMetadataService - Started
23:33:46.408 [atomix-cluster-metadata-receiver] INFO  i.a.c.i.DefaultCoreMetadataService - Started
23:33:46.420 [main] INFO  i.a.c.i.DefaultCoreMetadataService - Started
23:33:46.456 [atomix-cluster-metadata-receiver] INFO  i.a.c.i.DefaultCoreMetadataService - Started
23:33:46.462 [atomix-cluster-metadata-receiver] INFO  i.a.c.i.DefaultCoreMetadataService - Started
23:33:46.479 [atomix-cluster-metadata-receiver] INFO  i.a.c.i.DefaultCoreMetadataService - Started
23:33:46.523 [atomix-cluster-metadata-receiver] INFO  i.a.c.i.DefaultCoreMetadataService - Started
23:33:46.553 [atomix-cluster-heartbeat-sender] INFO  i.a.c.impl.DefaultClusterService - Started
23:33:46.576 [main] INFO  i.a.c.m.i.DefaultClusterEventingService - Started
23:33:46.591 [atomix-cluster-heartbeat-receiver] INFO  i.a.c.impl.DefaultClusterService - Started
23:33:46.603 [main] INFO  i.a.c.m.i.DefaultClusterEventingService - Started
23:33:46.623 [atomix-cluster-heartbeat-receiver] INFO  i.a.c.impl.DefaultClusterService - Started
23:33:46.623 [main] INFO  i.a.c.m.i.DefaultClusterEventingService - Started
23:33:49.578 [atomix-cluster-heartbeat-receiver] INFO  i.a.c.impl.DefaultClusterService - Started
23:33:49.587 [atomix-cluster-heartbeat-receiver] INFO  i.a.c.impl.DefaultClusterService - Started
23:33:49.587 [atomix-cluster-heartbeat-receiver] INFO  i.a.c.impl.DefaultClusterService - Started
23:33:50.594 [atomix-cluster-heartbeat-receiver] INFO  i.a.c.impl.DefaultClusterService - Started
23:33:51.598 [atomix-cluster-heartbeat-receiver] INFO  i.a.c.impl.DefaultClusterService - Started
23:33:55.100 [main] INFO  i.a.c.impl.DefaultClusterService - Stopped
23:33:57.600 [main] INFO  i.a.c.impl.DefaultClusterService - Stopped
23:34:00.101 [main] INFO  i.a.c.impl.DefaultClusterService - Stopped
23:34:02.621 [main] INFO  i.a.c.i.DefaultCoreMetadataService - Started
23:34:02.636 [atomix-cluster-metadata-receiver] INFO  i.a.c.i.DefaultCoreMetadataService - Started
23:34:02.652 [main] INFO  i.a.c.i.DefaultCoreMetadataService - Started
23:34:02.674 [atomix-cluster-metadata-receiver] INFO  i.a.c.i.DefaultCoreMetadataService - Started
23:34:02.677 [atomix-cluster-metadata-receiver] INFO  i.a.c.i.DefaultCoreMetadataService - Started
23:34:02.686 [atomix-cluster-metadata-receiver] INFO  i.a.c.i.DefaultCoreMetadataService - Started
23:34:02.708 [atomix-cluster-metadata-receiver] INFO  i.a.c.i.DefaultCoreMetadataService - Started
23:34:02.720 [atomix-cluster-heartbeat-sender] INFO  i.a.c.impl.DefaultClusterService - Started
23:34:02.743 [main] INFO  i.a.c.m.i.DefaultClusterEventingService - Started
23:34:02.744 [atomix-cluster-heartbeat-receiver] INFO  i.a.c.impl.DefaultClusterService - Started
23:34:02.744 [main] INFO  i.a.c.m.i.DefaultClusterEventingService - Started
23:34:02.745 [atomix-cluster-heartbeat-receiver] INFO  i.a.c.impl.DefaultClusterService - Started
23:34:02.745 [main] INFO  i.a.c.m.i.DefaultClusterEventingService - Started
