15:07:38.449 [main] INFO  o.p.core.client.MockIndirectClient - AJAX request detected -> returning 401
15:07:39.176 [main] WARN  org.pac4j.core.matching.PathMatcher - Excluding paths with regexes is an advanced feature: be careful when defining your regular expression to avoid any security issues!
15:07:39.177 [main] WARN  org.pac4j.core.matching.PathMatcher - Excluding paths with regexes is an advanced feature: be careful when defining your regular expression to avoid any security issues!
15:07:39.178 [main] WARN  org.pac4j.core.matching.PathMatcher - Excluding paths with regexes is an advanced feature: be careful when defining your regular expression to avoid any security issues!
15:07:39.178 [main] WARN  org.pac4j.core.matching.PathMatcher - Excluding paths with regexes is an advanced feature: be careful when defining your regular expression to avoid any security issues!
15:07:39.179 [main] WARN  org.pac4j.core.matching.PathMatcher - Excluding paths with regexes is an advanced feature: be careful when defining your regular expression to avoid any security issues!
15:07:39.179 [main] WARN  org.pac4j.core.matching.PathMatcher - Excluding paths with regexes is an advanced feature: be careful when defining your regular expression to avoid any security issues!
15:07:39.180 [main] WARN  org.pac4j.core.matching.PathMatcher - Excluding paths with regexes is an advanced feature: be careful when defining your regular expression to avoid any security issues!
15:07:39.214 [main] ERROR o.p.c.p.converter.ColorConverter - Cannot convert zzzzzz into color
java.lang.NumberFormatException: For input string: "zz"
	at java.lang.NumberFormatException.forInputString(NumberFormatException.java:65)
	at java.lang.Integer.parseInt(Integer.java:580)
	at org.pac4j.core.profile.converter.ColorConverter.internalConvert(ColorConverter.java:28)
	at org.pac4j.core.profile.converter.ColorConverter.internalConvert(ColorConverter.java:13)
	at org.pac4j.core.profile.converter.AbstractAttributeConverter.convert(AbstractAttributeConverter.java:34)
	at org.pac4j.core.profile.converter.ColorConverterTests.testBadString(ColorConverterTests.java:41)
	at sun.reflect.NativeMethodAccessorImpl.invoke0(Native Method)
	at sun.reflect.NativeMethodAccessorImpl.invoke(NativeMethodAccessorImpl.java:62)
	at sun.reflect.DelegatingMethodAccessorImpl.invoke(DelegatingMethodAccessorImpl.java:43)
	at java.lang.reflect.Method.invoke(Method.java:498)
	at org.junit.runners.model.FrameworkMethod$1.runReflectiveCall(FrameworkMethod.java:50)
	at org.junit.internal.runners.model.ReflectiveCallable.run(ReflectiveCallable.java:12)
	at org.junit.runners.model.FrameworkMethod.invokeExplosively(FrameworkMethod.java:47)
	at org.junit.internal.runners.statements.InvokeMethod.evaluate(InvokeMethod.java:17)
	at org.junit.runners.ParentRunner.runLeaf(ParentRunner.java:325)
	at org.junit.runners.BlockJUnit4ClassRunner.runChild(BlockJUnit4ClassRunner.java:78)
	at org.junit.runners.BlockJUnit4ClassRunner.runChild(BlockJUnit4ClassRunner.java:57)
	at org.junit.runners.ParentRunner$3.run(ParentRunner.java:290)
	at org.junit.runners.ParentRunner$1.schedule(ParentRunner.java:71)
	at org.junit.runners.ParentRunner.runChildren(ParentRunner.java:288)
	at org.junit.runners.ParentRunner.access$000(ParentRunner.java:58)
	at org.junit.runners.ParentRunner$2.evaluate(ParentRunner.java:268)
	at org.junit.runners.ParentRunner.run(ParentRunner.java:363)
	at org.junit.runners.Suite.runChild(Suite.java:128)
	at org.junit.runners.Suite.runChild(Suite.java:27)
	at org.junit.runners.ParentRunner$3.run(ParentRunner.java:290)
	at org.junit.runners.ParentRunner$1.schedule(ParentRunner.java:71)
	at org.junit.runners.ParentRunner.runChildren(ParentRunner.java:288)
	at org.junit.runners.ParentRunner.access$000(ParentRunner.java:58)
	at org.junit.runners.ParentRunner$2.evaluate(ParentRunner.java:268)
	at org.junit.runners.ParentRunner.run(ParentRunner.java:363)
	at org.junit.runner.JUnitCore.run(JUnitCore.java:137)
	at org.junit.runner.JUnitCore.run(JUnitCore.java:115)
	at org.junit.runner.JUnitCore.run(JUnitCore.java:105)
	at org.junit.runner.JUnitCore.run(JUnitCore.java:94)
	at fr.inria.astor.core.validation.junit.JUnitExternalExecutor.run(JUnitExternalExecutor.java:88)
	at fr.inria.astor.core.validation.junit.JUnitNologExternalExecutor.main(JUnitNologExternalExecutor.java:37)
15:07:39.217 [main] ERROR o.p.c.p.converter.DateConverter - parse exception on 2012/01/01 with format: yyyy.MM.dd and locale: null
java.text.ParseException: Unparseable date: "2012/01/01"
	at java.text.DateFormat.parse(DateFormat.java:366)
	at org.pac4j.core.profile.converter.DateConverter.internalConvert(DateConverter.java:46)
	at org.pac4j.core.profile.converter.DateConverter.internalConvert(DateConverter.java:17)
	at org.pac4j.core.profile.converter.AbstractAttributeConverter.convert(AbstractAttributeConverter.java:34)
	at org.pac4j.core.profile.converter.DateConverterTests.testBadDate(DateConverterTests.java:45)
	at sun.reflect.NativeMethodAccessorImpl.invoke0(Native Method)
	at sun.reflect.NativeMethodAccessorImpl.invoke(NativeMethodAccessorImpl.java:62)
	at sun.reflect.DelegatingMethodAccessorImpl.invoke(DelegatingMethodAccessorImpl.java:43)
	at java.lang.reflect.Method.invoke(Method.java:498)
	at org.junit.runners.model.FrameworkMethod$1.runReflectiveCall(FrameworkMethod.java:50)
	at org.junit.internal.runners.model.ReflectiveCallable.run(ReflectiveCallable.java:12)
	at org.junit.runners.model.FrameworkMethod.invokeExplosively(FrameworkMethod.java:47)
	at org.junit.internal.runners.statements.InvokeMethod.evaluate(InvokeMethod.java:17)
	at org.junit.runners.ParentRunner.runLeaf(ParentRunner.java:325)
	at org.junit.runners.BlockJUnit4ClassRunner.runChild(BlockJUnit4ClassRunner.java:78)
	at org.junit.runners.BlockJUnit4ClassRunner.runChild(BlockJUnit4ClassRunner.java:57)
	at org.junit.runners.ParentRunner$3.run(ParentRunner.java:290)
	at org.junit.runners.ParentRunner$1.schedule(ParentRunner.java:71)
	at org.junit.runners.ParentRunner.runChildren(ParentRunner.java:288)
	at org.junit.runners.ParentRunner.access$000(ParentRunner.java:58)
	at org.junit.runners.ParentRunner$2.evaluate(ParentRunner.java:268)
	at org.junit.runners.ParentRunner.run(ParentRunner.java:363)
	at org.junit.runners.Suite.runChild(Suite.java:128)
	at org.junit.runners.Suite.runChild(Suite.java:27)
	at org.junit.runners.ParentRunner$3.run(ParentRunner.java:290)
	at org.junit.runners.ParentRunner$1.schedule(ParentRunner.java:71)
	at org.junit.runners.ParentRunner.runChildren(ParentRunner.java:288)
	at org.junit.runners.ParentRunner.access$000(ParentRunner.java:58)
	at org.junit.runners.ParentRunner$2.evaluate(ParentRunner.java:268)
	at org.junit.runners.ParentRunner.run(ParentRunner.java:363)
	at org.junit.runner.JUnitCore.run(JUnitCore.java:137)
	at org.junit.runner.JUnitCore.run(JUnitCore.java:115)
	at org.junit.runner.JUnitCore.run(JUnitCore.java:105)
	at org.junit.runner.JUnitCore.run(JUnitCore.java:94)
	at fr.inria.astor.core.validation.junit.JUnitExternalExecutor.run(JUnitExternalExecutor.java:88)
	at fr.inria.astor.core.validation.junit.JUnitNologExternalExecutor.main(JUnitNologExternalExecutor.java:37)
15:07:45.542 [main] WARN  o.p.c.util.JavaSerializationHelper - cannot Java deserialize object
java.lang.ClassNotFoundException: Wont resolve untrusted class: org.pac4j.core.profile.CommonProfile
	at org.pac4j.core.util.JavaSerializationHelper$RestrictedObjectInputStream.resolveClass(JavaSerializationHelper.java:120)
	at java.io.ObjectInputStream.readNonProxyDesc(ObjectInputStream.java:1868)
	at java.io.ObjectInputStream.readClassDesc(ObjectInputStream.java:1751)
	at java.io.ObjectInputStream.readOrdinaryObject(ObjectInputStream.java:2042)
	at java.io.ObjectInputStream.readObject0(ObjectInputStream.java:1573)
	at java.io.ObjectInputStream.readObject(ObjectInputStream.java:431)
	at org.pac4j.core.util.JavaSerializationHelper.unserializeFromBytes(JavaSerializationHelper.java:79)
	at org.pac4j.core.util.JavaSerializationHelperTests.testBytesSerializationUnsecure(JavaSerializationHelperTests.java:44)
	at sun.reflect.NativeMethodAccessorImpl.invoke0(Native Method)
	at sun.reflect.NativeMethodAccessorImpl.invoke(NativeMethodAccessorImpl.java:62)
	at sun.reflect.DelegatingMethodAccessorImpl.invoke(DelegatingMethodAccessorImpl.java:43)
	at java.lang.reflect.Method.invoke(Method.java:498)
	at org.junit.runners.model.FrameworkMethod$1.runReflectiveCall(FrameworkMethod.java:50)
	at org.junit.internal.runners.model.ReflectiveCallable.run(ReflectiveCallable.java:12)
	at org.junit.runners.model.FrameworkMethod.invokeExplosively(FrameworkMethod.java:47)
	at org.junit.internal.runners.statements.InvokeMethod.evaluate(InvokeMethod.java:17)
	at org.junit.runners.ParentRunner.runLeaf(ParentRunner.java:325)
	at org.junit.runners.BlockJUnit4ClassRunner.runChild(BlockJUnit4ClassRunner.java:78)
	at org.junit.runners.BlockJUnit4ClassRunner.runChild(BlockJUnit4ClassRunner.java:57)
	at org.junit.runners.ParentRunner$3.run(ParentRunner.java:290)
	at org.junit.runners.ParentRunner$1.schedule(ParentRunner.java:71)
	at org.junit.runners.ParentRunner.runChildren(ParentRunner.java:288)
	at org.junit.runners.ParentRunner.access$000(ParentRunner.java:58)
	at org.junit.runners.ParentRunner$2.evaluate(ParentRunner.java:268)
	at org.junit.runners.ParentRunner.run(ParentRunner.java:363)
	at org.junit.runners.Suite.runChild(Suite.java:128)
	at org.junit.runners.Suite.runChild(Suite.java:27)
	at org.junit.runners.ParentRunner$3.run(ParentRunner.java:290)
	at org.junit.runners.ParentRunner$1.schedule(ParentRunner.java:71)
	at org.junit.runners.ParentRunner.runChildren(ParentRunner.java:288)
	at org.junit.runners.ParentRunner.access$000(ParentRunner.java:58)
	at org.junit.runners.ParentRunner$2.evaluate(ParentRunner.java:268)
	at org.junit.runners.ParentRunner.run(ParentRunner.java:363)
	at org.junit.runner.JUnitCore.run(JUnitCore.java:137)
	at org.junit.runner.JUnitCore.run(JUnitCore.java:115)
	at org.junit.runner.JUnitCore.run(JUnitCore.java:105)
	at org.junit.runner.JUnitCore.run(JUnitCore.java:94)
	at fr.inria.astor.core.validation.junit.JUnitExternalExecutor.run(JUnitExternalExecutor.java:88)
	at fr.inria.astor.core.validation.junit.JUnitNologExternalExecutor.main(JUnitNologExternalExecutor.java:37)
15:07:49.200 [main] INFO  o.p.core.client.MockIndirectClient - AJAX request detected -> returning 401
15:07:49.939 [main] WARN  org.pac4j.core.matching.PathMatcher - Excluding paths with regexes is an advanced feature: be careful when defining your regular expression to avoid any security issues!
15:07:49.939 [main] WARN  org.pac4j.core.matching.PathMatcher - Excluding paths with regexes is an advanced feature: be careful when defining your regular expression to avoid any security issues!
15:07:49.939 [main] WARN  org.pac4j.core.matching.PathMatcher - Excluding paths with regexes is an advanced feature: be careful when defining your regular expression to avoid any security issues!
15:07:49.940 [main] WARN  org.pac4j.core.matching.PathMatcher - Excluding paths with regexes is an advanced feature: be careful when defining your regular expression to avoid any security issues!
15:07:49.940 [main] WARN  org.pac4j.core.matching.PathMatcher - Excluding paths with regexes is an advanced feature: be careful when defining your regular expression to avoid any security issues!
15:07:49.941 [main] WARN  org.pac4j.core.matching.PathMatcher - Excluding paths with regexes is an advanced feature: be careful when defining your regular expression to avoid any security issues!
15:07:49.941 [main] WARN  org.pac4j.core.matching.PathMatcher - Excluding paths with regexes is an advanced feature: be careful when defining your regular expression to avoid any security issues!
15:07:49.977 [main] ERROR o.p.c.p.converter.ColorConverter - Cannot convert zzzzzz into color
java.lang.NumberFormatException: For input string: "zz"
	at java.lang.NumberFormatException.forInputString(NumberFormatException.java:65)
	at java.lang.Integer.parseInt(Integer.java:580)
	at org.pac4j.core.profile.converter.ColorConverter.internalConvert(ColorConverter.java:28)
	at org.pac4j.core.profile.converter.ColorConverter.internalConvert(ColorConverter.java:13)
	at org.pac4j.core.profile.converter.AbstractAttributeConverter.convert(AbstractAttributeConverter.java:25)
	at org.pac4j.core.profile.converter.ColorConverterTests.testBadString(ColorConverterTests.java:41)
	at sun.reflect.NativeMethodAccessorImpl.invoke0(Native Method)
	at sun.reflect.NativeMethodAccessorImpl.invoke(NativeMethodAccessorImpl.java:62)
	at sun.reflect.DelegatingMethodAccessorImpl.invoke(DelegatingMethodAccessorImpl.java:43)
	at java.lang.reflect.Method.invoke(Method.java:498)
	at org.junit.runners.model.FrameworkMethod$1.runReflectiveCall(FrameworkMethod.java:50)
	at org.junit.internal.runners.model.ReflectiveCallable.run(ReflectiveCallable.java:12)
	at org.junit.runners.model.FrameworkMethod.invokeExplosively(FrameworkMethod.java:47)
	at org.junit.internal.runners.statements.InvokeMethod.evaluate(InvokeMethod.java:17)
	at org.junit.runners.ParentRunner.runLeaf(ParentRunner.java:325)
	at org.junit.runners.BlockJUnit4ClassRunner.runChild(BlockJUnit4ClassRunner.java:78)
	at org.junit.runners.BlockJUnit4ClassRunner.runChild(BlockJUnit4ClassRunner.java:57)
	at org.junit.runners.ParentRunner$3.run(ParentRunner.java:290)
	at org.junit.runners.ParentRunner$1.schedule(ParentRunner.java:71)
	at org.junit.runners.ParentRunner.runChildren(ParentRunner.java:288)
	at org.junit.runners.ParentRunner.access$000(ParentRunner.java:58)
	at org.junit.runners.ParentRunner$2.evaluate(ParentRunner.java:268)
	at org.junit.runners.ParentRunner.run(ParentRunner.java:363)
	at org.junit.runners.Suite.runChild(Suite.java:128)
	at org.junit.runners.Suite.runChild(Suite.java:27)
	at org.junit.runners.ParentRunner$3.run(ParentRunner.java:290)
	at org.junit.runners.ParentRunner$1.schedule(ParentRunner.java:71)
	at org.junit.runners.ParentRunner.runChildren(ParentRunner.java:288)
	at org.junit.runners.ParentRunner.access$000(ParentRunner.java:58)
	at org.junit.runners.ParentRunner$2.evaluate(ParentRunner.java:268)
	at org.junit.runners.ParentRunner.run(ParentRunner.java:363)
	at org.junit.runner.JUnitCore.run(JUnitCore.java:137)
	at org.junit.runner.JUnitCore.run(JUnitCore.java:115)
	at org.junit.runner.JUnitCore.run(JUnitCore.java:105)
	at org.junit.runner.JUnitCore.run(JUnitCore.java:94)
	at fr.inria.astor.core.validation.junit.JUnitExternalExecutor.run(JUnitExternalExecutor.java:88)
	at fr.inria.astor.core.validation.junit.JUnitNologExternalExecutor.main(JUnitNologExternalExecutor.java:37)
15:07:49.978 [main] ERROR o.p.c.p.converter.DateConverter - parse exception on 2012/01/01 with format: yyyy.MM.dd and locale: null
java.text.ParseException: Unparseable date: "2012/01/01"
	at java.text.DateFormat.parse(DateFormat.java:366)
	at org.pac4j.core.profile.converter.DateConverter.internalConvert(DateConverter.java:46)
	at org.pac4j.core.profile.converter.DateConverter.internalConvert(DateConverter.java:17)
	at org.pac4j.core.profile.converter.AbstractAttributeConverter.convert(AbstractAttributeConverter.java:25)
	at org.pac4j.core.profile.converter.DateConverterTests.testBadDate(DateConverterTests.java:45)
	at sun.reflect.NativeMethodAccessorImpl.invoke0(Native Method)
	at sun.reflect.NativeMethodAccessorImpl.invoke(NativeMethodAccessorImpl.java:62)
	at sun.reflect.DelegatingMethodAccessorImpl.invoke(DelegatingMethodAccessorImpl.java:43)
	at java.lang.reflect.Method.invoke(Method.java:498)
	at org.junit.runners.model.FrameworkMethod$1.runReflectiveCall(FrameworkMethod.java:50)
	at org.junit.internal.runners.model.ReflectiveCallable.run(ReflectiveCallable.java:12)
	at org.junit.runners.model.FrameworkMethod.invokeExplosively(FrameworkMethod.java:47)
	at org.junit.internal.runners.statements.InvokeMethod.evaluate(InvokeMethod.java:17)
	at org.junit.runners.ParentRunner.runLeaf(ParentRunner.java:325)
	at org.junit.runners.BlockJUnit4ClassRunner.runChild(BlockJUnit4ClassRunner.java:78)
	at org.junit.runners.BlockJUnit4ClassRunner.runChild(BlockJUnit4ClassRunner.java:57)
	at org.junit.runners.ParentRunner$3.run(ParentRunner.java:290)
	at org.junit.runners.ParentRunner$1.schedule(ParentRunner.java:71)
	at org.junit.runners.ParentRunner.runChildren(ParentRunner.java:288)
	at org.junit.runners.ParentRunner.access$000(ParentRunner.java:58)
	at org.junit.runners.ParentRunner$2.evaluate(ParentRunner.java:268)
	at org.junit.runners.ParentRunner.run(ParentRunner.java:363)
	at org.junit.runners.Suite.runChild(Suite.java:128)
	at org.junit.runners.Suite.runChild(Suite.java:27)
	at org.junit.runners.ParentRunner$3.run(ParentRunner.java:290)
	at org.junit.runners.ParentRunner$1.schedule(ParentRunner.java:71)
	at org.junit.runners.ParentRunner.runChildren(ParentRunner.java:288)
	at org.junit.runners.ParentRunner.access$000(ParentRunner.java:58)
	at org.junit.runners.ParentRunner$2.evaluate(ParentRunner.java:268)
	at org.junit.runners.ParentRunner.run(ParentRunner.java:363)
	at org.junit.runner.JUnitCore.run(JUnitCore.java:137)
	at org.junit.runner.JUnitCore.run(JUnitCore.java:115)
	at org.junit.runner.JUnitCore.run(JUnitCore.java:105)
	at org.junit.runner.JUnitCore.run(JUnitCore.java:94)
	at fr.inria.astor.core.validation.junit.JUnitExternalExecutor.run(JUnitExternalExecutor.java:88)
	at fr.inria.astor.core.validation.junit.JUnitNologExternalExecutor.main(JUnitNologExternalExecutor.java:37)
15:07:56.316 [main] WARN  o.p.c.util.JavaSerializationHelper - cannot Java deserialize object
java.lang.ClassNotFoundException: Wont resolve untrusted class: org.pac4j.core.profile.CommonProfile
	at org.pac4j.core.util.JavaSerializationHelper$RestrictedObjectInputStream.resolveClass(JavaSerializationHelper.java:120)
	at java.io.ObjectInputStream.readNonProxyDesc(ObjectInputStream.java:1868)
	at java.io.ObjectInputStream.readClassDesc(ObjectInputStream.java:1751)
	at java.io.ObjectInputStream.readOrdinaryObject(ObjectInputStream.java:2042)
	at java.io.ObjectInputStream.readObject0(ObjectInputStream.java:1573)
	at java.io.ObjectInputStream.readObject(ObjectInputStream.java:431)
	at org.pac4j.core.util.JavaSerializationHelper.unserializeFromBytes(JavaSerializationHelper.java:79)
	at org.pac4j.core.util.JavaSerializationHelperTests.testBytesSerializationUnsecure(JavaSerializationHelperTests.java:44)
	at sun.reflect.NativeMethodAccessorImpl.invoke0(Native Method)
	at sun.reflect.NativeMethodAccessorImpl.invoke(NativeMethodAccessorImpl.java:62)
	at sun.reflect.DelegatingMethodAccessorImpl.invoke(DelegatingMethodAccessorImpl.java:43)
	at java.lang.reflect.Method.invoke(Method.java:498)
	at org.junit.runners.model.FrameworkMethod$1.runReflectiveCall(FrameworkMethod.java:50)
	at org.junit.internal.runners.model.ReflectiveCallable.run(ReflectiveCallable.java:12)
	at org.junit.runners.model.FrameworkMethod.invokeExplosively(FrameworkMethod.java:47)
	at org.junit.internal.runners.statements.InvokeMethod.evaluate(InvokeMethod.java:17)
	at org.junit.runners.ParentRunner.runLeaf(ParentRunner.java:325)
	at org.junit.runners.BlockJUnit4ClassRunner.runChild(BlockJUnit4ClassRunner.java:78)
	at org.junit.runners.BlockJUnit4ClassRunner.runChild(BlockJUnit4ClassRunner.java:57)
	at org.junit.runners.ParentRunner$3.run(ParentRunner.java:290)
	at org.junit.runners.ParentRunner$1.schedule(ParentRunner.java:71)
	at org.junit.runners.ParentRunner.runChildren(ParentRunner.java:288)
	at org.junit.runners.ParentRunner.access$000(ParentRunner.java:58)
	at org.junit.runners.ParentRunner$2.evaluate(ParentRunner.java:268)
	at org.junit.runners.ParentRunner.run(ParentRunner.java:363)
	at org.junit.runners.Suite.runChild(Suite.java:128)
	at org.junit.runners.Suite.runChild(Suite.java:27)
	at org.junit.runners.ParentRunner$3.run(ParentRunner.java:290)
	at org.junit.runners.ParentRunner$1.schedule(ParentRunner.java:71)
	at org.junit.runners.ParentRunner.runChildren(ParentRunner.java:288)
	at org.junit.runners.ParentRunner.access$000(ParentRunner.java:58)
	at org.junit.runners.ParentRunner$2.evaluate(ParentRunner.java:268)
	at org.junit.runners.ParentRunner.run(ParentRunner.java:363)
	at org.junit.runner.JUnitCore.run(JUnitCore.java:137)
	at org.junit.runner.JUnitCore.run(JUnitCore.java:115)
	at org.junit.runner.JUnitCore.run(JUnitCore.java:105)
	at org.junit.runner.JUnitCore.run(JUnitCore.java:94)
	at fr.inria.astor.core.validation.junit.JUnitExternalExecutor.run(JUnitExternalExecutor.java:88)
	at fr.inria.astor.core.validation.junit.JUnitNologExternalExecutor.main(JUnitNologExternalExecutor.java:37)
15:07:59.999 [main] INFO  o.p.core.client.MockIndirectClient - AJAX request detected -> returning 401
15:08:00.747 [main] WARN  org.pac4j.core.matching.PathMatcher - Excluding paths with regexes is an advanced feature: be careful when defining your regular expression to avoid any security issues!
15:08:00.748 [main] WARN  org.pac4j.core.matching.PathMatcher - Excluding paths with regexes is an advanced feature: be careful when defining your regular expression to avoid any security issues!
15:08:00.748 [main] WARN  org.pac4j.core.matching.PathMatcher - Excluding paths with regexes is an advanced feature: be careful when defining your regular expression to avoid any security issues!
15:08:00.750 [main] WARN  org.pac4j.core.matching.PathMatcher - Excluding paths with regexes is an advanced feature: be careful when defining your regular expression to avoid any security issues!
15:08:00.751 [main] WARN  org.pac4j.core.matching.PathMatcher - Excluding paths with regexes is an advanced feature: be careful when defining your regular expression to avoid any security issues!
15:08:00.752 [main] WARN  org.pac4j.core.matching.PathMatcher - Excluding paths with regexes is an advanced feature: be careful when defining your regular expression to avoid any security issues!
15:08:00.752 [main] WARN  org.pac4j.core.matching.PathMatcher - Excluding paths with regexes is an advanced feature: be careful when defining your regular expression to avoid any security issues!
15:08:00.787 [main] ERROR o.p.c.p.converter.ColorConverter - Cannot convert zzzzzz into color
java.lang.NumberFormatException: For input string: "zz"
	at java.lang.NumberFormatException.forInputString(NumberFormatException.java:65)
	at java.lang.Integer.parseInt(Integer.java:580)
	at org.pac4j.core.profile.converter.ColorConverter.internalConvert(ColorConverter.java:28)
	at org.pac4j.core.profile.converter.ColorConverter.internalConvert(ColorConverter.java:13)
	at org.pac4j.core.profile.converter.AbstractAttributeConverter.convert(AbstractAttributeConverter.java:25)
	at org.pac4j.core.profile.converter.ColorConverterTests.testBadString(ColorConverterTests.java:41)
	at sun.reflect.NativeMethodAccessorImpl.invoke0(Native Method)
	at sun.reflect.NativeMethodAccessorImpl.invoke(NativeMethodAccessorImpl.java:62)
	at sun.reflect.DelegatingMethodAccessorImpl.invoke(DelegatingMethodAccessorImpl.java:43)
	at java.lang.reflect.Method.invoke(Method.java:498)
	at org.junit.runners.model.FrameworkMethod$1.runReflectiveCall(FrameworkMethod.java:50)
	at org.junit.internal.runners.model.ReflectiveCallable.run(ReflectiveCallable.java:12)
	at org.junit.runners.model.FrameworkMethod.invokeExplosively(FrameworkMethod.java:47)
	at org.junit.internal.runners.statements.InvokeMethod.evaluate(InvokeMethod.java:17)
	at org.junit.runners.ParentRunner.runLeaf(ParentRunner.java:325)
	at org.junit.runners.BlockJUnit4ClassRunner.runChild(BlockJUnit4ClassRunner.java:78)
	at org.junit.runners.BlockJUnit4ClassRunner.runChild(BlockJUnit4ClassRunner.java:57)
	at org.junit.runners.ParentRunner$3.run(ParentRunner.java:290)
	at org.junit.runners.ParentRunner$1.schedule(ParentRunner.java:71)
	at org.junit.runners.ParentRunner.runChildren(ParentRunner.java:288)
	at org.junit.runners.ParentRunner.access$000(ParentRunner.java:58)
	at org.junit.runners.ParentRunner$2.evaluate(ParentRunner.java:268)
	at org.junit.runners.ParentRunner.run(ParentRunner.java:363)
	at org.junit.runners.Suite.runChild(Suite.java:128)
	at org.junit.runners.Suite.runChild(Suite.java:27)
	at org.junit.runners.ParentRunner$3.run(ParentRunner.java:290)
	at org.junit.runners.ParentRunner$1.schedule(ParentRunner.java:71)
	at org.junit.runners.ParentRunner.runChildren(ParentRunner.java:288)
	at org.junit.runners.ParentRunner.access$000(ParentRunner.java:58)
	at org.junit.runners.ParentRunner$2.evaluate(ParentRunner.java:268)
	at org.junit.runners.ParentRunner.run(ParentRunner.java:363)
	at org.junit.runner.JUnitCore.run(JUnitCore.java:137)
	at org.junit.runner.JUnitCore.run(JUnitCore.java:115)
	at org.junit.runner.JUnitCore.run(JUnitCore.java:105)
	at org.junit.runner.JUnitCore.run(JUnitCore.java:94)
	at fr.inria.astor.core.validation.junit.JUnitExternalExecutor.run(JUnitExternalExecutor.java:88)
	at fr.inria.astor.core.validation.junit.JUnitNologExternalExecutor.main(JUnitNologExternalExecutor.java:37)
15:08:00.792 [main] ERROR o.p.c.p.converter.DateConverter - parse exception on 2012/01/01 with format: yyyy.MM.dd and locale: null
java.text.ParseException: Unparseable date: "2012/01/01"
	at java.text.DateFormat.parse(DateFormat.java:366)
	at org.pac4j.core.profile.converter.DateConverter.internalConvert(DateConverter.java:46)
	at org.pac4j.core.profile.converter.DateConverter.internalConvert(DateConverter.java:17)
	at org.pac4j.core.profile.converter.AbstractAttributeConverter.convert(AbstractAttributeConverter.java:25)
	at org.pac4j.core.profile.converter.DateConverterTests.testBadDate(DateConverterTests.java:45)
	at sun.reflect.NativeMethodAccessorImpl.invoke0(Native Method)
	at sun.reflect.NativeMethodAccessorImpl.invoke(NativeMethodAccessorImpl.java:62)
	at sun.reflect.DelegatingMethodAccessorImpl.invoke(DelegatingMethodAccessorImpl.java:43)
	at java.lang.reflect.Method.invoke(Method.java:498)
	at org.junit.runners.model.FrameworkMethod$1.runReflectiveCall(FrameworkMethod.java:50)
	at org.junit.internal.runners.model.ReflectiveCallable.run(ReflectiveCallable.java:12)
	at org.junit.runners.model.FrameworkMethod.invokeExplosively(FrameworkMethod.java:47)
	at org.junit.internal.runners.statements.InvokeMethod.evaluate(InvokeMethod.java:17)
	at org.junit.runners.ParentRunner.runLeaf(ParentRunner.java:325)
	at org.junit.runners.BlockJUnit4ClassRunner.runChild(BlockJUnit4ClassRunner.java:78)
	at org.junit.runners.BlockJUnit4ClassRunner.runChild(BlockJUnit4ClassRunner.java:57)
	at org.junit.runners.ParentRunner$3.run(ParentRunner.java:290)
	at org.junit.runners.ParentRunner$1.schedule(ParentRunner.java:71)
	at org.junit.runners.ParentRunner.runChildren(ParentRunner.java:288)
	at org.junit.runners.ParentRunner.access$000(ParentRunner.java:58)
	at org.junit.runners.ParentRunner$2.evaluate(ParentRunner.java:268)
	at org.junit.runners.ParentRunner.run(ParentRunner.java:363)
	at org.junit.runners.Suite.runChild(Suite.java:128)
	at org.junit.runners.Suite.runChild(Suite.java:27)
	at org.junit.runners.ParentRunner$3.run(ParentRunner.java:290)
	at org.junit.runners.ParentRunner$1.schedule(ParentRunner.java:71)
	at org.junit.runners.ParentRunner.runChildren(ParentRunner.java:288)
	at org.junit.runners.ParentRunner.access$000(ParentRunner.java:58)
	at org.junit.runners.ParentRunner$2.evaluate(ParentRunner.java:268)
	at org.junit.runners.ParentRunner.run(ParentRunner.java:363)
	at org.junit.runner.JUnitCore.run(JUnitCore.java:137)
	at org.junit.runner.JUnitCore.run(JUnitCore.java:115)
	at org.junit.runner.JUnitCore.run(JUnitCore.java:105)
	at org.junit.runner.JUnitCore.run(JUnitCore.java:94)
	at fr.inria.astor.core.validation.junit.JUnitExternalExecutor.run(JUnitExternalExecutor.java:88)
	at fr.inria.astor.core.validation.junit.JUnitNologExternalExecutor.main(JUnitNologExternalExecutor.java:37)
15:08:07.074 [main] WARN  o.p.c.util.JavaSerializationHelper - cannot Java deserialize object
java.lang.ClassNotFoundException: Wont resolve untrusted class: org.pac4j.core.profile.CommonProfile
	at org.pac4j.core.util.JavaSerializationHelper$RestrictedObjectInputStream.resolveClass(JavaSerializationHelper.java:120)
	at java.io.ObjectInputStream.readNonProxyDesc(ObjectInputStream.java:1868)
	at java.io.ObjectInputStream.readClassDesc(ObjectInputStream.java:1751)
	at java.io.ObjectInputStream.readOrdinaryObject(ObjectInputStream.java:2042)
	at java.io.ObjectInputStream.readObject0(ObjectInputStream.java:1573)
	at java.io.ObjectInputStream.readObject(ObjectInputStream.java:431)
	at org.pac4j.core.util.JavaSerializationHelper.unserializeFromBytes(JavaSerializationHelper.java:79)
	at org.pac4j.core.util.JavaSerializationHelperTests.testBytesSerializationUnsecure(JavaSerializationHelperTests.java:44)
	at sun.reflect.NativeMethodAccessorImpl.invoke0(Native Method)
	at sun.reflect.NativeMethodAccessorImpl.invoke(NativeMethodAccessorImpl.java:62)
	at sun.reflect.DelegatingMethodAccessorImpl.invoke(DelegatingMethodAccessorImpl.java:43)
	at java.lang.reflect.Method.invoke(Method.java:498)
	at org.junit.runners.model.FrameworkMethod$1.runReflectiveCall(FrameworkMethod.java:50)
	at org.junit.internal.runners.model.ReflectiveCallable.run(ReflectiveCallable.java:12)
	at org.junit.runners.model.FrameworkMethod.invokeExplosively(FrameworkMethod.java:47)
	at org.junit.internal.runners.statements.InvokeMethod.evaluate(InvokeMethod.java:17)
	at org.junit.runners.ParentRunner.runLeaf(ParentRunner.java:325)
	at org.junit.runners.BlockJUnit4ClassRunner.runChild(BlockJUnit4ClassRunner.java:78)
	at org.junit.runners.BlockJUnit4ClassRunner.runChild(BlockJUnit4ClassRunner.java:57)
	at org.junit.runners.ParentRunner$3.run(ParentRunner.java:290)
	at org.junit.runners.ParentRunner$1.schedule(ParentRunner.java:71)
	at org.junit.runners.ParentRunner.runChildren(ParentRunner.java:288)
	at org.junit.runners.ParentRunner.access$000(ParentRunner.java:58)
	at org.junit.runners.ParentRunner$2.evaluate(ParentRunner.java:268)
	at org.junit.runners.ParentRunner.run(ParentRunner.java:363)
	at org.junit.runners.Suite.runChild(Suite.java:128)
	at org.junit.runners.Suite.runChild(Suite.java:27)
	at org.junit.runners.ParentRunner$3.run(ParentRunner.java:290)
	at org.junit.runners.ParentRunner$1.schedule(ParentRunner.java:71)
	at org.junit.runners.ParentRunner.runChildren(ParentRunner.java:288)
	at org.junit.runners.ParentRunner.access$000(ParentRunner.java:58)
	at org.junit.runners.ParentRunner$2.evaluate(ParentRunner.java:268)
	at org.junit.runners.ParentRunner.run(ParentRunner.java:363)
	at org.junit.runner.JUnitCore.run(JUnitCore.java:137)
	at org.junit.runner.JUnitCore.run(JUnitCore.java:115)
	at org.junit.runner.JUnitCore.run(JUnitCore.java:105)
	at org.junit.runner.JUnitCore.run(JUnitCore.java:94)
	at fr.inria.astor.core.validation.junit.JUnitExternalExecutor.run(JUnitExternalExecutor.java:88)
	at fr.inria.astor.core.validation.junit.JUnitNologExternalExecutor.main(JUnitNologExternalExecutor.java:37)
